[ 2016-09-20T00:01:19+08:00 ] ::1 /thinkcms/admin.php/Resource/css/bootstrap.min.css
ERR: 无法加载控制器:Resource

[ 2016-09-20T00:01:19+08:00 ] ::1 /thinkcms/admin.php/Resource/js/jquery-2.1.4.min.js
ERR: 无法加载控制器:Resource

[ 2016-09-20T00:01:19+08:00 ] ::1 /thinkcms/admin.php/Resource/js/bootstrap-3.3.0.min.js
ERR: 无法加载控制器:Resource

[ 2016-09-20T00:02:00+08:00 ] ::1 /thinkcms/admin.php/Resource/css/bootstrap.min.css
ERR: 无法加载控制器:Resource

[ 2016-09-20T00:02:00+08:00 ] ::1 /thinkcms/admin.php/Resource/js/jquery-2.1.4.min.js
ERR: 无法加载控制器:Resource

[ 2016-09-20T00:02:00+08:00 ] ::1 /thinkcms/admin.php/Resource/js/bootstrap-3.3.0.min.js
ERR: 无法加载控制器:Resource

[ 2016-09-20T00:03:19+08:00 ] ::1 /thinkcms/admin.php/Resource/css/bootstrap.min.css
ERR: 无法加载控制器:Resource

[ 2016-09-20T00:03:19+08:00 ] ::1 /thinkcms/admin.php/Resource/js/jquery-2.1.4.min.js
ERR: 无法加载控制器:Resource

[ 2016-09-20T00:03:19+08:00 ] ::1 /thinkcms/admin.php/Resource/js/bootstrap-3.3.0.min.js
ERR: 无法加载控制器:Resource

[ 2016-09-20T00:06:04+08:00 ] ::1 /thinkcms/admin.php/Resource/css/bootstrap.min.css
ERR: 无法加载控制器:Resource

[ 2016-09-20T00:06:04+08:00 ] ::1 /thinkcms/admin.php/Resource/js/jquery-2.1.4.min.js
ERR: 无法加载控制器:Resource

[ 2016-09-20T00:06:04+08:00 ] ::1 /thinkcms/admin.php/Resource/js/bootstrap-3.3.0.min.js
ERR: 无法加载控制器:Resource

[ 2016-09-20T00:06:30+08:00 ] ::1 /thinkcms/admin.php/Resource/css/bootstrap.min.css
ERR: 无法加载控制器:Resource

[ 2016-09-20T00:06:30+08:00 ] ::1 /thinkcms/admin.php/Resource/js/jquery-2.1.4.min.js
ERR: 无法加载控制器:Resource

[ 2016-09-20T00:06:30+08:00 ] ::1 /thinkcms/admin.php/Resource/js/bootstrap-3.3.0.min.js
ERR: 无法加载控制器:Resource

[ 2016-09-20T00:07:12+08:00 ] ::1 /thinkcms/admin.php/login/%7B/thinkcms/Application/Admin/View/Resource/css/bootstrap.min.css
ERR: 非法操作:{

[ 2016-09-20T00:07:12+08:00 ] ::1 /thinkcms/admin.php/Resource/js/jquery-2.1.4.min.js
ERR: 无法加载控制器:Resource

[ 2016-09-20T00:07:12+08:00 ] ::1 /thinkcms/admin.php/Resource/js/bootstrap-3.3.0.min.js
ERR: 无法加载控制器:Resource

[ 2016-09-20T00:07:47+08:00 ] ::1 /thinkcms/admin.php/login/thinkcms/Application/Admin/View/Resource/css/bootstrap.min.css
ERR: 非法操作:thinkcms

[ 2016-09-20T00:07:47+08:00 ] ::1 /thinkcms/admin.php/Resource/js/jquery-2.1.4.min.js
ERR: 无法加载控制器:Resource

[ 2016-09-20T00:07:47+08:00 ] ::1 /thinkcms/admin.php/Resource/js/bootstrap-3.3.0.min.js
ERR: 无法加载控制器:Resource

[ 2016-09-20T00:07:50+08:00 ] ::1 /thinkcms/admin.php/login/thinkcms/Application/Admin/View/Resource/css/bootstrap.min.css
ERR: 非法操作:thinkcms

[ 2016-09-20T00:07:50+08:00 ] ::1 /thinkcms/admin.php/Resource/js/jquery-2.1.4.min.js
ERR: 无法加载控制器:Resource

[ 2016-09-20T00:07:50+08:00 ] ::1 /thinkcms/admin.php/Resource/js/bootstrap-3.3.0.min.js
ERR: 无法加载控制器:Resource

[ 2016-09-20T00:07:57+08:00 ] ::1 /thinkcms/admin.php/Resource/js/jquery-2.1.4.min.js
ERR: 无法加载控制器:Resource

[ 2016-09-20T00:07:57+08:00 ] ::1 /thinkcms/admin.php/Resource/js/bootstrap-3.3.0.min.js
ERR: 无法加载控制器:Resource

[ 2016-09-20T00:08:22+08:00 ] ::1 /thinkcms/admin.php/Resource/js/bootstrap-3.3.0.min.js
ERR: 无法加载控制器:Resource

[ 2016-09-20T00:08:22+08:00 ] ::1 /thinkcms/admin.php/Resource/js/jquery-2.1.4.min.js
ERR: 无法加载控制器:Resource

[ 2016-09-20T00:08:23+08:00 ] ::1 /thinkcms/admin.php/Resource/js/jquery-2.1.4.min.js
ERR: 无法加载控制器:Resource

[ 2016-09-20T00:08:23+08:00 ] ::1 /thinkcms/admin.php/Resource/js/bootstrap-3.3.0.min.js
ERR: 无法加载控制器:Resource

[ 2016-09-20T00:08:23+08:00 ] ::1 /thinkcms/admin.php/Resource/js/bootstrap-3.3.0.min.js
ERR: 无法加载控制器:Resource

[ 2016-09-20T00:08:23+08:00 ] ::1 /thinkcms/admin.php/Resource/js/jquery-2.1.4.min.js
ERR: 无法加载控制器:Resource

[ 2016-09-20T00:08:24+08:00 ] ::1 /thinkcms/admin.php/Resource/js/bootstrap-3.3.0.min.js
ERR: 无法加载控制器:Resource

[ 2016-09-20T00:08:24+08:00 ] ::1 /thinkcms/admin.php/Resource/js/jquery-2.1.4.min.js
ERR: 无法加载控制器:Resource

[ 2016-09-20T00:08:26+08:00 ] ::1 /thinkcms/admin.php/Resource/js/jquery-2.1.4.min.js
ERR: 无法加载控制器:Resource

[ 2016-09-20T00:08:26+08:00 ] ::1 /thinkcms/admin.php/Resource/js/bootstrap-3.3.0.min.js
ERR: 无法加载控制器:Resource

[ 2016-09-20T00:09:06+08:00 ] ::1 /thinkcms/admin.php/Resource/js/jquery-2.1.4.min.js
ERR: 无法加载控制器:Resource

[ 2016-09-20T00:09:06+08:00 ] ::1 /thinkcms/admin.php/Resource/js/bootstrap-3.3.0.min.js
ERR: 无法加载控制器:Resource

[ 2016-09-20T00:09:15+08:00 ] ::1 /thinkcms/admin.php/Resource/js/jquery-2.1.4.min.js
ERR: 无法加载控制器:Resource

[ 2016-09-20T00:09:15+08:00 ] ::1 /thinkcms/admin.php/Resource/js/bootstrap-3.3.0.min.js
ERR: 无法加载控制器:Resource

[ 2016-09-20T00:10:16+08:00 ] ::1 /thinkcms/admin.php/Resource/js/jquery-2.1.4.min.js
ERR: 无法加载控制器:Resource

[ 2016-09-20T00:10:16+08:00 ] ::1 /thinkcms/admin.php/Resource/js/bootstrap-3.3.0.min.js
ERR: 无法加载控制器:Resource

[ 2016-09-20T00:10:27+08:00 ] ::1 /thinkcms/admin.php/Resource/js/jquery-2.1.4.min.js
ERR: 无法加载控制器:Resource

[ 2016-09-20T00:10:27+08:00 ] ::1 /thinkcms/admin.php/Resource/js/bootstrap-3.3.0.min.js
ERR: 无法加载控制器:Resource

[ 2016-09-20T00:10:53+08:00 ] ::1 /thinkcms/admin.php/login/Application/Admin/View/Resource/css/bootstrap-3.3.0.min.css
ERR: 非法操作:Application

[ 2016-09-20T00:10:53+08:00 ] ::1 /thinkcms/admin.php/Resource/js/jquery-2.1.4.min.js
ERR: 无法加载控制器:Resource

[ 2016-09-20T00:10:53+08:00 ] ::1 /thinkcms/admin.php/Resource/js/bootstrap-3.3.0.min.js
ERR: 无法加载控制器:Resource

[ 2016-09-20T00:11:13+08:00 ] ::1 /thinkcms/admin.php/Resource/js/jquery-2.1.4.min.js
ERR: 无法加载控制器:Resource

[ 2016-09-20T00:11:13+08:00 ] ::1 /thinkcms/admin.php/Resource/js/bootstrap-3.3.0.min.js
ERR: 无法加载控制器:Resource

