[ 2016-11-19T15:26:39+08:00 ] ::1 /thinkcms/admin.php/Login/checkVerfy
INFO: [ app_begin ] --START--
INFO: Run Behavior\ReadHtmlCacheBehavior [ RunTime:0.001000s ]
INFO: [ app_begin ] --END-- [ RunTime:0.002000s ]
SQL: SHOW COLUMNS FROM `think_user` [ RunTime:0.3870s ]

[ 2016-11-19T15:26:39+08:00 ] ::1 /thinkcms/admin.php/Login/checkVerfy
INFO: [ app_begin ] --START--
INFO: Run Behavior\ReadHtmlCacheBehavior [ RunTime:0.001000s ]
INFO: [ app_begin ] --END-- [ RunTime:0.002000s ]
SQL: SHOW COLUMNS FROM `think_user` [ RunTime:0.0030s ]

[ 2016-11-19T15:26:40+08:00 ] ::1 /thinkcms/admin.php/Login/checkVerfy
INFO: [ app_begin ] --START--
INFO: Run Behavior\ReadHtmlCacheBehavior [ RunTime:0.001000s ]
INFO: [ app_begin ] --END-- [ RunTime:0.002000s ]
SQL: SHOW COLUMNS FROM `think_user` [ RunTime:0.0250s ]

[ 2016-11-19T15:26:41+08:00 ] ::1 /thinkcms/admin.php/Login/checkVerfy
INFO: [ app_begin ] --START--
INFO: Run Behavior\ReadHtmlCacheBehavior [ RunTime:0.001000s ]
INFO: [ app_begin ] --END-- [ RunTime:0.001000s ]
SQL: SHOW COLUMNS FROM `think_user` [ RunTime:0.0280s ]

[ 2016-11-19T15:26:43+08:00 ] ::1 /thinkcms/admin.php/Login/userLogin
INFO: [ app_begin ] --START--
INFO: Run Behavior\ReadHtmlCacheBehavior [ RunTime:0.001000s ]
INFO: [ app_begin ] --END-- [ RunTime:0.002000s ]
SQL: SHOW COLUMNS FROM `think_user` [ RunTime:0.0670s ]
SQL: SELECT * FROM `think_user` WHERE `username` = 'admin'  [ RunTime:0.0820s ]

[ 2016-11-19T16:49:41+08:00 ] ::1 /thinkcms/admin.php/Login/checkVerfy
INFO: [ app_begin ] --START--
INFO: Run Behavior\ReadHtmlCacheBehavior [ RunTime:0.001000s ]
INFO: [ app_begin ] --END-- [ RunTime:0.003001s ]
SQL: SHOW COLUMNS FROM `think_user` [ RunTime:0.1670s ]

[ 2016-11-19T16:49:42+08:00 ] ::1 /thinkcms/admin.php/Login/checkVerfy
INFO: [ app_begin ] --START--
INFO: Run Behavior\ReadHtmlCacheBehavior [ RunTime:0.001000s ]
INFO: [ app_begin ] --END-- [ RunTime:0.001000s ]
SQL: SHOW COLUMNS FROM `think_user` [ RunTime:0.0030s ]

[ 2016-11-19T16:49:43+08:00 ] ::1 /thinkcms/admin.php/Login/checkVerfy
INFO: [ app_begin ] --START--
INFO: Run Behavior\ReadHtmlCacheBehavior [ RunTime:0.000000s ]
INFO: [ app_begin ] --END-- [ RunTime:0.001000s ]
SQL: SHOW COLUMNS FROM `think_user` [ RunTime:0.0160s ]

[ 2016-11-19T16:49:44+08:00 ] ::1 /thinkcms/admin.php/Login/checkVerfy
INFO: [ app_begin ] --START--
INFO: Run Behavior\ReadHtmlCacheBehavior [ RunTime:0.001000s ]
INFO: [ app_begin ] --END-- [ RunTime:0.002000s ]
SQL: SHOW COLUMNS FROM `think_user` [ RunTime:0.0040s ]

[ 2016-11-19T16:49:46+08:00 ] ::1 /thinkcms/admin.php/Login/checkVerfy
INFO: [ app_begin ] --START--
INFO: Run Behavior\ReadHtmlCacheBehavior [ RunTime:0.001000s ]
INFO: [ app_begin ] --END-- [ RunTime:0.001000s ]
SQL: SHOW COLUMNS FROM `think_user` [ RunTime:0.0040s ]

[ 2016-11-19T16:49:46+08:00 ] ::1 /thinkcms/admin.php/Login/checkVerfy
INFO: [ app_begin ] --START--
INFO: Run Behavior\ReadHtmlCacheBehavior [ RunTime:0.000000s ]
INFO: [ app_begin ] --END-- [ RunTime:0.001000s ]
SQL: SHOW COLUMNS FROM `think_user` [ RunTime:0.0040s ]

[ 2016-11-19T16:49:48+08:00 ] ::1 /thinkcms/admin.php/Login/userLogin
INFO: [ app_begin ] --START--
INFO: Run Behavior\ReadHtmlCacheBehavior [ RunTime:0.001000s ]
INFO: [ app_begin ] --END-- [ RunTime:0.002000s ]
SQL: SHOW COLUMNS FROM `think_user` [ RunTime:0.0030s ]

[ 2016-11-19T16:50:51+08:00 ] 192.168.1.8 /thinkcms/admin.php/Login/checkVerfy
INFO: [ app_begin ] --START--
INFO: Run Behavior\ReadHtmlCacheBehavior [ RunTime:0.001000s ]
INFO: [ app_begin ] --END-- [ RunTime:0.002000s ]
SQL: SHOW COLUMNS FROM `think_user` [ RunTime:0.0040s ]

[ 2016-11-19T16:50:53+08:00 ] 192.168.1.8 /thinkcms/admin.php/Login/checkVerfy
INFO: [ app_begin ] --START--
INFO: Run Behavior\ReadHtmlCacheBehavior [ RunTime:0.001000s ]
INFO: [ app_begin ] --END-- [ RunTime:0.002000s ]
SQL: SHOW COLUMNS FROM `think_user` [ RunTime:0.0030s ]

[ 2016-11-19T16:50:54+08:00 ] 192.168.1.8 /thinkcms/admin.php/Login/checkVerfy
INFO: [ app_begin ] --START--
INFO: Run Behavior\ReadHtmlCacheBehavior [ RunTime:0.002000s ]
INFO: [ app_begin ] --END-- [ RunTime:0.003000s ]
SQL: SHOW COLUMNS FROM `think_user` [ RunTime:0.0040s ]

[ 2016-11-19T16:50:55+08:00 ] 192.168.1.8 /thinkcms/admin.php/Login/checkVerfy
INFO: [ app_begin ] --START--
INFO: Run Behavior\ReadHtmlCacheBehavior [ RunTime:0.001000s ]
INFO: [ app_begin ] --END-- [ RunTime:0.001000s ]
SQL: SHOW COLUMNS FROM `think_user` [ RunTime:0.0040s ]

[ 2016-11-19T16:50:57+08:00 ] 192.168.1.8 /thinkcms/admin.php/Login/userLogin
INFO: [ app_begin ] --START--
INFO: Run Behavior\ReadHtmlCacheBehavior [ RunTime:0.001000s ]
INFO: [ app_begin ] --END-- [ RunTime:0.001000s ]
SQL: SHOW COLUMNS FROM `think_user` [ RunTime:0.0030s ]
SQL: SELECT * FROM `think_user` WHERE `username` = 'admin'  [ RunTime:0.0790s ]

[ 2016-11-19T16:53:27+08:00 ] 192.168.1.8 /thinkcms/admin.php/Index/getSystemInfo
INFO: [ app_begin ] --START--
INFO: Run Behavior\ReadHtmlCacheBehavior [ RunTime:0.001000s ]
INFO: [ app_begin ] --END-- [ RunTime:0.002000s ]
NOTIC: [8192] mysql_get_server_info(): The mysql extension is deprecated and will be removed in the future: use mysqli or PDO instead F:\workspace\thinkcms\Application\Admin\Controller\IndexController.class.php 第 30 行.

[ 2016-11-19T16:54:14+08:00 ] 192.168.1.8 /thinkcms/admin.php/Index/getSystemInfo
INFO: [ app_begin ] --START--
INFO: Run Behavior\ReadHtmlCacheBehavior [ RunTime:0.001000s ]
INFO: [ app_begin ] --END-- [ RunTime:0.001000s ]
NOTIC: [8192] mysql_get_server_info(): The mysql extension is deprecated and will be removed in the future: use mysqli or PDO instead F:\workspace\thinkcms\Application\Admin\Controller\IndexController.class.php 第 30 行.

[ 2016-11-19T17:01:40+08:00 ] 192.168.1.8 /thinkcms/admin.php/Login/checkVerfy
INFO: [ app_begin ] --START--
INFO: Run Behavior\ReadHtmlCacheBehavior [ RunTime:0.001000s ]
INFO: [ app_begin ] --END-- [ RunTime:0.002000s ]
SQL: SHOW COLUMNS FROM `think_user` [ RunTime:0.0760s ]

[ 2016-11-19T17:01:40+08:00 ] 192.168.1.8 /thinkcms/admin.php/Login/checkVerfy
INFO: [ app_begin ] --START--
INFO: Run Behavior\ReadHtmlCacheBehavior [ RunTime:0.001000s ]
INFO: [ app_begin ] --END-- [ RunTime:0.002000s ]
SQL: SHOW COLUMNS FROM `think_user` [ RunTime:0.0030s ]

[ 2016-11-19T17:01:41+08:00 ] 192.168.1.8 /thinkcms/admin.php/Login/checkVerfy
INFO: [ app_begin ] --START--
INFO: Run Behavior\ReadHtmlCacheBehavior [ RunTime:0.002000s ]
INFO: [ app_begin ] --END-- [ RunTime:0.003000s ]
SQL: SHOW COLUMNS FROM `think_user` [ RunTime:0.0040s ]

[ 2016-11-19T17:01:42+08:00 ] 192.168.1.8 /thinkcms/admin.php/Login/checkVerfy
INFO: [ app_begin ] --START--
INFO: Run Behavior\ReadHtmlCacheBehavior [ RunTime:0.001000s ]
INFO: [ app_begin ] --END-- [ RunTime:0.002000s ]
SQL: SHOW COLUMNS FROM `think_user` [ RunTime:0.0040s ]

[ 2016-11-19T17:01:45+08:00 ] 192.168.1.8 /thinkcms/admin.php/Login/checkVerfy
INFO: [ app_begin ] --START--
INFO: Run Behavior\ReadHtmlCacheBehavior [ RunTime:0.001000s ]
INFO: [ app_begin ] --END-- [ RunTime:0.002000s ]
SQL: SHOW COLUMNS FROM `think_user` [ RunTime:0.0040s ]

[ 2016-11-19T17:01:45+08:00 ] 192.168.1.8 /thinkcms/admin.php/Login/checkVerfy
INFO: [ app_begin ] --START--
INFO: Run Behavior\ReadHtmlCacheBehavior [ RunTime:0.002000s ]
INFO: [ app_begin ] --END-- [ RunTime:0.002000s ]
SQL: SHOW COLUMNS FROM `think_user` [ RunTime:0.0040s ]

[ 2016-11-19T17:01:46+08:00 ] 192.168.1.8 /thinkcms/admin.php/Login/checkVerfy
INFO: [ app_begin ] --START--
INFO: Run Behavior\ReadHtmlCacheBehavior [ RunTime:0.001000s ]
INFO: [ app_begin ] --END-- [ RunTime:0.002000s ]
SQL: SHOW COLUMNS FROM `think_user` [ RunTime:0.0030s ]

[ 2016-11-19T17:01:47+08:00 ] 192.168.1.8 /thinkcms/admin.php/Login/checkVerfy
INFO: [ app_begin ] --START--
INFO: Run Behavior\ReadHtmlCacheBehavior [ RunTime:0.001000s ]
INFO: [ app_begin ] --END-- [ RunTime:0.002000s ]
SQL: SHOW COLUMNS FROM `think_user` [ RunTime:0.0530s ]

[ 2016-11-19T17:01:48+08:00 ] 192.168.1.8 /thinkcms/admin.php/Login/checkVerfy
INFO: [ app_begin ] --START--
INFO: Run Behavior\ReadHtmlCacheBehavior [ RunTime:0.001000s ]
INFO: [ app_begin ] --END-- [ RunTime:0.002000s ]
SQL: SHOW COLUMNS FROM `think_user` [ RunTime:0.0030s ]

[ 2016-11-19T17:01:50+08:00 ] 192.168.1.8 /thinkcms/admin.php/Login/checkVerfy
INFO: [ app_begin ] --START--
INFO: Run Behavior\ReadHtmlCacheBehavior [ RunTime:0.001000s ]
INFO: [ app_begin ] --END-- [ RunTime:0.002000s ]
SQL: SHOW COLUMNS FROM `think_user` [ RunTime:0.0030s ]

[ 2016-11-19T17:01:52+08:00 ] 192.168.1.8 /thinkcms/admin.php/Login/userLogin
INFO: [ app_begin ] --START--
INFO: Run Behavior\ReadHtmlCacheBehavior [ RunTime:0.003000s ]
INFO: [ app_begin ] --END-- [ RunTime:0.004000s ]
SQL: SHOW COLUMNS FROM `think_user` [ RunTime:0.0060s ]

[ 2016-11-19T17:02:26+08:00 ] ::1 /thinkcms/admin.php/Login/checkVerfy
INFO: [ app_begin ] --START--
INFO: Run Behavior\ReadHtmlCacheBehavior [ RunTime:0.001000s ]
INFO: [ app_begin ] --END-- [ RunTime:0.001000s ]
SQL: SHOW COLUMNS FROM `think_user` [ RunTime:0.0030s ]

[ 2016-11-19T17:02:28+08:00 ] ::1 /thinkcms/admin.php/Login/checkVerfy
INFO: [ app_begin ] --START--
INFO: Run Behavior\ReadHtmlCacheBehavior [ RunTime:0.001000s ]
INFO: [ app_begin ] --END-- [ RunTime:0.003000s ]
SQL: SHOW COLUMNS FROM `think_user` [ RunTime:0.0030s ]

[ 2016-11-19T17:02:29+08:00 ] ::1 /thinkcms/admin.php/Login/checkVerfy
INFO: [ app_begin ] --START--
INFO: Run Behavior\ReadHtmlCacheBehavior [ RunTime:0.001000s ]
INFO: [ app_begin ] --END-- [ RunTime:0.002000s ]
SQL: SHOW COLUMNS FROM `think_user` [ RunTime:0.0040s ]

[ 2016-11-19T17:02:29+08:00 ] ::1 /thinkcms/admin.php/Login/checkVerfy
INFO: [ app_begin ] --START--
INFO: Run Behavior\ReadHtmlCacheBehavior [ RunTime:0.001001s ]
INFO: [ app_begin ] --END-- [ RunTime:0.002001s ]
SQL: SHOW COLUMNS FROM `think_user` [ RunTime:0.0030s ]

[ 2016-11-19T17:02:30+08:00 ] ::1 /thinkcms/admin.php/Login/userLogin
INFO: [ app_begin ] --START--
INFO: Run Behavior\ReadHtmlCacheBehavior [ RunTime:0.001000s ]
INFO: [ app_begin ] --END-- [ RunTime:0.002000s ]
SQL: SHOW COLUMNS FROM `think_user` [ RunTime:0.0030s ]

[ 2016-11-19T17:08:00+08:00 ] 192.168.1.8 /thinkcms/admin.php/Login/checkVerfy
INFO: [ app_begin ] --START--
INFO: Run Behavior\ReadHtmlCacheBehavior [ RunTime:0.001000s ]
INFO: [ app_begin ] --END-- [ RunTime:0.002000s ]
SQL: SHOW COLUMNS FROM `think_user` [ RunTime:0.0030s ]

[ 2016-11-19T17:08:01+08:00 ] 192.168.1.8 /thinkcms/admin.php/Login/checkVerfy
INFO: [ app_begin ] --START--
INFO: Run Behavior\ReadHtmlCacheBehavior [ RunTime:0.001000s ]
INFO: [ app_begin ] --END-- [ RunTime:0.002001s ]
SQL: SHOW COLUMNS FROM `think_user` [ RunTime:0.0040s ]

[ 2016-11-19T17:08:02+08:00 ] 192.168.1.8 /thinkcms/admin.php/Login/checkVerfy
INFO: [ app_begin ] --START--
INFO: Run Behavior\ReadHtmlCacheBehavior [ RunTime:0.001000s ]
INFO: [ app_begin ] --END-- [ RunTime:0.002000s ]
SQL: SHOW COLUMNS FROM `think_user` [ RunTime:0.0040s ]

[ 2016-11-19T17:08:02+08:00 ] 192.168.1.8 /thinkcms/admin.php/Login/checkVerfy
INFO: [ app_begin ] --START--
INFO: Run Behavior\ReadHtmlCacheBehavior [ RunTime:0.002000s ]
INFO: [ app_begin ] --END-- [ RunTime:0.002000s ]
SQL: SHOW COLUMNS FROM `think_user` [ RunTime:0.0040s ]

[ 2016-11-19T17:08:04+08:00 ] 192.168.1.8 /thinkcms/admin.php/Login/userLogin
INFO: [ app_begin ] --START--
INFO: Run Behavior\ReadHtmlCacheBehavior [ RunTime:0.002000s ]
INFO: [ app_begin ] --END-- [ RunTime:0.003000s ]
SQL: SHOW COLUMNS FROM `think_user` [ RunTime:0.0040s ]
SQL: SELECT * FROM `think_user` WHERE `username` = 'admin'  [ RunTime:0.0010s ]

[ 2016-11-19T22:22:42+08:00 ] ::1 /thinkcms/admin.php/Login/checkVerfy
INFO: [ app_begin ] --START--
INFO: Run Behavior\ReadHtmlCacheBehavior [ RunTime:0.000000s ]
INFO: [ app_begin ] --END-- [ RunTime:0.001000s ]
SQL: SHOW COLUMNS FROM `think_user` [ RunTime:1.6381s ]

[ 2016-11-19T22:22:42+08:00 ] ::1 /thinkcms/admin.php/Login/checkVerfy
INFO: [ app_begin ] --START--
INFO: Run Behavior\ReadHtmlCacheBehavior [ RunTime:0.001000s ]
INFO: [ app_begin ] --END-- [ RunTime:0.002000s ]
SQL: SHOW COLUMNS FROM `think_user` [ RunTime:0.1060s ]

[ 2016-11-19T22:22:42+08:00 ] ::1 /thinkcms/admin.php/Login/checkVerfy
INFO: [ app_begin ] --START--
INFO: Run Behavior\ReadHtmlCacheBehavior [ RunTime:0.001000s ]
INFO: [ app_begin ] --END-- [ RunTime:0.001000s ]
SQL: SHOW COLUMNS FROM `think_user` [ RunTime:0.0040s ]

[ 2016-11-19T22:22:42+08:00 ] ::1 /thinkcms/admin.php/Login/checkVerfy
INFO: [ app_begin ] --START--
INFO: Run Behavior\ReadHtmlCacheBehavior [ RunTime:0.001000s ]
INFO: [ app_begin ] --END-- [ RunTime:0.002000s ]
SQL: SHOW COLUMNS FROM `think_user` [ RunTime:0.0050s ]

[ 2016-11-19T22:22:42+08:00 ] ::1 /thinkcms/admin.php/Login/checkVerfy
INFO: [ app_begin ] --START--
INFO: Run Behavior\ReadHtmlCacheBehavior [ RunTime:0.001000s ]
INFO: [ app_begin ] --END-- [ RunTime:0.002001s ]
SQL: SHOW COLUMNS FROM `think_user` [ RunTime:0.0040s ]

[ 2016-11-19T22:22:46+08:00 ] ::1 /thinkcms/admin.php/Login/checkVerfy
INFO: [ app_begin ] --START--
INFO: Run Behavior\ReadHtmlCacheBehavior [ RunTime:0.001001s ]
INFO: [ app_begin ] --END-- [ RunTime:0.001001s ]
SQL: SHOW COLUMNS FROM `think_user` [ RunTime:0.0120s ]

[ 2016-11-19T22:22:48+08:00 ] ::1 /thinkcms/admin.php/Login/checkVerfy
INFO: [ app_begin ] --START--
INFO: Run Behavior\ReadHtmlCacheBehavior [ RunTime:0.001000s ]
INFO: [ app_begin ] --END-- [ RunTime:0.002000s ]
SQL: SHOW COLUMNS FROM `think_user` [ RunTime:0.0040s ]

[ 2016-11-19T22:22:49+08:00 ] ::1 /thinkcms/admin.php/Login/checkVerfy
INFO: [ app_begin ] --START--
INFO: Run Behavior\ReadHtmlCacheBehavior [ RunTime:0.001000s ]
INFO: [ app_begin ] --END-- [ RunTime:0.002000s ]
SQL: SHOW COLUMNS FROM `think_user` [ RunTime:0.0040s ]

[ 2016-11-19T22:22:49+08:00 ] ::1 /thinkcms/admin.php/Login/checkVerfy
INFO: [ app_begin ] --START--
INFO: Run Behavior\ReadHtmlCacheBehavior [ RunTime:0.001001s ]
INFO: [ app_begin ] --END-- [ RunTime:0.002001s ]
SQL: SHOW COLUMNS FROM `think_user` [ RunTime:0.0030s ]

[ 2016-11-19T22:22:49+08:00 ] ::1 /thinkcms/admin.php/Login/checkVerfy
INFO: [ app_begin ] --START--
INFO: Run Behavior\ReadHtmlCacheBehavior [ RunTime:0.001000s ]
INFO: [ app_begin ] --END-- [ RunTime:0.002000s ]
SQL: SHOW COLUMNS FROM `think_user` [ RunTime:0.1360s ]

[ 2016-11-19T22:22:49+08:00 ] ::1 /thinkcms/admin.php/Login/checkVerfy
INFO: [ app_begin ] --START--
INFO: Run Behavior\ReadHtmlCacheBehavior [ RunTime:0.001000s ]
INFO: [ app_begin ] --END-- [ RunTime:0.002000s ]
SQL: SHOW COLUMNS FROM `think_user` [ RunTime:0.0080s ]

[ 2016-11-19T22:22:54+08:00 ] ::1 /thinkcms/admin.php/Login/checkVerfy
INFO: [ app_begin ] --START--
INFO: Run Behavior\ReadHtmlCacheBehavior [ RunTime:0.001000s ]
INFO: [ app_begin ] --END-- [ RunTime:0.002000s ]
SQL: SHOW COLUMNS FROM `think_user` [ RunTime:0.0130s ]

[ 2016-11-19T22:22:54+08:00 ] ::1 /thinkcms/admin.php/Login/checkVerfy
INFO: [ app_begin ] --START--
INFO: Run Behavior\ReadHtmlCacheBehavior [ RunTime:0.001000s ]
INFO: [ app_begin ] --END-- [ RunTime:0.002001s ]
SQL: SHOW COLUMNS FROM `think_user` [ RunTime:0.1390s ]

[ 2016-11-19T22:22:56+08:00 ] ::1 /thinkcms/admin.php/Login/checkVerfy
INFO: [ app_begin ] --START--
INFO: Run Behavior\ReadHtmlCacheBehavior [ RunTime:0.001000s ]
INFO: [ app_begin ] --END-- [ RunTime:0.002000s ]
SQL: SHOW COLUMNS FROM `think_user` [ RunTime:0.0030s ]

[ 2016-11-19T22:22:57+08:00 ] ::1 /thinkcms/admin.php/Login/checkVerfy
INFO: [ app_begin ] --START--
INFO: Run Behavior\ReadHtmlCacheBehavior [ RunTime:0.002000s ]
INFO: [ app_begin ] --END-- [ RunTime:0.002000s ]
SQL: SHOW COLUMNS FROM `think_user` [ RunTime:0.0060s ]

[ 2016-11-19T22:22:58+08:00 ] ::1 /thinkcms/admin.php/Login/userLogin
INFO: [ app_begin ] --START--
INFO: Run Behavior\ReadHtmlCacheBehavior [ RunTime:0.001000s ]
INFO: [ app_begin ] --END-- [ RunTime:0.002000s ]
SQL: SHOW COLUMNS FROM `think_user` [ RunTime:0.0040s ]

