[ 2016-10-21T16:40:28+08:00 ] ::1 /thinkcms/admin.php/Login/userLogin
ERR: Think\Controller:checkUser方法不存在！

[ 2016-10-21T16:40:58+08:00 ] ::1 /thinkcms/admin.php/Login/userLogin
ERR: 1146:Table 'thinkcms.think_login' doesn't exist
 [ SQL语句 ] : SHOW COLUMNS FROM `think_login`

[ 2016-10-21T16:42:23+08:00 ] ::1 /thinkcms/admin.php/Login/userLogin
ERR: 1146:Table 'thinkcms.think_login' doesn't exist
 [ SQL语句 ] : SHOW COLUMNS FROM `think_login`

[ 2016-10-21T16:43:28+08:00 ] ::1 /thinkcms/admin.php/Login/userLogin
ERR: 1146:Table 'thinkcms.think_login' doesn't exist
 [ SQL语句 ] : SHOW COLUMNS FROM `think_login`

[ 2016-10-21T16:50:09+08:00 ] ::1 /thinkcms/admin.php/Login/userLogin
ERR: Think\Model:checkUser方法不存在！

[ 2016-10-21T16:50:42+08:00 ] ::1 /thinkcms/admin.php/Login/userLogin
ERR: Think\Model:checkUser方法不存在！

[ 2016-10-21T16:50:44+08:00 ] ::1 /thinkcms/admin.php/Login/userLogin
ERR: Think\Model:checkUser方法不存在！

[ 2016-10-21T16:51:17+08:00 ] ::1 /thinkcms/admin.php/Login/userLogin
ERR: Think\Model:checkUser方法不存在！

[ 2016-10-21T16:51:31+08:00 ] ::1 /thinkcms/admin.php/Login/userLogin
ERR: Think\Controller:checkUser方法不存在！

[ 2016-10-21T17:08:26+08:00 ] ::1 /thinkcms/admin.php/Login/userLogin
ERR: Think\Model:checkUser方法不存在！

[ 2016-10-21T17:26:15+08:00 ] ::1 /thinkcms/admin.php/Login/userLogin
ERR: Think\Model:checkUser方法不存在！

[ 2016-10-21T18:10:55+08:00 ] ::1 /thinkcms/admin.php/Login/U('/Login/verify',array())1477044655359
ERR: 非法操作:U('

[ 2016-10-21T18:10:56+08:00 ] ::1 /thinkcms/admin.php/Login/U('/Login/verify',array())1477044656327
ERR: 非法操作:U('

[ 2016-10-21T18:10:57+08:00 ] ::1 /thinkcms/admin.php/Login/U('/Login/verify',array())1477044657037
ERR: 非法操作:U('

[ 2016-10-21T18:10:57+08:00 ] ::1 /thinkcms/admin.php/Login/U('/Login/verify',array())1477044657600
ERR: 非法操作:U('

[ 2016-10-21T18:10:58+08:00 ] ::1 /thinkcms/admin.php/Login/U('/Login/verify',array())1477044658345
ERR: 非法操作:U('

[ 2016-10-21T18:11:07+08:00 ] ::1 /thinkcms/admin.php/Login/:U('/Login/verify',array())1477044667385
ERR: 非法操作::U('

[ 2016-10-21T18:11:08+08:00 ] ::1 /thinkcms/admin.php/Login/:U('/Login/verify',array())1477044668153
ERR: 非法操作::U('

[ 2016-10-21T18:11:18+08:00 ] ::1 /thinkcms/admin.php/Login/verify.html1477044678507
ERR: 非法操作:verify.html1477044678507

[ 2016-10-21T18:11:20+08:00 ] ::1 /thinkcms/admin.php/Login/verify.html1477044680011
ERR: 非法操作:verify.html1477044680011

[ 2016-10-21T18:12:19+08:00 ] ::1 /thinkcms/admin.php/Login/verify1477044739932
ERR: 非法操作:verify1477044739932

[ 2016-10-21T18:12:20+08:00 ] ::1 /thinkcms/admin.php/Login/verify1477044740476
ERR: 非法操作:verify1477044740476

[ 2016-10-21T19:37:14+08:00 ] ::1 /thinkcms/admin.php/Login/__MODULE__/Login/verify/1477049834148
ERR: 非法操作:__MODULE__

[ 2016-10-21T19:37:15+08:00 ] ::1 /thinkcms/admin.php/Login/__MODULE__/Login/verify/1477049835133
ERR: 非法操作:__MODULE__

[ 2016-10-21T19:38:05+08:00 ] ::1 /thinkcms/admin.php/Login/__MODULE__/Login/verify/1477049885061
ERR: 非法操作:__MODULE__

[ 2016-10-21T19:38:09+08:00 ] ::1 /thinkcms/admin.php/Login/__MODULE__/Login/verify/1477049885061
ERR: 非法操作:__MODULE__

[ 2016-10-21T19:38:46+08:00 ] ::1 /thinkcms/admin.php/Login/__MODULE__/Login/verify/1477049885061
ERR: 非法操作:__MODULE__

[ 2016-10-21T19:38:47+08:00 ] ::1 /thinkcms/admin.php/Login/__MODULE__/Login/verify/1477049885061
ERR: 非法操作:__MODULE__

[ 2016-10-21T23:03:15+08:00 ] ::1 /thinkcms/admin.php/Login/%7BU('Login/userLogin')%7D
INFO: [ app_begin ] --START--
INFO: Run Behavior\ReadHtmlCacheBehavior [ RunTime:0.001000s ]
INFO: [ app_begin ] --END-- [ RunTime:0.001000s ]
ERR: 非法操作:{U('Login

[ 2016-10-21T23:03:18+08:00 ] ::1 /thinkcms/admin.php/Login/%7BU('Login/userLogin')%7D
INFO: [ app_begin ] --START--
INFO: Run Behavior\ReadHtmlCacheBehavior [ RunTime:0.001000s ]
INFO: [ app_begin ] --END-- [ RunTime:0.001000s ]
ERR: 非法操作:{U('Login

[ 2016-10-21T23:03:43+08:00 ] ::1 /thinkcms/admin.php/Login/%7B:U('Login/userLogin')%7D
INFO: [ app_begin ] --START--
INFO: Run Behavior\ReadHtmlCacheBehavior [ RunTime:0.001000s ]
INFO: [ app_begin ] --END-- [ RunTime:0.001000s ]
ERR: 非法操作:{:U('Login

[ 2016-10-21T23:03:44+08:00 ] ::1 /thinkcms/admin.php/Login/%7B:U('Login/userLogin')%7D
INFO: [ app_begin ] --START--
INFO: Run Behavior\ReadHtmlCacheBehavior [ RunTime:0.001000s ]
INFO: [ app_begin ] --END-- [ RunTime:0.001000s ]
ERR: 非法操作:{:U('Login

[ 2016-10-21T23:04:08+08:00 ] ::1 /thinkcms/admin.php/Login/%7B:U('Login/userLogin')%7D
INFO: [ app_begin ] --START--
INFO: Run Behavior\ReadHtmlCacheBehavior [ RunTime:0.001000s ]
INFO: [ app_begin ] --END-- [ RunTime:0.002000s ]
ERR: 非法操作:{:U('Login

[ 2016-10-21T23:04:10+08:00 ] ::1 /thinkcms/admin.php/Login/%7B:U('Login/userLogin')%7D
INFO: [ app_begin ] --START--
INFO: Run Behavior\ReadHtmlCacheBehavior [ RunTime:0.001000s ]
INFO: [ app_begin ] --END-- [ RunTime:0.002000s ]
ERR: 非法操作:{:U('Login

[ 2016-10-21T23:04:11+08:00 ] ::1 /thinkcms/admin.php/Login/%7B:U('Login/userLogin')%7D
INFO: [ app_begin ] --START--
INFO: Run Behavior\ReadHtmlCacheBehavior [ RunTime:0.001001s ]
INFO: [ app_begin ] --END-- [ RunTime:0.002001s ]
ERR: 非法操作:{:U('Login

[ 2016-10-21T23:04:22+08:00 ] ::1 /thinkcms/admin.php/%7B:U('Login/userLogin')%7D
INFO: [ app_begin ] --START--
INFO: Run Behavior\ReadHtmlCacheBehavior [ RunTime:0.001000s ]
INFO: [ app_begin ] --END-- [ RunTime:0.001000s ]
ERR: 无法加载控制器:{:U('Login

[ 2016-10-21T23:04:23+08:00 ] ::1 /thinkcms/admin.php/%7B:U('Login/userLogin')%7D
INFO: [ app_begin ] --START--
INFO: Run Behavior\ReadHtmlCacheBehavior [ RunTime:0.001000s ]
INFO: [ app_begin ] --END-- [ RunTime:0.001000s ]
ERR: 无法加载控制器:{:U('Login

[ 2016-10-21T23:04:24+08:00 ] ::1 /thinkcms/admin.php/%7B:U('Login/userLogin')%7D
INFO: [ app_begin ] --START--
INFO: Run Behavior\ReadHtmlCacheBehavior [ RunTime:0.001000s ]
INFO: [ app_begin ] --END-- [ RunTime:0.001000s ]
ERR: 无法加载控制器:{:U('Login

[ 2016-10-21T23:04:24+08:00 ] ::1 /thinkcms/admin.php/%7B:U('Login/userLogin')%7D
INFO: [ app_begin ] --START--
INFO: Run Behavior\ReadHtmlCacheBehavior [ RunTime:0.001000s ]
INFO: [ app_begin ] --END-- [ RunTime:0.003000s ]
ERR: 无法加载控制器:{:U('Login

[ 2016-10-21T23:04:56+08:00 ] ::1 /thinkcms/admin.php/%7B:U('Login/userLogin')%7D
INFO: [ app_begin ] --START--
INFO: Run Behavior\ReadHtmlCacheBehavior [ RunTime:0.001000s ]
INFO: [ app_begin ] --END-- [ RunTime:0.002000s ]
ERR: 无法加载控制器:{:U('Login

[ 2016-10-21T23:04:59+08:00 ] ::1 /thinkcms/admin.php/%7B:U('Login/userLogin')%7D
INFO: [ app_begin ] --START--
INFO: Run Behavior\ReadHtmlCacheBehavior [ RunTime:0.001000s ]
INFO: [ app_begin ] --END-- [ RunTime:0.001000s ]
ERR: 无法加载控制器:{:U('Login

[ 2016-10-21T23:05:56+08:00 ] ::1 /thinkcms/admin.php/%7B:U('Login/userLogin')%7D
INFO: [ app_begin ] --START--
INFO: Run Behavior\ReadHtmlCacheBehavior [ RunTime:0.001000s ]
INFO: [ app_begin ] --END-- [ RunTime:0.002000s ]
ERR: 无法加载控制器:{:U('Login

[ 2016-10-21T23:06:59+08:00 ] ::1 /thinkcms/admin.php/%7B:U('Login/userLogin')%7D
INFO: [ app_begin ] --START--
INFO: Run Behavior\ReadHtmlCacheBehavior [ RunTime:0.001000s ]
INFO: [ app_begin ] --END-- [ RunTime:0.002000s ]
ERR: 无法加载控制器:{:U('Login

[ 2016-10-21T23:06:59+08:00 ] ::1 /thinkcms/admin.php/%7B:U('Login/userLogin')%7D
INFO: [ app_begin ] --START--
INFO: Run Behavior\ReadHtmlCacheBehavior [ RunTime:0.001000s ]
INFO: [ app_begin ] --END-- [ RunTime:0.002000s ]
ERR: 无法加载控制器:{:U('Login

[ 2016-10-21T23:07:13+08:00 ] ::1 /thinkcms/admin.php/Admin/Login/userLogin
INFO: [ app_begin ] --START--
INFO: Run Behavior\ReadHtmlCacheBehavior [ RunTime:0.001000s ]
INFO: [ app_begin ] --END-- [ RunTime:0.001000s ]
ERR: 无法加载控制器:Admin

[ 2016-10-21T23:07:13+08:00 ] ::1 /thinkcms/admin.php/Admin/Login/userLogin
INFO: [ app_begin ] --START--
INFO: Run Behavior\ReadHtmlCacheBehavior [ RunTime:0.000000s ]
INFO: [ app_begin ] --END-- [ RunTime:0.002001s ]
ERR: 无法加载控制器:Admin

[ 2016-10-21T23:07:14+08:00 ] ::1 /thinkcms/admin.php/Admin/Login/userLogin
INFO: [ app_begin ] --START--
INFO: Run Behavior\ReadHtmlCacheBehavior [ RunTime:0.001000s ]
INFO: [ app_begin ] --END-- [ RunTime:0.002000s ]
ERR: 无法加载控制器:Admin

[ 2016-10-21T23:07:14+08:00 ] ::1 /thinkcms/admin.php/Admin/Login/userLogin
INFO: [ app_begin ] --START--
INFO: Run Behavior\ReadHtmlCacheBehavior [ RunTime:0.001000s ]
INFO: [ app_begin ] --END-- [ RunTime:0.001000s ]
ERR: 无法加载控制器:Admin

[ 2016-10-21T23:07:45+08:00 ] ::1 /thinkcms/admin.php/Admin/Login/userLogin
INFO: [ app_begin ] --START--
INFO: Run Behavior\ReadHtmlCacheBehavior [ RunTime:0.000000s ]
INFO: [ app_begin ] --END-- [ RunTime:0.001000s ]
ERR: 无法加载控制器:Admin

[ 2016-10-21T23:07:45+08:00 ] ::1 /thinkcms/admin.php/Admin/Login/userLogin
INFO: [ app_begin ] --START--
INFO: Run Behavior\ReadHtmlCacheBehavior [ RunTime:0.001000s ]
INFO: [ app_begin ] --END-- [ RunTime:0.001000s ]
ERR: 无法加载控制器:Admin

[ 2016-10-21T23:15:59+08:00 ] ::1 /thinkcms/admin.php/Login/userLogin
INFO: [ app_begin ] --START--
INFO: Run Behavior\ReadHtmlCacheBehavior [ RunTime:0.001000s ]
INFO: [ app_begin ] --END-- [ RunTime:0.001000s ]
SQL: SHOW COLUMNS FROM `think_user` [ RunTime:0.0060s ]

[ 2016-10-21T23:16:01+08:00 ] ::1 /thinkcms/admin.php/Login/userLogin
INFO: [ app_begin ] --START--
INFO: Run Behavior\ReadHtmlCacheBehavior [ RunTime:0.001000s ]
INFO: [ app_begin ] --END-- [ RunTime:0.002000s ]
SQL: SHOW COLUMNS FROM `think_user` [ RunTime:0.0030s ]

[ 2016-10-21T23:16:04+08:00 ] ::1 /thinkcms/admin.php/Login/userLogin
INFO: [ app_begin ] --START--
INFO: Run Behavior\ReadHtmlCacheBehavior [ RunTime:0.001000s ]
INFO: [ app_begin ] --END-- [ RunTime:0.001000s ]
SQL: SHOW COLUMNS FROM `think_user` [ RunTime:0.0030s ]

[ 2016-10-21T23:16:05+08:00 ] ::1 /thinkcms/admin.php/Login/userLogin
INFO: [ app_begin ] --START--
INFO: Run Behavior\ReadHtmlCacheBehavior [ RunTime:0.001000s ]
INFO: [ app_begin ] --END-- [ RunTime:0.002000s ]
SQL: SHOW COLUMNS FROM `think_user` [ RunTime:0.0030s ]

[ 2016-10-21T23:16:05+08:00 ] ::1 /thinkcms/admin.php/Login/userLogin
INFO: [ app_begin ] --START--
INFO: Run Behavior\ReadHtmlCacheBehavior [ RunTime:0.001000s ]
INFO: [ app_begin ] --END-- [ RunTime:0.001000s ]
SQL: SHOW COLUMNS FROM `think_user` [ RunTime:0.0040s ]

[ 2016-10-21T23:16:06+08:00 ] ::1 /thinkcms/admin.php/Login/userLogin
INFO: [ app_begin ] --START--
INFO: Run Behavior\ReadHtmlCacheBehavior [ RunTime:0.001000s ]
INFO: [ app_begin ] --END-- [ RunTime:0.001000s ]
SQL: SHOW COLUMNS FROM `think_user` [ RunTime:0.0040s ]

[ 2016-10-21T23:16:06+08:00 ] ::1 /thinkcms/admin.php/Login/userLogin
INFO: [ app_begin ] --START--
INFO: Run Behavior\ReadHtmlCacheBehavior [ RunTime:0.001000s ]
INFO: [ app_begin ] --END-- [ RunTime:0.002000s ]
SQL: SHOW COLUMNS FROM `think_user` [ RunTime:0.0030s ]

[ 2016-10-21T23:16:06+08:00 ] ::1 /thinkcms/admin.php/Login/userLogin
INFO: [ app_begin ] --START--
INFO: Run Behavior\ReadHtmlCacheBehavior [ RunTime:0.000000s ]
INFO: [ app_begin ] --END-- [ RunTime:0.001000s ]
SQL: SHOW COLUMNS FROM `think_user` [ RunTime:0.0040s ]

[ 2016-10-21T23:16:06+08:00 ] ::1 /thinkcms/admin.php/Login/userLogin
INFO: [ app_begin ] --START--
INFO: Run Behavior\ReadHtmlCacheBehavior [ RunTime:0.001000s ]
INFO: [ app_begin ] --END-- [ RunTime:0.002000s ]
SQL: SHOW COLUMNS FROM `think_user` [ RunTime:0.0040s ]

[ 2016-10-21T23:16:07+08:00 ] ::1 /thinkcms/admin.php/Login/userLogin
INFO: [ app_begin ] --START--
INFO: Run Behavior\ReadHtmlCacheBehavior [ RunTime:0.001000s ]
INFO: [ app_begin ] --END-- [ RunTime:0.001000s ]
SQL: SHOW COLUMNS FROM `think_user` [ RunTime:0.0040s ]

[ 2016-10-21T23:16:07+08:00 ] ::1 /thinkcms/admin.php/Login/userLogin
INFO: [ app_begin ] --START--
INFO: Run Behavior\ReadHtmlCacheBehavior [ RunTime:0.001000s ]
INFO: [ app_begin ] --END-- [ RunTime:0.002000s ]
SQL: SHOW COLUMNS FROM `think_user` [ RunTime:0.0030s ]

[ 2016-10-21T23:16:07+08:00 ] ::1 /thinkcms/admin.php/Login/userLogin
INFO: [ app_begin ] --START--
INFO: Run Behavior\ReadHtmlCacheBehavior [ RunTime:0.000000s ]
INFO: [ app_begin ] --END-- [ RunTime:0.002000s ]
SQL: SHOW COLUMNS FROM `think_user` [ RunTime:0.0030s ]

[ 2016-10-21T23:16:08+08:00 ] ::1 /thinkcms/admin.php/Login/userLogin
INFO: [ app_begin ] --START--
INFO: Run Behavior\ReadHtmlCacheBehavior [ RunTime:0.001000s ]
INFO: [ app_begin ] --END-- [ RunTime:0.001000s ]
SQL: SHOW COLUMNS FROM `think_user` [ RunTime:0.0040s ]

[ 2016-10-21T23:16:08+08:00 ] ::1 /thinkcms/admin.php/Login/userLogin
INFO: [ app_begin ] --START--
INFO: Run Behavior\ReadHtmlCacheBehavior [ RunTime:0.001000s ]
INFO: [ app_begin ] --END-- [ RunTime:0.002001s ]
SQL: SHOW COLUMNS FROM `think_user` [ RunTime:0.0040s ]

[ 2016-10-21T23:16:08+08:00 ] ::1 /thinkcms/admin.php/Login/userLogin
INFO: [ app_begin ] --START--
INFO: Run Behavior\ReadHtmlCacheBehavior [ RunTime:0.002000s ]
INFO: [ app_begin ] --END-- [ RunTime:0.002000s ]
SQL: SHOW COLUMNS FROM `think_user` [ RunTime:0.0040s ]

[ 2016-10-21T23:16:08+08:00 ] ::1 /thinkcms/admin.php/Login/userLogin
INFO: [ app_begin ] --START--
INFO: Run Behavior\ReadHtmlCacheBehavior [ RunTime:0.001000s ]
INFO: [ app_begin ] --END-- [ RunTime:0.001000s ]
SQL: SHOW COLUMNS FROM `think_user` [ RunTime:0.0040s ]

[ 2016-10-21T23:16:30+08:00 ] ::1 /thinkcms/admin.php/Login/userLogin
INFO: [ app_begin ] --START--
INFO: Run Behavior\ReadHtmlCacheBehavior [ RunTime:0.001000s ]
INFO: [ app_begin ] --END-- [ RunTime:0.003000s ]
SQL: SHOW COLUMNS FROM `think_user` [ RunTime:0.0050s ]

[ 2016-10-21T23:23:17+08:00 ] ::1 /thinkcms/admin.php/Login/admin.php/Login/userLogin
INFO: [ app_begin ] --START--
INFO: Run Behavior\ReadHtmlCacheBehavior [ RunTime:0.001000s ]
INFO: [ app_begin ] --END-- [ RunTime:0.001000s ]
ERR: 非法操作:admin.php

[ 2016-10-21T23:23:18+08:00 ] ::1 /thinkcms/admin.php/Login/admin.php/Login/userLogin
INFO: [ app_begin ] --START--
INFO: Run Behavior\ReadHtmlCacheBehavior [ RunTime:0.001000s ]
INFO: [ app_begin ] --END-- [ RunTime:0.002000s ]
ERR: 非法操作:admin.php

[ 2016-10-21T23:23:33+08:00 ] ::1 /thinkcms/admin.php/Login/admin.php/Login/userLogin
INFO: [ app_begin ] --START--
INFO: Run Behavior\ReadHtmlCacheBehavior [ RunTime:0.001000s ]
INFO: [ app_begin ] --END-- [ RunTime:0.002000s ]
ERR: 非法操作:admin.php

[ 2016-10-21T23:23:45+08:00 ] ::1 /thinkcms/admin.php/Login/admin.php/Login/userLogin
INFO: [ app_begin ] --START--
INFO: Run Behavior\ReadHtmlCacheBehavior [ RunTime:0.001000s ]
INFO: [ app_begin ] --END-- [ RunTime:0.001000s ]
ERR: 非法操作:admin.php

[ 2016-10-21T23:25:26+08:00 ] ::1 /thinkcms/admin.php/Login/admin.php
INFO: [ app_begin ] --START--
INFO: Run Behavior\ReadHtmlCacheBehavior [ RunTime:0.001000s ]
INFO: [ app_begin ] --END-- [ RunTime:0.002000s ]
ERR: 非法操作:admin.php

[ 2016-10-21T23:25:27+08:00 ] ::1 /thinkcms/admin.php/Login/admin.php
INFO: [ app_begin ] --START--
INFO: Run Behavior\ReadHtmlCacheBehavior [ RunTime:0.001000s ]
INFO: [ app_begin ] --END-- [ RunTime:0.001000s ]
ERR: 非法操作:admin.php

[ 2016-10-21T23:25:28+08:00 ] ::1 /thinkcms/admin.php/Login/admin.php
INFO: [ app_begin ] --START--
INFO: Run Behavior\ReadHtmlCacheBehavior [ RunTime:0.001000s ]
INFO: [ app_begin ] --END-- [ RunTime:0.002000s ]
ERR: 非法操作:admin.php

[ 2016-10-21T23:25:28+08:00 ] ::1 /thinkcms/admin.php/Login/admin.php
INFO: [ app_begin ] --START--
INFO: Run Behavior\ReadHtmlCacheBehavior [ RunTime:0.002000s ]
INFO: [ app_begin ] --END-- [ RunTime:0.002000s ]
ERR: 非法操作:admin.php

[ 2016-10-21T23:25:29+08:00 ] ::1 /thinkcms/admin.php/Login/admin.php
INFO: [ app_begin ] --START--
INFO: Run Behavior\ReadHtmlCacheBehavior [ RunTime:0.000000s ]
INFO: [ app_begin ] --END-- [ RunTime:0.002000s ]
ERR: 非法操作:admin.php

[ 2016-10-21T23:25:30+08:00 ] ::1 /thinkcms/admin.php/Login/admin.php
INFO: [ app_begin ] --START--
INFO: Run Behavior\ReadHtmlCacheBehavior [ RunTime:0.001000s ]
INFO: [ app_begin ] --END-- [ RunTime:0.002000s ]
ERR: 非法操作:admin.php

[ 2016-10-21T23:25:30+08:00 ] ::1 /thinkcms/admin.php/Login/admin.php
INFO: [ app_begin ] --START--
INFO: Run Behavior\ReadHtmlCacheBehavior [ RunTime:0.001000s ]
INFO: [ app_begin ] --END-- [ RunTime:0.001000s ]
ERR: 非法操作:admin.php

[ 2016-10-21T23:25:31+08:00 ] ::1 /thinkcms/admin.php/Login/admin.php
INFO: [ app_begin ] --START--
INFO: Run Behavior\ReadHtmlCacheBehavior [ RunTime:0.002000s ]
INFO: [ app_begin ] --END-- [ RunTime:0.002000s ]
ERR: 非法操作:admin.php

[ 2016-10-21T23:25:31+08:00 ] ::1 /thinkcms/admin.php/Login/admin.php
INFO: [ app_begin ] --START--
INFO: Run Behavior\ReadHtmlCacheBehavior [ RunTime:0.001000s ]
INFO: [ app_begin ] --END-- [ RunTime:0.001000s ]
ERR: 非法操作:admin.php

[ 2016-10-21T23:25:32+08:00 ] ::1 /thinkcms/admin.php/Login/admin.php
INFO: [ app_begin ] --START--
INFO: Run Behavior\ReadHtmlCacheBehavior [ RunTime:0.001000s ]
INFO: [ app_begin ] --END-- [ RunTime:0.002000s ]
ERR: 非法操作:admin.php

[ 2016-10-21T23:25:32+08:00 ] ::1 /thinkcms/admin.php/Login/admin.php
INFO: [ app_begin ] --START--
INFO: Run Behavior\ReadHtmlCacheBehavior [ RunTime:0.001000s ]
INFO: [ app_begin ] --END-- [ RunTime:0.002000s ]
ERR: 非法操作:admin.php

[ 2016-10-21T23:25:32+08:00 ] ::1 /thinkcms/admin.php/Login/admin.php
INFO: [ app_begin ] --START--
INFO: Run Behavior\ReadHtmlCacheBehavior [ RunTime:0.001000s ]
INFO: [ app_begin ] --END-- [ RunTime:0.001000s ]
ERR: 非法操作:admin.php

[ 2016-10-21T23:25:32+08:00 ] ::1 /thinkcms/admin.php/Login/admin.php
INFO: [ app_begin ] --START--
INFO: Run Behavior\ReadHtmlCacheBehavior [ RunTime:0.001000s ]
INFO: [ app_begin ] --END-- [ RunTime:0.001000s ]
ERR: 非法操作:admin.php

[ 2016-10-21T23:25:33+08:00 ] ::1 /thinkcms/admin.php/Login/admin.php
INFO: [ app_begin ] --START--
INFO: Run Behavior\ReadHtmlCacheBehavior [ RunTime:0.001000s ]
INFO: [ app_begin ] --END-- [ RunTime:0.002000s ]
ERR: 非法操作:admin.php

[ 2016-10-21T23:25:33+08:00 ] ::1 /thinkcms/admin.php/Login/admin.php
INFO: [ app_begin ] --START--
INFO: Run Behavior\ReadHtmlCacheBehavior [ RunTime:0.001000s ]
INFO: [ app_begin ] --END-- [ RunTime:0.002000s ]
ERR: 非法操作:admin.php

[ 2016-10-21T23:25:34+08:00 ] ::1 /thinkcms/admin.php/Login/admin.php
INFO: [ app_begin ] --START--
INFO: Run Behavior\ReadHtmlCacheBehavior [ RunTime:0.001000s ]
INFO: [ app_begin ] --END-- [ RunTime:0.002001s ]
ERR: 非法操作:admin.php

[ 2016-10-21T23:25:34+08:00 ] ::1 /thinkcms/admin.php/Login/admin.php
INFO: [ app_begin ] --START--
INFO: Run Behavior\ReadHtmlCacheBehavior [ RunTime:0.001000s ]
INFO: [ app_begin ] --END-- [ RunTime:0.002000s ]
ERR: 非法操作:admin.php

[ 2016-10-21T23:25:35+08:00 ] ::1 /thinkcms/admin.php/Login/admin.php
INFO: [ app_begin ] --START--
INFO: Run Behavior\ReadHtmlCacheBehavior [ RunTime:0.001000s ]
INFO: [ app_begin ] --END-- [ RunTime:0.002000s ]
ERR: 非法操作:admin.php

[ 2016-10-21T23:25:36+08:00 ] ::1 /thinkcms/admin.php/Login/admin.php
INFO: [ app_begin ] --START--
INFO: Run Behavior\ReadHtmlCacheBehavior [ RunTime:0.001000s ]
INFO: [ app_begin ] --END-- [ RunTime:0.001000s ]
ERR: 非法操作:admin.php

[ 2016-10-21T23:25:37+08:00 ] ::1 /thinkcms/admin.php/Login/admin.php
INFO: [ app_begin ] --START--
INFO: Run Behavior\ReadHtmlCacheBehavior [ RunTime:0.001000s ]
INFO: [ app_begin ] --END-- [ RunTime:0.002001s ]
ERR: 非法操作:admin.php

[ 2016-10-21T23:25:37+08:00 ] ::1 /thinkcms/admin.php/Login/admin.php
INFO: [ app_begin ] --START--
INFO: Run Behavior\ReadHtmlCacheBehavior [ RunTime:0.001000s ]
INFO: [ app_begin ] --END-- [ RunTime:0.002000s ]
ERR: 非法操作:admin.php

[ 2016-10-21T23:25:38+08:00 ] ::1 /thinkcms/admin.php/Login/admin.php
INFO: [ app_begin ] --START--
INFO: Run Behavior\ReadHtmlCacheBehavior [ RunTime:0.001000s ]
INFO: [ app_begin ] --END-- [ RunTime:0.002000s ]
ERR: 非法操作:admin.php

[ 2016-10-21T23:26:11+08:00 ] ::1 /thinkcms/admin.php/Login/admin.php?c=Login&m=userLogin
INFO: [ app_begin ] --START--
INFO: Run Behavior\ReadHtmlCacheBehavior [ RunTime:0.001000s ]
INFO: [ app_begin ] --END-- [ RunTime:0.001000s ]
ERR: 非法操作:admin.php

[ 2016-10-21T23:26:12+08:00 ] ::1 /thinkcms/admin.php/Login/admin.php?c=Login&m=userLogin
INFO: [ app_begin ] --START--
INFO: Run Behavior\ReadHtmlCacheBehavior [ RunTime:0.001000s ]
INFO: [ app_begin ] --END-- [ RunTime:0.001000s ]
ERR: 非法操作:admin.php

[ 2016-10-21T23:26:12+08:00 ] ::1 /thinkcms/admin.php/Login/admin.php?c=Login&m=userLogin
INFO: [ app_begin ] --START--
INFO: Run Behavior\ReadHtmlCacheBehavior [ RunTime:0.002000s ]
INFO: [ app_begin ] --END-- [ RunTime:0.002000s ]
ERR: 非法操作:admin.php

[ 2016-10-21T23:26:12+08:00 ] ::1 /thinkcms/admin.php/Login/admin.php?c=Login&m=userLogin
INFO: [ app_begin ] --START--
INFO: Run Behavior\ReadHtmlCacheBehavior [ RunTime:0.001000s ]
INFO: [ app_begin ] --END-- [ RunTime:0.002000s ]
ERR: 非法操作:admin.php

[ 2016-10-21T23:26:13+08:00 ] ::1 /thinkcms/admin.php/Login/admin.php?c=Login&m=userLogin
INFO: [ app_begin ] --START--
INFO: Run Behavior\ReadHtmlCacheBehavior [ RunTime:0.001000s ]
INFO: [ app_begin ] --END-- [ RunTime:0.001000s ]
ERR: 非法操作:admin.php

[ 2016-10-21T23:26:13+08:00 ] ::1 /thinkcms/admin.php/Login/admin.php?c=Login&m=userLogin
INFO: [ app_begin ] --START--
INFO: Run Behavior\ReadHtmlCacheBehavior [ RunTime:0.001000s ]
INFO: [ app_begin ] --END-- [ RunTime:0.001000s ]
ERR: 非法操作:admin.php

[ 2016-10-21T23:26:13+08:00 ] ::1 /thinkcms/admin.php/Login/admin.php?c=Login&m=userLogin
INFO: [ app_begin ] --START--
INFO: Run Behavior\ReadHtmlCacheBehavior [ RunTime:0.001000s ]
INFO: [ app_begin ] --END-- [ RunTime:0.002000s ]
ERR: 非法操作:admin.php

[ 2016-10-21T23:26:13+08:00 ] ::1 /thinkcms/admin.php/Login/admin.php?c=Login&m=userLogin
INFO: [ app_begin ] --START--
INFO: Run Behavior\ReadHtmlCacheBehavior [ RunTime:0.001000s ]
INFO: [ app_begin ] --END-- [ RunTime:0.001000s ]
ERR: 非法操作:admin.php

[ 2016-10-21T23:26:13+08:00 ] ::1 /thinkcms/admin.php/Login/admin.php?c=Login&m=userLogin
INFO: [ app_begin ] --START--
INFO: Run Behavior\ReadHtmlCacheBehavior [ RunTime:0.002000s ]
INFO: [ app_begin ] --END-- [ RunTime:0.002000s ]
ERR: 非法操作:admin.php

[ 2016-10-21T23:26:14+08:00 ] ::1 /thinkcms/admin.php/Login/admin.php?c=Login&m=userLogin
INFO: [ app_begin ] --START--
INFO: Run Behavior\ReadHtmlCacheBehavior [ RunTime:0.001001s ]
INFO: [ app_begin ] --END-- [ RunTime:0.001001s ]
ERR: 非法操作:admin.php

[ 2016-10-21T23:26:14+08:00 ] ::1 /thinkcms/admin.php/Login/admin.php?c=Login&m=userLogin
INFO: [ app_begin ] --START--
INFO: Run Behavior\ReadHtmlCacheBehavior [ RunTime:0.001000s ]
INFO: [ app_begin ] --END-- [ RunTime:0.002000s ]
ERR: 非法操作:admin.php

[ 2016-10-21T23:26:14+08:00 ] ::1 /thinkcms/admin.php/Login/admin.php?c=Login&m=userLogin
INFO: [ app_begin ] --START--
INFO: Run Behavior\ReadHtmlCacheBehavior [ RunTime:0.001000s ]
INFO: [ app_begin ] --END-- [ RunTime:0.001000s ]
ERR: 非法操作:admin.php

[ 2016-10-21T23:26:15+08:00 ] ::1 /thinkcms/admin.php/Login/admin.php?c=Login&m=userLogin
INFO: [ app_begin ] --START--
INFO: Run Behavior\ReadHtmlCacheBehavior [ RunTime:0.001000s ]
INFO: [ app_begin ] --END-- [ RunTime:0.002000s ]
ERR: 非法操作:admin.php

[ 2016-10-21T23:26:15+08:00 ] ::1 /thinkcms/admin.php/Login/admin.php?c=Login&m=userLogin
INFO: [ app_begin ] --START--
INFO: Run Behavior\ReadHtmlCacheBehavior [ RunTime:0.002000s ]
INFO: [ app_begin ] --END-- [ RunTime:0.002000s ]
ERR: 非法操作:admin.php

[ 2016-10-21T23:26:15+08:00 ] ::1 /thinkcms/admin.php/Login/admin.php?c=Login&m=userLogin
INFO: [ app_begin ] --START--
INFO: Run Behavior\ReadHtmlCacheBehavior [ RunTime:0.001000s ]
INFO: [ app_begin ] --END-- [ RunTime:0.001000s ]
ERR: 非法操作:admin.php

[ 2016-10-21T23:26:15+08:00 ] ::1 /thinkcms/admin.php/Login/admin.php?c=Login&m=userLogin
INFO: [ app_begin ] --START--
INFO: Run Behavior\ReadHtmlCacheBehavior [ RunTime:0.001000s ]
INFO: [ app_begin ] --END-- [ RunTime:0.001000s ]
ERR: 非法操作:admin.php

[ 2016-10-21T23:32:07+08:00 ] ::1 /thinkcms/admin.php/Login/admin.php?c=Login&m=userLogin
INFO: [ app_begin ] --START--
INFO: Run Behavior\ReadHtmlCacheBehavior [ RunTime:0.002000s ]
INFO: [ app_begin ] --END-- [ RunTime:0.002000s ]
ERR: 非法操作:admin.php

[ 2016-10-21T23:32:08+08:00 ] ::1 /thinkcms/admin.php/Login/admin.php?c=Login&m=userLogin
INFO: [ app_begin ] --START--
INFO: Run Behavior\ReadHtmlCacheBehavior [ RunTime:0.001001s ]
INFO: [ app_begin ] --END-- [ RunTime:0.002001s ]
ERR: 非法操作:admin.php

[ 2016-10-21T23:32:09+08:00 ] ::1 /thinkcms/admin.php/Login/admin.php?c=Login&m=userLogin
INFO: [ app_begin ] --START--
INFO: Run Behavior\ReadHtmlCacheBehavior [ RunTime:0.001000s ]
INFO: [ app_begin ] --END-- [ RunTime:0.002000s ]
ERR: 非法操作:admin.php

[ 2016-10-21T23:32:09+08:00 ] ::1 /thinkcms/admin.php/Login/admin.php?c=Login&m=userLogin
INFO: [ app_begin ] --START--
INFO: Run Behavior\ReadHtmlCacheBehavior [ RunTime:0.001000s ]
INFO: [ app_begin ] --END-- [ RunTime:0.001000s ]
ERR: 非法操作:admin.php

[ 2016-10-21T23:32:09+08:00 ] ::1 /thinkcms/admin.php/Login/admin.php?c=Login&m=userLogin
INFO: [ app_begin ] --START--
INFO: Run Behavior\ReadHtmlCacheBehavior [ RunTime:0.002000s ]
INFO: [ app_begin ] --END-- [ RunTime:0.002000s ]
ERR: 非法操作:admin.php

[ 2016-10-21T23:32:09+08:00 ] ::1 /thinkcms/admin.php/Login/admin.php?c=Login&m=userLogin
INFO: [ app_begin ] --START--
INFO: Run Behavior\ReadHtmlCacheBehavior [ RunTime:0.001000s ]
INFO: [ app_begin ] --END-- [ RunTime:0.002000s ]
ERR: 非法操作:admin.php

[ 2016-10-21T23:32:09+08:00 ] ::1 /thinkcms/admin.php/Login/admin.php?c=Login&m=userLogin
INFO: [ app_begin ] --START--
INFO: Run Behavior\ReadHtmlCacheBehavior [ RunTime:0.001000s ]
INFO: [ app_begin ] --END-- [ RunTime:0.002000s ]
ERR: 非法操作:admin.php

[ 2016-10-21T23:32:10+08:00 ] ::1 /thinkcms/admin.php/Login/admin.php?c=Login&m=userLogin
INFO: [ app_begin ] --START--
INFO: Run Behavior\ReadHtmlCacheBehavior [ RunTime:0.001000s ]
INFO: [ app_begin ] --END-- [ RunTime:0.002000s ]
ERR: 非法操作:admin.php

[ 2016-10-21T23:32:10+08:00 ] ::1 /thinkcms/admin.php/Login/admin.php?c=Login&m=userLogin
INFO: [ app_begin ] --START--
INFO: Run Behavior\ReadHtmlCacheBehavior [ RunTime:0.001000s ]
INFO: [ app_begin ] --END-- [ RunTime:0.002000s ]
ERR: 非法操作:admin.php

[ 2016-10-21T23:32:10+08:00 ] ::1 /thinkcms/admin.php/Login/admin.php?c=Login&m=userLogin
INFO: [ app_begin ] --START--
INFO: Run Behavior\ReadHtmlCacheBehavior [ RunTime:0.002000s ]
INFO: [ app_begin ] --END-- [ RunTime:0.003000s ]
ERR: 非法操作:admin.php

[ 2016-10-21T23:32:10+08:00 ] ::1 /thinkcms/admin.php/Login/admin.php?c=Login&m=userLogin
INFO: [ app_begin ] --START--
INFO: Run Behavior\ReadHtmlCacheBehavior [ RunTime:0.001000s ]
INFO: [ app_begin ] --END-- [ RunTime:0.001000s ]
ERR: 非法操作:admin.php

[ 2016-10-21T23:32:11+08:00 ] ::1 /thinkcms/admin.php/Login/admin.php?c=Login&m=userLogin
INFO: [ app_begin ] --START--
INFO: Run Behavior\ReadHtmlCacheBehavior [ RunTime:0.000000s ]
INFO: [ app_begin ] --END-- [ RunTime:0.002000s ]
ERR: 非法操作:admin.php

[ 2016-10-21T23:32:11+08:00 ] ::1 /thinkcms/admin.php/Login/admin.php?c=Login&m=userLogin
INFO: [ app_begin ] --START--
INFO: Run Behavior\ReadHtmlCacheBehavior [ RunTime:0.002000s ]
INFO: [ app_begin ] --END-- [ RunTime:0.002000s ]
ERR: 非法操作:admin.php

[ 2016-10-21T23:32:11+08:00 ] ::1 /thinkcms/admin.php/Login/admin.php?c=Login&m=userLogin
INFO: [ app_begin ] --START--
INFO: Run Behavior\ReadHtmlCacheBehavior [ RunTime:0.001000s ]
INFO: [ app_begin ] --END-- [ RunTime:0.002000s ]
ERR: 非法操作:admin.php

[ 2016-10-21T23:33:33+08:00 ] ::1 /thinkcms/admin.php/Login/admin.php?c=Login&m=userLogin
INFO: [ app_begin ] --START--
INFO: Run Behavior\ReadHtmlCacheBehavior [ RunTime:0.001000s ]
INFO: [ app_begin ] --END-- [ RunTime:0.002000s ]
ERR: 非法操作:admin.php

[ 2016-10-21T23:33:35+08:00 ] ::1 /thinkcms/admin.php/Login/admin.php?c=Login&m=userLogin
INFO: [ app_begin ] --START--
INFO: Run Behavior\ReadHtmlCacheBehavior [ RunTime:0.001000s ]
INFO: [ app_begin ] --END-- [ RunTime:0.002000s ]
ERR: 非法操作:admin.php

[ 2016-10-21T23:33:38+08:00 ] ::1 /thinkcms/admin.php/Login/admin.php?c=Login&m=userLogin
INFO: [ app_begin ] --START--
INFO: Run Behavior\ReadHtmlCacheBehavior [ RunTime:0.001000s ]
INFO: [ app_begin ] --END-- [ RunTime:0.002000s ]
ERR: 非法操作:admin.php

[ 2016-10-21T23:33:38+08:00 ] ::1 /thinkcms/admin.php/Login/admin.php?c=Login&m=userLogin
INFO: [ app_begin ] --START--
INFO: Run Behavior\ReadHtmlCacheBehavior [ RunTime:0.001000s ]
INFO: [ app_begin ] --END-- [ RunTime:0.002000s ]
ERR: 非法操作:admin.php

[ 2016-10-21T23:33:38+08:00 ] ::1 /thinkcms/admin.php/Login/admin.php?c=Login&m=userLogin
INFO: [ app_begin ] --START--
INFO: Run Behavior\ReadHtmlCacheBehavior [ RunTime:0.002001s ]
INFO: [ app_begin ] --END-- [ RunTime:0.004001s ]
ERR: 非法操作:admin.php

[ 2016-10-21T23:33:38+08:00 ] ::1 /thinkcms/admin.php/Login/admin.php?c=Login&m=userLogin
INFO: [ app_begin ] --START--
INFO: Run Behavior\ReadHtmlCacheBehavior [ RunTime:0.001000s ]
INFO: [ app_begin ] --END-- [ RunTime:0.002001s ]
ERR: 非法操作:admin.php

[ 2016-10-21T23:33:39+08:00 ] ::1 /thinkcms/admin.php/Login/admin.php?c=Login&m=userLogin
INFO: [ app_begin ] --START--
INFO: Run Behavior\ReadHtmlCacheBehavior [ RunTime:0.000000s ]
INFO: [ app_begin ] --END-- [ RunTime:0.002000s ]
ERR: 非法操作:admin.php

[ 2016-10-21T23:33:39+08:00 ] ::1 /thinkcms/admin.php/Login/admin.php?c=Login&m=userLogin
INFO: [ app_begin ] --START--
INFO: Run Behavior\ReadHtmlCacheBehavior [ RunTime:0.001001s ]
INFO: [ app_begin ] --END-- [ RunTime:0.002001s ]
ERR: 非法操作:admin.php

[ 2016-10-21T23:33:39+08:00 ] ::1 /thinkcms/admin.php/Login/admin.php?c=Login&m=userLogin
INFO: [ app_begin ] --START--
INFO: Run Behavior\ReadHtmlCacheBehavior [ RunTime:0.002000s ]
INFO: [ app_begin ] --END-- [ RunTime:0.002000s ]
ERR: 非法操作:admin.php

[ 2016-10-21T23:33:40+08:00 ] ::1 /thinkcms/admin.php/Login/admin.php?c=Login&m=userLogin
INFO: [ app_begin ] --START--
INFO: Run Behavior\ReadHtmlCacheBehavior [ RunTime:0.001001s ]
INFO: [ app_begin ] --END-- [ RunTime:0.002001s ]
ERR: 非法操作:admin.php

[ 2016-10-21T23:33:40+08:00 ] ::1 /thinkcms/admin.php/Login/admin.php?c=Login&m=userLogin
INFO: [ app_begin ] --START--
INFO: Run Behavior\ReadHtmlCacheBehavior [ RunTime:0.000000s ]
INFO: [ app_begin ] --END-- [ RunTime:0.001000s ]
ERR: 非法操作:admin.php

[ 2016-10-21T23:33:40+08:00 ] ::1 /thinkcms/admin.php/Login/admin.php?c=Login&m=userLogin
INFO: [ app_begin ] --START--
INFO: Run Behavior\ReadHtmlCacheBehavior [ RunTime:0.001000s ]
INFO: [ app_begin ] --END-- [ RunTime:0.003000s ]
ERR: 非法操作:admin.php

[ 2016-10-21T23:33:40+08:00 ] ::1 /thinkcms/admin.php/Login/admin.php?c=Login&m=userLogin
INFO: [ app_begin ] --START--
INFO: Run Behavior\ReadHtmlCacheBehavior [ RunTime:0.001000s ]
INFO: [ app_begin ] --END-- [ RunTime:0.002000s ]
ERR: 非法操作:admin.php

[ 2016-10-21T23:33:40+08:00 ] ::1 /thinkcms/admin.php/Login/admin.php?c=Login&m=userLogin
INFO: [ app_begin ] --START--
INFO: Run Behavior\ReadHtmlCacheBehavior [ RunTime:0.001000s ]
INFO: [ app_begin ] --END-- [ RunTime:0.001000s ]
ERR: 非法操作:admin.php

[ 2016-10-21T23:33:41+08:00 ] ::1 /thinkcms/admin.php/Login/admin.php?c=Login&m=userLogin
INFO: [ app_begin ] --START--
INFO: Run Behavior\ReadHtmlCacheBehavior [ RunTime:0.001000s ]
INFO: [ app_begin ] --END-- [ RunTime:0.001000s ]
ERR: 非法操作:admin.php

[ 2016-10-21T23:33:42+08:00 ] ::1 /thinkcms/admin.php/Login/admin.php?c=Login&m=userLogin
INFO: [ app_begin ] --START--
INFO: Run Behavior\ReadHtmlCacheBehavior [ RunTime:0.001000s ]
INFO: [ app_begin ] --END-- [ RunTime:0.001000s ]
ERR: 非法操作:admin.php

[ 2016-10-21T23:33:42+08:00 ] ::1 /thinkcms/admin.php/Login/admin.php?c=Login&m=userLogin
INFO: [ app_begin ] --START--
INFO: Run Behavior\ReadHtmlCacheBehavior [ RunTime:0.001000s ]
INFO: [ app_begin ] --END-- [ RunTime:0.002000s ]
ERR: 非法操作:admin.php

[ 2016-10-21T23:33:42+08:00 ] ::1 /thinkcms/admin.php/Login/admin.php?c=Login&m=userLogin
INFO: [ app_begin ] --START--
INFO: Run Behavior\ReadHtmlCacheBehavior [ RunTime:0.001000s ]
INFO: [ app_begin ] --END-- [ RunTime:0.002001s ]
ERR: 非法操作:admin.php

[ 2016-10-21T23:33:55+08:00 ] ::1 /thinkcms/admin.php/Login/admin.php?c=Login&m=userLogin
INFO: [ app_begin ] --START--
INFO: Run Behavior\ReadHtmlCacheBehavior [ RunTime:0.001000s ]
INFO: [ app_begin ] --END-- [ RunTime:0.002000s ]
ERR: 非法操作:admin.php

[ 2016-10-21T23:33:56+08:00 ] ::1 /thinkcms/admin.php/Login/admin.php?c=Login&m=userLogin
INFO: [ app_begin ] --START--
INFO: Run Behavior\ReadHtmlCacheBehavior [ RunTime:0.002000s ]
INFO: [ app_begin ] --END-- [ RunTime:0.003000s ]
ERR: 非法操作:admin.php

[ 2016-10-21T23:33:57+08:00 ] ::1 /thinkcms/admin.php/Login/admin.php?c=Login&m=userLogin
INFO: [ app_begin ] --START--
INFO: Run Behavior\ReadHtmlCacheBehavior [ RunTime:0.001000s ]
INFO: [ app_begin ] --END-- [ RunTime:0.002000s ]
ERR: 非法操作:admin.php

[ 2016-10-21T23:35:20+08:00 ] ::1 /thinkcms/admin.php/Login/admin.php?c=Login&m=userLogin
INFO: [ app_begin ] --START--
INFO: Run Behavior\ReadHtmlCacheBehavior [ RunTime:0.001000s ]
INFO: [ app_begin ] --END-- [ RunTime:0.002000s ]
ERR: 非法操作:admin.php

[ 2016-10-21T23:36:11+08:00 ] ::1 /thinkcms/admin.php/Login/admin.php?c=Login&m=userLogin
INFO: [ app_begin ] --START--
INFO: Run Behavior\ReadHtmlCacheBehavior [ RunTime:0.001000s ]
INFO: [ app_begin ] --END-- [ RunTime:0.002000s ]
ERR: 非法操作:admin.php

[ 2016-10-21T23:36:18+08:00 ] ::1 /thinkcms/admin.php/Login/admin.php?c=Login&m=userLogin
INFO: [ app_begin ] --START--
INFO: Run Behavior\ReadHtmlCacheBehavior [ RunTime:0.002000s ]
INFO: [ app_begin ] --END-- [ RunTime:0.002000s ]
ERR: 非法操作:admin.php

[ 2016-10-21T23:36:50+08:00 ] ::1 /thinkcms/admin.php/Login/admin.php?c=Login&m=userLogin
INFO: [ app_begin ] --START--
INFO: Run Behavior\ReadHtmlCacheBehavior [ RunTime:0.001000s ]
INFO: [ app_begin ] --END-- [ RunTime:0.002000s ]
ERR: 非法操作:admin.php

[ 2016-10-21T23:39:16+08:00 ] ::1 /thinkcms/admin.php?c=Login&m=userLogin
INFO: [ app_begin ] --START--
INFO: Run Behavior\ReadHtmlCacheBehavior [ RunTime:0.001000s ]
INFO: [ app_begin ] --END-- [ RunTime:0.002000s ]
INFO: [ view_parse ] --START--
INFO: [ template_filter ] --START--
INFO: Run Behavior\ContentReplaceBehavior [ RunTime:0.000000s ]
INFO: [ template_filter ] --END-- [ RunTime:0.000000s ]
INFO: Run Behavior\ParseTemplateBehavior [ RunTime:0.014001s ]
INFO: [ view_parse ] --END-- [ RunTime:0.014001s ]
INFO: [ view_filter ] --START--
INFO: Run Behavior\WriteHtmlCacheBehavior [ RunTime:0.001000s ]
INFO: [ view_filter ] --END-- [ RunTime:0.001000s ]
INFO: [ app_end ] --START--
INFO: Run Behavior\ShowPageTraceBehavior [ RunTime:0.001000s ]
INFO: [ app_end ] --END-- [ RunTime:0.001000s ]

[ 2016-10-21T23:42:35+08:00 ] ::1 /thinkcms/admin.php/Login/%7B:U('/Login/userLogin')%7D
INFO: [ app_begin ] --START--
INFO: Run Behavior\ReadHtmlCacheBehavior [ RunTime:0.001000s ]
INFO: [ app_begin ] --END-- [ RunTime:0.002000s ]
ERR: 非法操作:{:U('

[ 2016-10-21T23:49:33+08:00 ] ::1 /thinkcms/admin.php?c=Login&m=userLogin
INFO: [ app_begin ] --START--
INFO: Run Behavior\ReadHtmlCacheBehavior [ RunTime:0.001000s ]
INFO: [ app_begin ] --END-- [ RunTime:0.005000s ]
INFO: [ view_parse ] --START--
INFO: [ template_filter ] --START--
INFO: Run Behavior\ContentReplaceBehavior [ RunTime:0.000000s ]
INFO: [ template_filter ] --END-- [ RunTime:0.000000s ]
INFO: Run Behavior\ParseTemplateBehavior [ RunTime:0.009001s ]
INFO: [ view_parse ] --END-- [ RunTime:0.009001s ]
INFO: [ view_filter ] --START--
INFO: Run Behavior\WriteHtmlCacheBehavior [ RunTime:0.001000s ]
INFO: [ view_filter ] --END-- [ RunTime:0.001000s ]
INFO: [ app_end ] --START--
INFO: Run Behavior\ShowPageTraceBehavior [ RunTime:0.000000s ]
INFO: [ app_end ] --END-- [ RunTime:0.000000s ]

