[ 2016-10-18T00:29:59+08:00 ] ::1 /thinkcms/admin.php/Login/userLogin
ERR: SQLSTATE[HY000] [1049] Unknown database 'thinkcms'

[ 2016-10-18T19:39:27+08:00 ] ::1 /thinkcms/admin.php/Index/userLogin
ERR: 非法操作:userLogin

[ 2016-10-18T19:41:34+08:00 ] ::1 /thinkcms/admin.php/Index/userLogin
ERR: 非法操作:userLogin

[ 2016-10-18T19:48:47+08:00 ] ::1 /thinkcms/admin.php/userLogin
ERR: 无法加载控制器:UserLogin

[ 2016-10-18T19:49:31+08:00 ] ::1 /thinkcms/admin.php/userLogin
ERR: 无法加载控制器:UserLogin

[ 2016-10-18T19:59:36+08:00 ] ::1 /thinkcms/admin.php/Login/userLogin
ERR: 模板不存在:./Application/Admin/View/layout.html

[ 2016-10-18T20:24:08+08:00 ] ::1 /thinkcms/admin.php
ERR: 模板不存在:./Application/Admin/View/layout.html

[ 2016-10-18T20:24:33+08:00 ] ::1 /thinkcms/admin.php
ERR: 模板不存在:./Application/Admin/View/layout.html

[ 2016-10-18T23:19:30+08:00 ] ::1 /thinkcms/admin.php/Index/verify/1476803970886
ERR: 非法操作:verify

[ 2016-10-18T23:19:31+08:00 ] ::1 /thinkcms/admin.php/Index/verify/1476803971709
ERR: 非法操作:verify

[ 2016-10-18T23:19:33+08:00 ] ::1 /thinkcms/admin.php/Index/verify/1476803971709
ERR: 非法操作:verify

[ 2016-10-18T23:22:07+08:00 ] ::1 /thinkcms/admin.php/Login/verify
ERR: 非法操作:verify

[ 2016-10-18T23:22:08+08:00 ] ::1 /thinkcms/admin.php/Login/verify
ERR: 非法操作:verify

[ 2016-10-18T23:22:11+08:00 ] ::1 /thinkcms/admin.php/Login/verify
ERR: 非法操作:verify

