[ 2016-12-12T00:00:39+08:00 ] ::1 /thinkcms/admin.php/Index/getUserList
INFO: [ app_begin ] --START--
INFO: Run Behavior\ReadHtmlCacheBehavior [ RunTime:0.001000s ]
INFO: [ app_begin ] --END-- [ RunTime:0.001000s ]
SQL: SHOW COLUMNS FROM `think_user` [ RunTime:0.0050s ]
SQL: SELECT `id`,`username`,`useremail`,`regtime` FROM `think_user` LIMIT 0,1   [ RunTime:0.0000s ]
SQL: SELECT COUNT(*) AS tp_count FROM `think_user` LIMIT 1   [ RunTime:0.0010s ]

[ 2016-12-12T00:01:57+08:00 ] ::1 /thinkcms/admin.php/Index/getUserList
INFO: [ app_begin ] --START--
INFO: Run Behavior\ReadHtmlCacheBehavior [ RunTime:0.002000s ]
INFO: [ app_begin ] --END-- [ RunTime:0.002000s ]
SQL: SHOW COLUMNS FROM `think_user` [ RunTime:0.0050s ]
SQL: SELECT `id`,`username`,`useremail`,`regtime` FROM `think_user` LIMIT 0,1   [ RunTime:0.0010s ]
SQL: SELECT COUNT(*) AS tp_count FROM `think_user` LIMIT 1   [ RunTime:0.0000s ]

[ 2016-12-12T00:02:00+08:00 ] ::1 /thinkcms/admin.php/Index/getUserList
INFO: [ app_begin ] --START--
INFO: Run Behavior\ReadHtmlCacheBehavior [ RunTime:0.000000s ]
INFO: [ app_begin ] --END-- [ RunTime:0.001000s ]
SQL: SHOW COLUMNS FROM `think_user` [ RunTime:0.0060s ]
SQL: SELECT `id`,`username`,`useremail`,`regtime` FROM `think_user` LIMIT 1,1   [ RunTime:0.0000s ]
SQL: SELECT COUNT(*) AS tp_count FROM `think_user` LIMIT 1   [ RunTime:0.0000s ]

[ 2016-12-12T00:02:01+08:00 ] ::1 /thinkcms/admin.php/Index/getUserList
INFO: [ app_begin ] --START--
INFO: Run Behavior\ReadHtmlCacheBehavior [ RunTime:0.001000s ]
INFO: [ app_begin ] --END-- [ RunTime:0.002000s ]
SQL: SHOW COLUMNS FROM `think_user` [ RunTime:0.0060s ]
SQL: SELECT `id`,`username`,`useremail`,`regtime` FROM `think_user` LIMIT 2,1   [ RunTime:0.0000s ]
SQL: SELECT COUNT(*) AS tp_count FROM `think_user` LIMIT 1   [ RunTime:0.0000s ]

[ 2016-12-12T00:02:02+08:00 ] ::1 /thinkcms/admin.php/Index/getUserList
INFO: [ app_begin ] --START--
INFO: Run Behavior\ReadHtmlCacheBehavior [ RunTime:0.001000s ]
INFO: [ app_begin ] --END-- [ RunTime:0.001000s ]
SQL: SHOW COLUMNS FROM `think_user` [ RunTime:0.0050s ]
SQL: SELECT `id`,`username`,`useremail`,`regtime` FROM `think_user` LIMIT 3,1   [ RunTime:0.0010s ]
SQL: SELECT COUNT(*) AS tp_count FROM `think_user` LIMIT 1   [ RunTime:0.0000s ]

[ 2016-12-12T00:02:03+08:00 ] ::1 /thinkcms/admin.php/Index/getUserList
INFO: [ app_begin ] --START--
INFO: Run Behavior\ReadHtmlCacheBehavior [ RunTime:0.001000s ]
INFO: [ app_begin ] --END-- [ RunTime:0.002000s ]
SQL: SHOW COLUMNS FROM `think_user` [ RunTime:0.0080s ]
SQL: SELECT `id`,`username`,`useremail`,`regtime` FROM `think_user` LIMIT 2,1   [ RunTime:0.0020s ]
SQL: SELECT COUNT(*) AS tp_count FROM `think_user` LIMIT 1   [ RunTime:0.0000s ]

[ 2016-12-12T00:02:04+08:00 ] ::1 /thinkcms/admin.php/Index/getUserList
INFO: [ app_begin ] --START--
INFO: Run Behavior\ReadHtmlCacheBehavior [ RunTime:0.001000s ]
INFO: [ app_begin ] --END-- [ RunTime:0.002000s ]
SQL: SHOW COLUMNS FROM `think_user` [ RunTime:0.0060s ]
SQL: SELECT `id`,`username`,`useremail`,`regtime` FROM `think_user` LIMIT 1,1   [ RunTime:0.0000s ]
SQL: SELECT COUNT(*) AS tp_count FROM `think_user` LIMIT 1   [ RunTime:0.0010s ]

[ 2016-12-12T00:02:04+08:00 ] ::1 /thinkcms/admin.php/Index/getUserList
INFO: [ app_begin ] --START--
INFO: Run Behavior\ReadHtmlCacheBehavior [ RunTime:0.000000s ]
INFO: [ app_begin ] --END-- [ RunTime:0.001000s ]
SQL: SHOW COLUMNS FROM `think_user` [ RunTime:0.0050s ]
SQL: SELECT `id`,`username`,`useremail`,`regtime` FROM `think_user` LIMIT 0,1   [ RunTime:0.0010s ]
SQL: SELECT COUNT(*) AS tp_count FROM `think_user` LIMIT 1   [ RunTime:0.0000s ]

[ 2016-12-12T00:02:06+08:00 ] ::1 /thinkcms/admin.php/Index/getUserList
INFO: [ app_begin ] --START--
INFO: Run Behavior\ReadHtmlCacheBehavior [ RunTime:0.005000s ]
INFO: [ app_begin ] --END-- [ RunTime:0.006000s ]
SQL: SHOW COLUMNS FROM `think_user` [ RunTime:0.0040s ]
SQL: SELECT `id`,`username`,`useremail`,`regtime` FROM `think_user` LIMIT 1,1   [ RunTime:0.0010s ]
SQL: SELECT COUNT(*) AS tp_count FROM `think_user` LIMIT 1   [ RunTime:0.0000s ]

[ 2016-12-12T00:02:07+08:00 ] ::1 /thinkcms/admin.php/Index/getUserList
INFO: [ app_begin ] --START--
INFO: Run Behavior\ReadHtmlCacheBehavior [ RunTime:0.001000s ]
INFO: [ app_begin ] --END-- [ RunTime:0.002000s ]
SQL: SHOW COLUMNS FROM `think_user` [ RunTime:0.0050s ]
SQL: SELECT `id`,`username`,`useremail`,`regtime` FROM `think_user` LIMIT 2,1   [ RunTime:0.0010s ]
SQL: SELECT COUNT(*) AS tp_count FROM `think_user` LIMIT 1   [ RunTime:0.0000s ]

[ 2016-12-12T00:02:07+08:00 ] ::1 /thinkcms/admin.php/Index/getUserList
INFO: [ app_begin ] --START--
INFO: Run Behavior\ReadHtmlCacheBehavior [ RunTime:0.001000s ]
INFO: [ app_begin ] --END-- [ RunTime:0.002000s ]
SQL: SHOW COLUMNS FROM `think_user` [ RunTime:0.0050s ]
SQL: SELECT `id`,`username`,`useremail`,`regtime` FROM `think_user` LIMIT 3,1   [ RunTime:0.0010s ]
SQL: SELECT COUNT(*) AS tp_count FROM `think_user` LIMIT 1   [ RunTime:0.0000s ]

[ 2016-12-12T00:02:10+08:00 ] ::1 /thinkcms/admin.php/Index/getUserList
INFO: [ app_begin ] --START--
INFO: Run Behavior\ReadHtmlCacheBehavior [ RunTime:0.001001s ]
INFO: [ app_begin ] --END-- [ RunTime:0.002001s ]
SQL: SHOW COLUMNS FROM `think_user` [ RunTime:0.0050s ]
SQL: SELECT `id`,`username`,`useremail`,`regtime` FROM `think_user` LIMIT 2,1   [ RunTime:0.0000s ]
SQL: SELECT COUNT(*) AS tp_count FROM `think_user` LIMIT 1   [ RunTime:0.0000s ]

[ 2016-12-12T00:02:10+08:00 ] ::1 /thinkcms/admin.php/Index/getUserList
INFO: [ app_begin ] --START--
INFO: Run Behavior\ReadHtmlCacheBehavior [ RunTime:0.001000s ]
INFO: [ app_begin ] --END-- [ RunTime:0.001000s ]
SQL: SHOW COLUMNS FROM `think_user` [ RunTime:0.0050s ]
SQL: SELECT `id`,`username`,`useremail`,`regtime` FROM `think_user` LIMIT 1,1   [ RunTime:0.0010s ]
SQL: SELECT COUNT(*) AS tp_count FROM `think_user` LIMIT 1   [ RunTime:0.0000s ]

[ 2016-12-12T00:02:11+08:00 ] ::1 /thinkcms/admin.php/Index/getUserList
INFO: [ app_begin ] --START--
INFO: Run Behavior\ReadHtmlCacheBehavior [ RunTime:0.001000s ]
INFO: [ app_begin ] --END-- [ RunTime:0.002000s ]
SQL: SHOW COLUMNS FROM `think_user` [ RunTime:0.0060s ]
SQL: SELECT `id`,`username`,`useremail`,`regtime` FROM `think_user` LIMIT 0,1   [ RunTime:0.0010s ]
SQL: SELECT COUNT(*) AS tp_count FROM `think_user` LIMIT 1   [ RunTime:0.0000s ]

[ 2016-12-12T00:03:26+08:00 ] ::1 /thinkcms/admin.php/Index/getUserList
INFO: [ app_begin ] --START--
INFO: Run Behavior\ReadHtmlCacheBehavior [ RunTime:0.001000s ]
INFO: [ app_begin ] --END-- [ RunTime:0.002000s ]
SQL: SHOW COLUMNS FROM `think_user` [ RunTime:0.0050s ]
SQL: SELECT `id`,`username`,`useremail`,`regtime` FROM `think_user` LIMIT 0,1   [ RunTime:0.0000s ]
SQL: SELECT COUNT(*) AS tp_count FROM `think_user` LIMIT 1   [ RunTime:0.0010s ]

[ 2016-12-12T00:03:28+08:00 ] ::1 /thinkcms/admin.php/Index/getUserList
INFO: [ app_begin ] --START--
INFO: Run Behavior\ReadHtmlCacheBehavior [ RunTime:0.000000s ]
INFO: [ app_begin ] --END-- [ RunTime:0.001000s ]
SQL: SHOW COLUMNS FROM `think_user` [ RunTime:0.0050s ]
SQL: SELECT `id`,`username`,`useremail`,`regtime` FROM `think_user` LIMIT 1,1   [ RunTime:0.0000s ]
SQL: SELECT COUNT(*) AS tp_count FROM `think_user` LIMIT 1   [ RunTime:0.0000s ]

[ 2016-12-12T00:03:28+08:00 ] ::1 /thinkcms/admin.php/Index/getUserList
INFO: [ app_begin ] --START--
INFO: Run Behavior\ReadHtmlCacheBehavior [ RunTime:0.001000s ]
INFO: [ app_begin ] --END-- [ RunTime:0.002000s ]
SQL: SHOW COLUMNS FROM `think_user` [ RunTime:0.0050s ]
SQL: SELECT `id`,`username`,`useremail`,`regtime` FROM `think_user` LIMIT 2,1   [ RunTime:0.0010s ]
SQL: SELECT COUNT(*) AS tp_count FROM `think_user` LIMIT 1   [ RunTime:0.0000s ]

[ 2016-12-12T00:03:29+08:00 ] ::1 /thinkcms/admin.php/Index/getUserList
INFO: [ app_begin ] --START--
INFO: Run Behavior\ReadHtmlCacheBehavior [ RunTime:0.001000s ]
INFO: [ app_begin ] --END-- [ RunTime:0.002001s ]
SQL: SHOW COLUMNS FROM `think_user` [ RunTime:0.0050s ]
SQL: SELECT `id`,`username`,`useremail`,`regtime` FROM `think_user` LIMIT 3,1   [ RunTime:0.0000s ]
SQL: SELECT COUNT(*) AS tp_count FROM `think_user` LIMIT 1   [ RunTime:0.0010s ]

[ 2016-12-12T00:03:30+08:00 ] ::1 /thinkcms/admin.php/Index/getUserList
INFO: [ app_begin ] --START--
INFO: Run Behavior\ReadHtmlCacheBehavior [ RunTime:0.000000s ]
INFO: [ app_begin ] --END-- [ RunTime:0.002000s ]
SQL: SHOW COLUMNS FROM `think_user` [ RunTime:0.0050s ]
SQL: SELECT `id`,`username`,`useremail`,`regtime` FROM `think_user` LIMIT 2,1   [ RunTime:0.0000s ]
SQL: SELECT COUNT(*) AS tp_count FROM `think_user` LIMIT 1   [ RunTime:0.0000s ]

[ 2016-12-12T00:03:30+08:00 ] ::1 /thinkcms/admin.php/Index/getUserList
INFO: [ app_begin ] --START--
INFO: Run Behavior\ReadHtmlCacheBehavior [ RunTime:0.001000s ]
INFO: [ app_begin ] --END-- [ RunTime:0.002000s ]
SQL: SHOW COLUMNS FROM `think_user` [ RunTime:0.0050s ]
SQL: SELECT `id`,`username`,`useremail`,`regtime` FROM `think_user` LIMIT 1,1   [ RunTime:0.0010s ]
SQL: SELECT COUNT(*) AS tp_count FROM `think_user` LIMIT 1   [ RunTime:0.0000s ]

[ 2016-12-12T00:03:30+08:00 ] ::1 /thinkcms/admin.php/Index/getUserList
INFO: [ app_begin ] --START--
INFO: Run Behavior\ReadHtmlCacheBehavior [ RunTime:0.001000s ]
INFO: [ app_begin ] --END-- [ RunTime:0.001000s ]
SQL: SHOW COLUMNS FROM `think_user` [ RunTime:0.0060s ]
SQL: SELECT `id`,`username`,`useremail`,`regtime` FROM `think_user` LIMIT 0,1   [ RunTime:0.0000s ]
SQL: SELECT COUNT(*) AS tp_count FROM `think_user` LIMIT 1   [ RunTime:0.0010s ]

[ 2016-12-12T00:03:32+08:00 ] ::1 /thinkcms/admin.php/Index/getUserList
INFO: [ app_begin ] --START--
INFO: Run Behavior\ReadHtmlCacheBehavior [ RunTime:0.000000s ]
INFO: [ app_begin ] --END-- [ RunTime:0.001000s ]
SQL: SHOW COLUMNS FROM `think_user` [ RunTime:0.0070s ]
SQL: SELECT `id`,`username`,`useremail`,`regtime` FROM `think_user` LIMIT 1,1   [ RunTime:0.0010s ]
SQL: SELECT COUNT(*) AS tp_count FROM `think_user` LIMIT 1   [ RunTime:0.0010s ]

[ 2016-12-12T00:03:32+08:00 ] ::1 /thinkcms/admin.php/Index/getUserList
INFO: [ app_begin ] --START--
INFO: Run Behavior\ReadHtmlCacheBehavior [ RunTime:0.000000s ]
INFO: [ app_begin ] --END-- [ RunTime:0.001000s ]
SQL: SHOW COLUMNS FROM `think_user` [ RunTime:0.0040s ]
SQL: SELECT `id`,`username`,`useremail`,`regtime` FROM `think_user` LIMIT 2,1   [ RunTime:0.0000s ]
SQL: SELECT COUNT(*) AS tp_count FROM `think_user` LIMIT 1   [ RunTime:0.0000s ]

[ 2016-12-12T00:03:32+08:00 ] ::1 /thinkcms/admin.php/Index/getUserList
INFO: [ app_begin ] --START--
INFO: Run Behavior\ReadHtmlCacheBehavior [ RunTime:0.001000s ]
INFO: [ app_begin ] --END-- [ RunTime:0.002000s ]
SQL: SHOW COLUMNS FROM `think_user` [ RunTime:0.0050s ]
SQL: SELECT `id`,`username`,`useremail`,`regtime` FROM `think_user` LIMIT 3,1   [ RunTime:0.0010s ]
SQL: SELECT COUNT(*) AS tp_count FROM `think_user` LIMIT 1   [ RunTime:0.0000s ]

[ 2016-12-12T00:03:34+08:00 ] ::1 /thinkcms/admin.php/Index/getUserList
INFO: [ app_begin ] --START--
INFO: Run Behavior\ReadHtmlCacheBehavior [ RunTime:0.000000s ]
INFO: [ app_begin ] --END-- [ RunTime:0.001000s ]
SQL: SHOW COLUMNS FROM `think_user` [ RunTime:0.0040s ]
SQL: SELECT `id`,`username`,`useremail`,`regtime` FROM `think_user` LIMIT 2,1   [ RunTime:0.0000s ]
SQL: SELECT COUNT(*) AS tp_count FROM `think_user` LIMIT 1   [ RunTime:0.0010s ]

[ 2016-12-12T00:03:34+08:00 ] ::1 /thinkcms/admin.php/Index/getUserList
INFO: [ app_begin ] --START--
INFO: Run Behavior\ReadHtmlCacheBehavior [ RunTime:0.000000s ]
INFO: [ app_begin ] --END-- [ RunTime:0.001000s ]
SQL: SHOW COLUMNS FROM `think_user` [ RunTime:0.0780s ]
SQL: SELECT `id`,`username`,`useremail`,`regtime` FROM `think_user` LIMIT 1,1   [ RunTime:0.0010s ]
SQL: SELECT COUNT(*) AS tp_count FROM `think_user` LIMIT 1   [ RunTime:0.0010s ]

[ 2016-12-12T00:03:34+08:00 ] ::1 /thinkcms/admin.php/Index/getUserList
INFO: [ app_begin ] --START--
INFO: Run Behavior\ReadHtmlCacheBehavior [ RunTime:0.001000s ]
INFO: [ app_begin ] --END-- [ RunTime:0.001000s ]
SQL: SHOW COLUMNS FROM `think_user` [ RunTime:0.0050s ]
SQL: SELECT `id`,`username`,`useremail`,`regtime` FROM `think_user` LIMIT 0,1   [ RunTime:0.0000s ]
SQL: SELECT COUNT(*) AS tp_count FROM `think_user` LIMIT 1   [ RunTime:0.0000s ]

[ 2016-12-12T00:03:36+08:00 ] ::1 /thinkcms/admin.php/Index/getUserList
INFO: [ app_begin ] --START--
INFO: Run Behavior\ReadHtmlCacheBehavior [ RunTime:0.001000s ]
INFO: [ app_begin ] --END-- [ RunTime:0.002000s ]
SQL: SHOW COLUMNS FROM `think_user` [ RunTime:0.0040s ]
SQL: SELECT `id`,`username`,`useremail`,`regtime` FROM `think_user` LIMIT 1,1   [ RunTime:0.0010s ]
SQL: SELECT COUNT(*) AS tp_count FROM `think_user` LIMIT 1   [ RunTime:0.0000s ]

[ 2016-12-12T00:03:36+08:00 ] ::1 /thinkcms/admin.php/Index/getUserList
INFO: [ app_begin ] --START--
INFO: Run Behavior\ReadHtmlCacheBehavior [ RunTime:0.001000s ]
INFO: [ app_begin ] --END-- [ RunTime:0.001000s ]
SQL: SHOW COLUMNS FROM `think_user` [ RunTime:0.0050s ]
SQL: SELECT `id`,`username`,`useremail`,`regtime` FROM `think_user` LIMIT 2,1   [ RunTime:0.0010s ]
SQL: SELECT COUNT(*) AS tp_count FROM `think_user` LIMIT 1   [ RunTime:0.0000s ]

[ 2016-12-12T00:03:37+08:00 ] ::1 /thinkcms/admin.php/Index/getUserList
INFO: [ app_begin ] --START--
INFO: Run Behavior\ReadHtmlCacheBehavior [ RunTime:0.001001s ]
INFO: [ app_begin ] --END-- [ RunTime:0.001001s ]
SQL: SHOW COLUMNS FROM `think_user` [ RunTime:0.0060s ]
SQL: SELECT `id`,`username`,`useremail`,`regtime` FROM `think_user` LIMIT 3,1   [ RunTime:0.0000s ]
SQL: SELECT COUNT(*) AS tp_count FROM `think_user` LIMIT 1   [ RunTime:0.0000s ]

[ 2016-12-12T00:03:39+08:00 ] ::1 /thinkcms/admin.php/Index/getUserList
INFO: [ app_begin ] --START--
INFO: Run Behavior\ReadHtmlCacheBehavior [ RunTime:0.001000s ]
INFO: [ app_begin ] --END-- [ RunTime:0.002000s ]
SQL: SHOW COLUMNS FROM `think_user` [ RunTime:0.0060s ]
SQL: SELECT `id`,`username`,`useremail`,`regtime` FROM `think_user` LIMIT 1,1   [ RunTime:0.0000s ]
SQL: SELECT COUNT(*) AS tp_count FROM `think_user` LIMIT 1   [ RunTime:0.0010s ]

[ 2016-12-12T00:03:41+08:00 ] ::1 /thinkcms/admin.php/Index/getUserList
INFO: [ app_begin ] --START--
INFO: Run Behavior\ReadHtmlCacheBehavior [ RunTime:0.001000s ]
INFO: [ app_begin ] --END-- [ RunTime:0.001000s ]
SQL: SHOW COLUMNS FROM `think_user` [ RunTime:0.0050s ]
SQL: SELECT `id`,`username`,`useremail`,`regtime` FROM `think_user` LIMIT 0,1   [ RunTime:0.0000s ]
SQL: SELECT COUNT(*) AS tp_count FROM `think_user` LIMIT 1   [ RunTime:0.0000s ]

[ 2016-12-12T00:03:42+08:00 ] ::1 /thinkcms/admin.php/Index/getUserList
INFO: [ app_begin ] --START--
INFO: Run Behavior\ReadHtmlCacheBehavior [ RunTime:0.001000s ]
INFO: [ app_begin ] --END-- [ RunTime:0.001000s ]
SQL: SHOW COLUMNS FROM `think_user` [ RunTime:0.0050s ]
SQL: SELECT `id`,`username`,`useremail`,`regtime` FROM `think_user` LIMIT 1,1   [ RunTime:0.0010s ]
SQL: SELECT COUNT(*) AS tp_count FROM `think_user` LIMIT 1   [ RunTime:0.0000s ]

[ 2016-12-12T00:03:43+08:00 ] ::1 /thinkcms/admin.php/Index/getUserList
INFO: [ app_begin ] --START--
INFO: Run Behavior\ReadHtmlCacheBehavior [ RunTime:0.000000s ]
INFO: [ app_begin ] --END-- [ RunTime:0.001000s ]
SQL: SHOW COLUMNS FROM `think_user` [ RunTime:0.0120s ]
SQL: SELECT `id`,`username`,`useremail`,`regtime` FROM `think_user` LIMIT 2,1   [ RunTime:0.0010s ]
SQL: SELECT COUNT(*) AS tp_count FROM `think_user` LIMIT 1   [ RunTime:0.0000s ]

[ 2016-12-12T00:03:44+08:00 ] ::1 /thinkcms/admin.php/Index/getUserList
INFO: [ app_begin ] --START--
INFO: Run Behavior\ReadHtmlCacheBehavior [ RunTime:0.001000s ]
INFO: [ app_begin ] --END-- [ RunTime:0.001000s ]
SQL: SHOW COLUMNS FROM `think_user` [ RunTime:0.0050s ]
SQL: SELECT `id`,`username`,`useremail`,`regtime` FROM `think_user` LIMIT 3,1   [ RunTime:0.0010s ]
SQL: SELECT COUNT(*) AS tp_count FROM `think_user` LIMIT 1   [ RunTime:0.0000s ]

[ 2016-12-12T00:03:45+08:00 ] ::1 /thinkcms/admin.php/Index/getUserList
INFO: [ app_begin ] --START--
INFO: Run Behavior\ReadHtmlCacheBehavior [ RunTime:0.001001s ]
INFO: [ app_begin ] --END-- [ RunTime:0.002001s ]
SQL: SHOW COLUMNS FROM `think_user` [ RunTime:0.0050s ]
SQL: SELECT `id`,`username`,`useremail`,`regtime` FROM `think_user` LIMIT 2,1   [ RunTime:0.0000s ]
SQL: SELECT COUNT(*) AS tp_count FROM `think_user` LIMIT 1   [ RunTime:0.0000s ]

[ 2016-12-12T00:04:20+08:00 ] ::1 /thinkcms/admin.php/Index/getUserList
INFO: [ app_begin ] --START--
INFO: Run Behavior\ReadHtmlCacheBehavior [ RunTime:0.001000s ]
INFO: [ app_begin ] --END-- [ RunTime:0.001000s ]
SQL: SHOW COLUMNS FROM `think_user` [ RunTime:0.0050s ]
SQL: SELECT `id`,`username`,`useremail`,`regtime` FROM `think_user` LIMIT 0,2   [ RunTime:0.0010s ]
SQL: SELECT COUNT(*) AS tp_count FROM `think_user` LIMIT 1   [ RunTime:0.0000s ]

[ 2016-12-12T00:04:22+08:00 ] ::1 /thinkcms/admin.php/Index/getUserList
INFO: [ app_begin ] --START--
INFO: Run Behavior\ReadHtmlCacheBehavior [ RunTime:0.001000s ]
INFO: [ app_begin ] --END-- [ RunTime:0.002000s ]
SQL: SHOW COLUMNS FROM `think_user` [ RunTime:0.0050s ]
SQL: SELECT `id`,`username`,`useremail`,`regtime` FROM `think_user` LIMIT 2,2   [ RunTime:0.0000s ]
SQL: SELECT COUNT(*) AS tp_count FROM `think_user` LIMIT 1   [ RunTime:0.0000s ]

[ 2016-12-12T00:04:28+08:00 ] ::1 /thinkcms/admin.php/Index/getUserList
INFO: [ app_begin ] --START--
INFO: Run Behavior\ReadHtmlCacheBehavior [ RunTime:0.001000s ]
INFO: [ app_begin ] --END-- [ RunTime:0.002000s ]
SQL: SHOW COLUMNS FROM `think_user` [ RunTime:0.0060s ]
SQL: SELECT `id`,`username`,`useremail`,`regtime` FROM `think_user` LIMIT 4,2   [ RunTime:0.0000s ]
SQL: SELECT COUNT(*) AS tp_count FROM `think_user` LIMIT 1   [ RunTime:0.0000s ]

[ 2016-12-12T00:04:29+08:00 ] ::1 /thinkcms/admin.php/Index/getUserList
INFO: [ app_begin ] --START--
INFO: Run Behavior\ReadHtmlCacheBehavior [ RunTime:0.001000s ]
INFO: [ app_begin ] --END-- [ RunTime:0.001000s ]
SQL: SHOW COLUMNS FROM `think_user` [ RunTime:0.0050s ]
SQL: SELECT `id`,`username`,`useremail`,`regtime` FROM `think_user` LIMIT 2,2   [ RunTime:0.0010s ]
SQL: SELECT COUNT(*) AS tp_count FROM `think_user` LIMIT 1   [ RunTime:0.0000s ]

[ 2016-12-12T00:09:28+08:00 ] ::1 /thinkcms/admin.php/Index/getUserList
INFO: [ app_begin ] --START--
INFO: Run Behavior\ReadHtmlCacheBehavior [ RunTime:0.001000s ]
INFO: [ app_begin ] --END-- [ RunTime:0.002000s ]
SQL: SHOW COLUMNS FROM `think_user` [ RunTime:0.0060s ]
SQL: SELECT `id`,`username`,`useremail`,`regtime` FROM `think_user` LIMIT 0,2   [ RunTime:0.0010s ]
SQL: SELECT COUNT(*) AS tp_count FROM `think_user` LIMIT 1   [ RunTime:0.0000s ]

[ 2016-12-12T00:10:57+08:00 ] ::1 /thinkcms/admin.php/Index/getUserList
INFO: [ app_begin ] --START--
INFO: Run Behavior\ReadHtmlCacheBehavior [ RunTime:0.000000s ]
INFO: [ app_begin ] --END-- [ RunTime:0.002000s ]
SQL: SHOW COLUMNS FROM `think_user` [ RunTime:0.0050s ]
SQL: SELECT `id`,`username`,`useremail`,`regtime` FROM `think_user` LIMIT 0,2   [ RunTime:0.0000s ]
SQL: SELECT COUNT(*) AS tp_count FROM `think_user` LIMIT 1   [ RunTime:0.0010s ]

[ 2016-12-12T00:11:31+08:00 ] ::1 /thinkcms/admin.php/Index/getUserList
INFO: [ app_begin ] --START--
INFO: Run Behavior\ReadHtmlCacheBehavior [ RunTime:0.001000s ]
INFO: [ app_begin ] --END-- [ RunTime:0.002000s ]
SQL: SHOW COLUMNS FROM `think_user` [ RunTime:0.0050s ]
SQL: SELECT `id`,`username`,`useremail`,`regtime` FROM `think_user` LIMIT 0,2   [ RunTime:0.0000s ]
SQL: SELECT COUNT(*) AS tp_count FROM `think_user` LIMIT 1   [ RunTime:0.0010s ]

[ 2016-12-12T00:11:42+08:00 ] ::1 /thinkcms/admin.php/Index/getUserList
INFO: [ app_begin ] --START--
INFO: Run Behavior\ReadHtmlCacheBehavior [ RunTime:0.001000s ]
INFO: [ app_begin ] --END-- [ RunTime:0.002000s ]
SQL: SHOW COLUMNS FROM `think_user` [ RunTime:0.0040s ]
SQL: SELECT `id`,`username`,`useremail`,`regtime` FROM `think_user` LIMIT 2,2   [ RunTime:0.0000s ]
SQL: SELECT COUNT(*) AS tp_count FROM `think_user` LIMIT 1   [ RunTime:0.0000s ]

[ 2016-12-12T00:11:45+08:00 ] ::1 /thinkcms/admin.php/Index/getUserList
INFO: [ app_begin ] --START--
INFO: Run Behavior\ReadHtmlCacheBehavior [ RunTime:0.001000s ]
INFO: [ app_begin ] --END-- [ RunTime:0.002000s ]
SQL: SHOW COLUMNS FROM `think_user` [ RunTime:0.0050s ]
SQL: SELECT `id`,`username`,`useremail`,`regtime` FROM `think_user` LIMIT 4,2   [ RunTime:0.0010s ]
SQL: SELECT COUNT(*) AS tp_count FROM `think_user` LIMIT 1   [ RunTime:0.0000s ]

[ 2016-12-12T00:11:48+08:00 ] ::1 /thinkcms/admin.php/Index/getUserList
INFO: [ app_begin ] --START--
INFO: Run Behavior\ReadHtmlCacheBehavior [ RunTime:0.001000s ]
INFO: [ app_begin ] --END-- [ RunTime:0.001000s ]
SQL: SHOW COLUMNS FROM `think_user` [ RunTime:0.0050s ]
SQL: SELECT `id`,`username`,`useremail`,`regtime` FROM `think_user` LIMIT 2,2   [ RunTime:0.0000s ]
SQL: SELECT COUNT(*) AS tp_count FROM `think_user` LIMIT 1   [ RunTime:0.0000s ]

[ 2016-12-12T00:13:04+08:00 ] ::1 /thinkcms/admin.php/Index/getUserList
INFO: [ app_begin ] --START--
INFO: Run Behavior\ReadHtmlCacheBehavior [ RunTime:0.001001s ]
INFO: [ app_begin ] --END-- [ RunTime:0.002001s ]
SQL: SHOW COLUMNS FROM `think_user` [ RunTime:0.0060s ]
SQL: SELECT `id`,`username`,`useremail`,`regtime` FROM `think_user` LIMIT 0,2   [ RunTime:0.0010s ]
SQL: SELECT COUNT(*) AS tp_count FROM `think_user` LIMIT 1   [ RunTime:0.0000s ]

[ 2016-12-12T00:13:41+08:00 ] ::1 /thinkcms/admin.php/Index/getUserList
INFO: [ app_begin ] --START--
INFO: Run Behavior\ReadHtmlCacheBehavior [ RunTime:0.001000s ]
INFO: [ app_begin ] --END-- [ RunTime:0.002000s ]
SQL: SHOW COLUMNS FROM `think_user` [ RunTime:0.0070s ]
SQL: SELECT `id`,`username`,`useremail`,`regtime` FROM `think_user` LIMIT 0,2   [ RunTime:0.0000s ]
SQL: SELECT COUNT(*) AS tp_count FROM `think_user` LIMIT 1   [ RunTime:0.0000s ]

[ 2016-12-12T00:13:43+08:00 ] ::1 /thinkcms/admin.php/Index/getUserList
INFO: [ app_begin ] --START--
INFO: Run Behavior\ReadHtmlCacheBehavior [ RunTime:0.000000s ]
INFO: [ app_begin ] --END-- [ RunTime:0.001000s ]
SQL: SHOW COLUMNS FROM `think_user` [ RunTime:0.0050s ]
SQL: SELECT `id`,`username`,`useremail`,`regtime` FROM `think_user` LIMIT 2,2   [ RunTime:0.0010s ]
SQL: SELECT COUNT(*) AS tp_count FROM `think_user` LIMIT 1   [ RunTime:0.0010s ]

[ 2016-12-12T00:13:46+08:00 ] ::1 /thinkcms/admin.php/Index/getUserList
INFO: [ app_begin ] --START--
INFO: Run Behavior\ReadHtmlCacheBehavior [ RunTime:0.001000s ]
INFO: [ app_begin ] --END-- [ RunTime:0.001000s ]
SQL: SHOW COLUMNS FROM `think_user` [ RunTime:0.0060s ]
SQL: SELECT `id`,`username`,`useremail`,`regtime` FROM `think_user` LIMIT 0,2   [ RunTime:0.0000s ]
SQL: SELECT COUNT(*) AS tp_count FROM `think_user` LIMIT 1   [ RunTime:0.0000s ]

[ 2016-12-12T00:14:09+08:00 ] ::1 /thinkcms/admin.php/Index/getUserList
INFO: [ app_begin ] --START--
INFO: Run Behavior\ReadHtmlCacheBehavior [ RunTime:0.001000s ]
INFO: [ app_begin ] --END-- [ RunTime:0.001000s ]
SQL: SHOW COLUMNS FROM `think_user` [ RunTime:0.0070s ]
SQL: SELECT `id`,`username`,`useremail`,`regtime` FROM `think_user` LIMIT 0,3   [ RunTime:0.0010s ]
SQL: SELECT COUNT(*) AS tp_count FROM `think_user` LIMIT 1   [ RunTime:0.0000s ]

[ 2016-12-12T00:14:18+08:00 ] ::1 /thinkcms/admin.php/Index/getUserList
INFO: [ app_begin ] --START--
INFO: Run Behavior\ReadHtmlCacheBehavior [ RunTime:0.001000s ]
INFO: [ app_begin ] --END-- [ RunTime:0.002000s ]
SQL: SHOW COLUMNS FROM `think_user` [ RunTime:0.0070s ]
SQL: SELECT `id`,`username`,`useremail`,`regtime` FROM `think_user` LIMIT 3,3   [ RunTime:0.0010s ]
SQL: SELECT COUNT(*) AS tp_count FROM `think_user` LIMIT 1   [ RunTime:0.0000s ]

[ 2016-12-12T00:15:25+08:00 ] ::1 /thinkcms/admin.php/Index/getUserList
INFO: [ app_begin ] --START--
INFO: Run Behavior\ReadHtmlCacheBehavior [ RunTime:0.000000s ]
INFO: [ app_begin ] --END-- [ RunTime:0.001000s ]
SQL: SHOW COLUMNS FROM `think_user` [ RunTime:0.0070s ]
SQL: SELECT `id`,`username`,`useremail`,`regtime` FROM `think_user` LIMIT 0,3   [ RunTime:0.0010s ]
SQL: SELECT COUNT(*) AS tp_count FROM `think_user` LIMIT 1   [ RunTime:0.0000s ]

[ 2016-12-12T00:15:29+08:00 ] ::1 /thinkcms/admin.php/Index/getUserList
INFO: [ app_begin ] --START--
INFO: Run Behavior\ReadHtmlCacheBehavior [ RunTime:0.001000s ]
INFO: [ app_begin ] --END-- [ RunTime:0.002000s ]
SQL: SHOW COLUMNS FROM `think_user` [ RunTime:0.0060s ]
SQL: SELECT `id`,`username`,`useremail`,`regtime` FROM `think_user` LIMIT 3,3   [ RunTime:0.0010s ]
SQL: SELECT COUNT(*) AS tp_count FROM `think_user` LIMIT 1   [ RunTime:0.0000s ]

[ 2016-12-12T00:15:32+08:00 ] ::1 /thinkcms/admin.php/Index/getUserList
INFO: [ app_begin ] --START--
INFO: Run Behavior\ReadHtmlCacheBehavior [ RunTime:0.001000s ]
INFO: [ app_begin ] --END-- [ RunTime:0.001000s ]
SQL: SHOW COLUMNS FROM `think_user` [ RunTime:0.0050s ]
SQL: SELECT `id`,`username`,`useremail`,`regtime` FROM `think_user` LIMIT 6,3   [ RunTime:0.0000s ]
SQL: SELECT COUNT(*) AS tp_count FROM `think_user` LIMIT 1   [ RunTime:0.0000s ]

[ 2016-12-12T00:15:37+08:00 ] ::1 /thinkcms/admin.php/Index/getUserList
INFO: [ app_begin ] --START--
INFO: Run Behavior\ReadHtmlCacheBehavior [ RunTime:0.001000s ]
INFO: [ app_begin ] --END-- [ RunTime:0.001000s ]
SQL: SHOW COLUMNS FROM `think_user` [ RunTime:0.0060s ]
ERR: 1064:You have an error in your SQL syntax; check the manual that corresponds to your MariaDB server version for the right syntax to use near '-3,3' at line 1
 [ SQL语句 ] : SELECT `id`,`username`,`useremail`,`regtime` FROM `think_user` LIMIT -3,3  
ERR: 1064:You have an error in your SQL syntax; check the manual that corresponds to your MariaDB server version for the right syntax to use near '-3,3' at line 1
 [ SQL语句 ] : SELECT `id`,`username`,`useremail`,`regtime` FROM `think_user` LIMIT -3,3  

[ 2016-12-12T00:16:48+08:00 ] ::1 /thinkcms/admin.php/Index/getUserList
INFO: [ app_begin ] --START--
INFO: Run Behavior\ReadHtmlCacheBehavior [ RunTime:0.001000s ]
INFO: [ app_begin ] --END-- [ RunTime:0.002001s ]
SQL: SHOW COLUMNS FROM `think_user` [ RunTime:0.0050s ]
SQL: SELECT `id`,`username`,`useremail`,`regtime` FROM `think_user` LIMIT 0,3   [ RunTime:0.0000s ]
SQL: SELECT COUNT(*) AS tp_count FROM `think_user` LIMIT 1   [ RunTime:0.0010s ]

[ 2016-12-12T00:16:59+08:00 ] ::1 /thinkcms/admin.php/Index/getUserList
INFO: [ app_begin ] --START--
INFO: Run Behavior\ReadHtmlCacheBehavior [ RunTime:0.001000s ]
INFO: [ app_begin ] --END-- [ RunTime:0.002000s ]
SQL: SHOW COLUMNS FROM `think_user` [ RunTime:0.0040s ]
SQL: SELECT `id`,`username`,`useremail`,`regtime` FROM `think_user` LIMIT 3,3   [ RunTime:0.0000s ]
SQL: SELECT COUNT(*) AS tp_count FROM `think_user` LIMIT 1   [ RunTime:0.0010s ]

[ 2016-12-12T00:20:57+08:00 ] ::1 /thinkcms/admin.php/Index/getUserList
INFO: [ app_begin ] --START--
INFO: Run Behavior\ReadHtmlCacheBehavior [ RunTime:0.001000s ]
INFO: [ app_begin ] --END-- [ RunTime:0.001000s ]
SQL: SHOW COLUMNS FROM `think_user` [ RunTime:0.0050s ]
SQL: SELECT `id`,`username`,`useremail`,`regtime` FROM `think_user` LIMIT 0,3   [ RunTime:0.0010s ]
SQL: SELECT COUNT(*) AS tp_count FROM `think_user` LIMIT 1   [ RunTime:0.0000s ]

[ 2016-12-12T00:21:01+08:00 ] ::1 /thinkcms/admin.php/Index/getUserList
INFO: [ app_begin ] --START--
INFO: Run Behavior\ReadHtmlCacheBehavior [ RunTime:0.001000s ]
INFO: [ app_begin ] --END-- [ RunTime:0.002000s ]
SQL: SHOW COLUMNS FROM `think_user` [ RunTime:0.0040s ]
SQL: SELECT `id`,`username`,`useremail`,`regtime` FROM `think_user` LIMIT 3,3   [ RunTime:0.0000s ]
SQL: SELECT COUNT(*) AS tp_count FROM `think_user` LIMIT 1   [ RunTime:0.0010s ]

[ 2016-12-12T00:21:15+08:00 ] ::1 /thinkcms/admin.php/Index/getUserList
INFO: [ app_begin ] --START--
INFO: Run Behavior\ReadHtmlCacheBehavior [ RunTime:0.001000s ]
INFO: [ app_begin ] --END-- [ RunTime:0.002000s ]
SQL: SHOW COLUMNS FROM `think_user` [ RunTime:0.0050s ]
SQL: SELECT `id`,`username`,`useremail`,`regtime` FROM `think_user` LIMIT 0,3   [ RunTime:0.0010s ]
SQL: SELECT COUNT(*) AS tp_count FROM `think_user` LIMIT 1   [ RunTime:0.0010s ]

[ 2016-12-12T00:21:17+08:00 ] ::1 /thinkcms/admin.php/Index/getUserList
INFO: [ app_begin ] --START--
INFO: Run Behavior\ReadHtmlCacheBehavior [ RunTime:0.001000s ]
INFO: [ app_begin ] --END-- [ RunTime:0.002000s ]
SQL: SHOW COLUMNS FROM `think_user` [ RunTime:0.0070s ]
SQL: SELECT `id`,`username`,`useremail`,`regtime` FROM `think_user` LIMIT 3,3   [ RunTime:0.0010s ]
SQL: SELECT COUNT(*) AS tp_count FROM `think_user` LIMIT 1   [ RunTime:0.0010s ]

[ 2016-12-12T00:21:19+08:00 ] ::1 /thinkcms/admin.php/Index/getUserList
INFO: [ app_begin ] --START--
INFO: Run Behavior\ReadHtmlCacheBehavior [ RunTime:0.001000s ]
INFO: [ app_begin ] --END-- [ RunTime:0.002000s ]
SQL: SHOW COLUMNS FROM `think_user` [ RunTime:0.0060s ]
SQL: SELECT `id`,`username`,`useremail`,`regtime` FROM `think_user` LIMIT 0,3   [ RunTime:0.0010s ]
SQL: SELECT COUNT(*) AS tp_count FROM `think_user` LIMIT 1   [ RunTime:0.0000s ]

[ 2016-12-12T00:21:20+08:00 ] ::1 /thinkcms/admin.php/Index/getUserList
INFO: [ app_begin ] --START--
INFO: Run Behavior\ReadHtmlCacheBehavior [ RunTime:0.001000s ]
INFO: [ app_begin ] --END-- [ RunTime:0.001000s ]
SQL: SHOW COLUMNS FROM `think_user` [ RunTime:0.0050s ]
SQL: SELECT `id`,`username`,`useremail`,`regtime` FROM `think_user` LIMIT 3,3   [ RunTime:0.0000s ]
SQL: SELECT COUNT(*) AS tp_count FROM `think_user` LIMIT 1   [ RunTime:0.0010s ]

[ 2016-12-12T00:21:21+08:00 ] ::1 /thinkcms/admin.php/Index/getUserList
INFO: [ app_begin ] --START--
INFO: Run Behavior\ReadHtmlCacheBehavior [ RunTime:0.001000s ]
INFO: [ app_begin ] --END-- [ RunTime:0.002000s ]
SQL: SHOW COLUMNS FROM `think_user` [ RunTime:0.0060s ]
SQL: SELECT `id`,`username`,`useremail`,`regtime` FROM `think_user` LIMIT 0,3   [ RunTime:0.0000s ]
SQL: SELECT COUNT(*) AS tp_count FROM `think_user` LIMIT 1   [ RunTime:0.0000s ]

[ 2016-12-12T00:21:22+08:00 ] ::1 /thinkcms/admin.php/Index/getUserList
INFO: [ app_begin ] --START--
INFO: Run Behavior\ReadHtmlCacheBehavior [ RunTime:0.001000s ]
INFO: [ app_begin ] --END-- [ RunTime:0.001000s ]
SQL: SHOW COLUMNS FROM `think_user` [ RunTime:0.0050s ]
SQL: SELECT `id`,`username`,`useremail`,`regtime` FROM `think_user` LIMIT 3,3   [ RunTime:0.0010s ]
SQL: SELECT COUNT(*) AS tp_count FROM `think_user` LIMIT 1   [ RunTime:0.0000s ]

[ 2016-12-12T00:21:24+08:00 ] ::1 /thinkcms/admin.php/Index/getUserList
INFO: [ app_begin ] --START--
INFO: Run Behavior\ReadHtmlCacheBehavior [ RunTime:0.000000s ]
INFO: [ app_begin ] --END-- [ RunTime:0.001000s ]
SQL: SHOW COLUMNS FROM `think_user` [ RunTime:0.0050s ]
SQL: SELECT `id`,`username`,`useremail`,`regtime` FROM `think_user` LIMIT 0,3   [ RunTime:0.0010s ]
SQL: SELECT COUNT(*) AS tp_count FROM `think_user` LIMIT 1   [ RunTime:0.0000s ]

[ 2016-12-12T00:21:25+08:00 ] ::1 /thinkcms/admin.php/Index/getUserList
INFO: [ app_begin ] --START--
INFO: Run Behavior\ReadHtmlCacheBehavior [ RunTime:0.001000s ]
INFO: [ app_begin ] --END-- [ RunTime:0.001000s ]
SQL: SHOW COLUMNS FROM `think_user` [ RunTime:0.0050s ]
SQL: SELECT `id`,`username`,`useremail`,`regtime` FROM `think_user` LIMIT 3,3   [ RunTime:0.0000s ]
SQL: SELECT COUNT(*) AS tp_count FROM `think_user` LIMIT 1   [ RunTime:0.0010s ]

[ 2016-12-12T00:21:43+08:00 ] ::1 /thinkcms/admin.php/Index/getUserList
INFO: [ app_begin ] --START--
INFO: Run Behavior\ReadHtmlCacheBehavior [ RunTime:0.001000s ]
INFO: [ app_begin ] --END-- [ RunTime:0.002000s ]
SQL: SHOW COLUMNS FROM `think_user` [ RunTime:0.0050s ]
SQL: SELECT `id`,`username`,`useremail`,`regtime` FROM `think_user` LIMIT 0,2   [ RunTime:0.0010s ]
SQL: SELECT COUNT(*) AS tp_count FROM `think_user` LIMIT 1   [ RunTime:0.0000s ]

[ 2016-12-12T00:21:46+08:00 ] ::1 /thinkcms/admin.php/Index/getUserList
INFO: [ app_begin ] --START--
INFO: Run Behavior\ReadHtmlCacheBehavior [ RunTime:0.001000s ]
INFO: [ app_begin ] --END-- [ RunTime:0.002000s ]
SQL: SHOW COLUMNS FROM `think_user` [ RunTime:0.0040s ]
SQL: SELECT `id`,`username`,`useremail`,`regtime` FROM `think_user` LIMIT 2,2   [ RunTime:0.0000s ]
SQL: SELECT COUNT(*) AS tp_count FROM `think_user` LIMIT 1   [ RunTime:0.0010s ]

[ 2016-12-12T00:21:47+08:00 ] ::1 /thinkcms/admin.php/Index/getUserList
INFO: [ app_begin ] --START--
INFO: Run Behavior\ReadHtmlCacheBehavior [ RunTime:0.001001s ]
INFO: [ app_begin ] --END-- [ RunTime:0.001001s ]
SQL: SHOW COLUMNS FROM `think_user` [ RunTime:0.0070s ]
SQL: SELECT `id`,`username`,`useremail`,`regtime` FROM `think_user` LIMIT 0,2   [ RunTime:0.0000s ]
SQL: SELECT COUNT(*) AS tp_count FROM `think_user` LIMIT 1   [ RunTime:0.0010s ]

[ 2016-12-12T00:27:57+08:00 ] 192.168.1.21 /thinkcms/admin.php/Index/getUserList
INFO: [ app_begin ] --START--
INFO: Run Behavior\ReadHtmlCacheBehavior [ RunTime:0.001000s ]
INFO: [ app_begin ] --END-- [ RunTime:0.002000s ]
SQL: SHOW COLUMNS FROM `think_user` [ RunTime:0.0050s ]
SQL: SELECT `id`,`username`,`useremail`,`regtime` FROM `think_user` LIMIT 0,2   [ RunTime:0.0010s ]
SQL: SELECT COUNT(*) AS tp_count FROM `think_user` LIMIT 1   [ RunTime:0.0000s ]

[ 2016-12-12T00:28:01+08:00 ] 192.168.1.21 /thinkcms/admin.php/Index/getUserList
INFO: [ app_begin ] --START--
INFO: Run Behavior\ReadHtmlCacheBehavior [ RunTime:0.001000s ]
INFO: [ app_begin ] --END-- [ RunTime:0.002001s ]
SQL: SHOW COLUMNS FROM `think_user` [ RunTime:0.0060s ]
SQL: SELECT `id`,`username`,`useremail`,`regtime` FROM `think_user` LIMIT 2,2   [ RunTime:0.0010s ]
SQL: SELECT COUNT(*) AS tp_count FROM `think_user` LIMIT 1   [ RunTime:0.0010s ]

[ 2016-12-12T00:28:02+08:00 ] 192.168.1.21 /thinkcms/admin.php/Index/getUserList
INFO: [ app_begin ] --START--
INFO: Run Behavior\ReadHtmlCacheBehavior [ RunTime:0.001000s ]
INFO: [ app_begin ] --END-- [ RunTime:0.002000s ]
SQL: SHOW COLUMNS FROM `think_user` [ RunTime:0.0040s ]
SQL: SELECT `id`,`username`,`useremail`,`regtime` FROM `think_user` LIMIT 0,2   [ RunTime:0.0000s ]
SQL: SELECT COUNT(*) AS tp_count FROM `think_user` LIMIT 1   [ RunTime:0.0010s ]

[ 2016-12-12T00:28:03+08:00 ] 192.168.1.21 /thinkcms/admin.php/Index/getUserList
INFO: [ app_begin ] --START--
INFO: Run Behavior\ReadHtmlCacheBehavior [ RunTime:0.001000s ]
INFO: [ app_begin ] --END-- [ RunTime:0.001000s ]
SQL: SHOW COLUMNS FROM `think_user` [ RunTime:0.0050s ]
SQL: SELECT `id`,`username`,`useremail`,`regtime` FROM `think_user` LIMIT 2,2   [ RunTime:0.0010s ]
SQL: SELECT COUNT(*) AS tp_count FROM `think_user` LIMIT 1   [ RunTime:0.0000s ]

[ 2016-12-12T00:28:05+08:00 ] 192.168.1.21 /thinkcms/admin.php/Index/getUserList
INFO: [ app_begin ] --START--
INFO: Run Behavior\ReadHtmlCacheBehavior [ RunTime:0.000000s ]
INFO: [ app_begin ] --END-- [ RunTime:0.001000s ]
SQL: SHOW COLUMNS FROM `think_user` [ RunTime:0.0040s ]
SQL: SELECT `id`,`username`,`useremail`,`regtime` FROM `think_user` LIMIT 0,2   [ RunTime:0.0000s ]
SQL: SELECT COUNT(*) AS tp_count FROM `think_user` LIMIT 1   [ RunTime:0.0010s ]

[ 2016-12-12T00:28:06+08:00 ] 192.168.1.21 /thinkcms/admin.php/Index/getUserList
INFO: [ app_begin ] --START--
INFO: Run Behavior\ReadHtmlCacheBehavior [ RunTime:0.001000s ]
INFO: [ app_begin ] --END-- [ RunTime:0.001000s ]
SQL: SHOW COLUMNS FROM `think_user` [ RunTime:0.0050s ]
SQL: SELECT `id`,`username`,`useremail`,`regtime` FROM `think_user` LIMIT 2,2   [ RunTime:0.0000s ]
SQL: SELECT COUNT(*) AS tp_count FROM `think_user` LIMIT 1   [ RunTime:0.0000s ]

[ 2016-12-12T00:28:08+08:00 ] 192.168.1.21 /thinkcms/admin.php/Index/getUserList
INFO: [ app_begin ] --START--
INFO: Run Behavior\ReadHtmlCacheBehavior [ RunTime:0.001000s ]
INFO: [ app_begin ] --END-- [ RunTime:0.002000s ]
SQL: SHOW COLUMNS FROM `think_user` [ RunTime:0.0060s ]
SQL: SELECT `id`,`username`,`useremail`,`regtime` FROM `think_user` LIMIT 0,2   [ RunTime:0.0000s ]
SQL: SELECT COUNT(*) AS tp_count FROM `think_user` LIMIT 1   [ RunTime:0.0000s ]

