[ 2016-12-21T00:00:36+08:00 ] ::1 /thinkcms/admin.php/Index/getUserList
INFO: [ app_begin ] --START--
INFO: Run Behavior\ReadHtmlCacheBehavior [ RunTime:0.000000s ]
INFO: [ app_begin ] --END-- [ RunTime:0.001000s ]
SQL: SHOW COLUMNS FROM `think_user` [ RunTime:0.0030s ]
SQL: SELECT `id`,`username`,`useremail`,`regtime` FROM `think_user` LIMIT 18,2   [ RunTime:0.0000s ]
SQL: SELECT COUNT(*) AS tp_count FROM `think_user` LIMIT 1   [ RunTime:0.0000s ]

[ 2016-12-21T00:00:37+08:00 ] ::1 /thinkcms/admin.php/Index/getUserList
INFO: [ app_begin ] --START--
INFO: Run Behavior\ReadHtmlCacheBehavior [ RunTime:0.000000s ]
INFO: [ app_begin ] --END-- [ RunTime:0.001000s ]
SQL: SHOW COLUMNS FROM `think_user` [ RunTime:0.0020s ]
SQL: SELECT `id`,`username`,`useremail`,`regtime` FROM `think_user` LIMIT 20,2   [ RunTime:0.0000s ]
SQL: SELECT COUNT(*) AS tp_count FROM `think_user` LIMIT 1   [ RunTime:0.0010s ]

[ 2016-12-21T00:01:06+08:00 ] ::1 /thinkcms/admin.php/Index/getUserList
INFO: [ app_begin ] --START--
INFO: Run Behavior\ReadHtmlCacheBehavior [ RunTime:0.001000s ]
INFO: [ app_begin ] --END-- [ RunTime:0.001000s ]
SQL: SHOW COLUMNS FROM `think_user` [ RunTime:0.0030s ]
SQL: SELECT `id`,`username`,`useremail`,`regtime` FROM `think_user` LIMIT 0,2   [ RunTime:0.0010s ]
SQL: SELECT COUNT(*) AS tp_count FROM `think_user` LIMIT 1   [ RunTime:0.0000s ]

[ 2016-12-21T00:01:13+08:00 ] ::1 /thinkcms/admin.php/Index/getUserList
INFO: [ app_begin ] --START--
INFO: Run Behavior\ReadHtmlCacheBehavior [ RunTime:0.001000s ]
INFO: [ app_begin ] --END-- [ RunTime:0.001000s ]
SQL: SHOW COLUMNS FROM `think_user` [ RunTime:0.0030s ]
SQL: SELECT `id`,`username`,`useremail`,`regtime` FROM `think_user` LIMIT 2,2   [ RunTime:0.0010s ]
SQL: SELECT COUNT(*) AS tp_count FROM `think_user` LIMIT 1   [ RunTime:0.0000s ]

[ 2016-12-21T00:01:14+08:00 ] ::1 /thinkcms/admin.php/Index/getUserList
INFO: [ app_begin ] --START--
INFO: Run Behavior\ReadHtmlCacheBehavior [ RunTime:0.000000s ]
INFO: [ app_begin ] --END-- [ RunTime:0.002000s ]
SQL: SHOW COLUMNS FROM `think_user` [ RunTime:0.0020s ]
SQL: SELECT `id`,`username`,`useremail`,`regtime` FROM `think_user` LIMIT 4,2   [ RunTime:0.0010s ]
SQL: SELECT COUNT(*) AS tp_count FROM `think_user` LIMIT 1   [ RunTime:0.0000s ]

[ 2016-12-21T00:01:15+08:00 ] ::1 /thinkcms/admin.php/Index/getUserList
INFO: [ app_begin ] --START--
INFO: Run Behavior\ReadHtmlCacheBehavior [ RunTime:0.001000s ]
INFO: [ app_begin ] --END-- [ RunTime:0.001000s ]
SQL: SHOW COLUMNS FROM `think_user` [ RunTime:0.0030s ]
SQL: SELECT `id`,`username`,`useremail`,`regtime` FROM `think_user` LIMIT 6,2   [ RunTime:0.0010s ]
SQL: SELECT COUNT(*) AS tp_count FROM `think_user` LIMIT 1   [ RunTime:0.0000s ]

[ 2016-12-21T00:01:16+08:00 ] ::1 /thinkcms/admin.php/Index/getUserList
INFO: [ app_begin ] --START--
INFO: Run Behavior\ReadHtmlCacheBehavior [ RunTime:0.001000s ]
INFO: [ app_begin ] --END-- [ RunTime:0.001000s ]
SQL: SHOW COLUMNS FROM `think_user` [ RunTime:0.0020s ]
SQL: SELECT `id`,`username`,`useremail`,`regtime` FROM `think_user` LIMIT 8,2   [ RunTime:0.0000s ]
SQL: SELECT COUNT(*) AS tp_count FROM `think_user` LIMIT 1   [ RunTime:0.0010s ]

[ 2016-12-21T21:23:03+08:00 ] ::1 /thinkcms/admin.php/Login/checkVerfy
INFO: [ app_begin ] --START--
INFO: Run Behavior\ReadHtmlCacheBehavior [ RunTime:0.001000s ]
INFO: [ app_begin ] --END-- [ RunTime:0.001000s ]
SQL: SHOW COLUMNS FROM `think_user` [ RunTime:0.0480s ]

[ 2016-12-21T21:23:03+08:00 ] ::1 /thinkcms/admin.php/Login/checkVerfy
INFO: [ app_begin ] --START--
INFO: Run Behavior\ReadHtmlCacheBehavior [ RunTime:0.001000s ]
INFO: [ app_begin ] --END-- [ RunTime:0.002000s ]
SQL: SHOW COLUMNS FROM `think_user` [ RunTime:0.0030s ]

[ 2016-12-21T21:23:04+08:00 ] ::1 /thinkcms/admin.php/Login/checkVerfy
INFO: [ app_begin ] --START--
INFO: Run Behavior\ReadHtmlCacheBehavior [ RunTime:0.001000s ]
INFO: [ app_begin ] --END-- [ RunTime:0.001000s ]
SQL: SHOW COLUMNS FROM `think_user` [ RunTime:0.0030s ]

[ 2016-12-21T21:23:04+08:00 ] ::1 /thinkcms/admin.php/Login/checkVerfy
INFO: [ app_begin ] --START--
INFO: Run Behavior\ReadHtmlCacheBehavior [ RunTime:0.001000s ]
INFO: [ app_begin ] --END-- [ RunTime:0.002000s ]
SQL: SHOW COLUMNS FROM `think_user` [ RunTime:0.0020s ]

[ 2016-12-21T21:23:06+08:00 ] ::1 /thinkcms/admin.php/Login/userLogin
INFO: [ app_begin ] --START--
INFO: Run Behavior\ReadHtmlCacheBehavior [ RunTime:0.001000s ]
INFO: [ app_begin ] --END-- [ RunTime:0.001000s ]
SQL: SHOW COLUMNS FROM `think_user` [ RunTime:0.0030s ]
SQL: SELECT * FROM `think_user` WHERE `username` = 'admin'  [ RunTime:0.1570s ]

[ 2016-12-21T21:23:11+08:00 ] ::1 /thinkcms/admin.php/Index/getUserList
INFO: [ app_begin ] --START--
INFO: Run Behavior\ReadHtmlCacheBehavior [ RunTime:0.000000s ]
INFO: [ app_begin ] --END-- [ RunTime:0.002000s ]
SQL: SHOW COLUMNS FROM `think_user` [ RunTime:0.0020s ]
SQL: SELECT `id`,`username`,`useremail`,`regtime` FROM `think_user` LIMIT 0,2   [ RunTime:0.0000s ]
SQL: SELECT COUNT(*) AS tp_count FROM `think_user` LIMIT 1   [ RunTime:0.0000s ]

[ 2016-12-21T21:23:12+08:00 ] ::1 /thinkcms/admin.php/Index/getUserList
INFO: [ app_begin ] --START--
INFO: Run Behavior\ReadHtmlCacheBehavior [ RunTime:0.001000s ]
INFO: [ app_begin ] --END-- [ RunTime:0.002000s ]
SQL: SHOW COLUMNS FROM `think_user` [ RunTime:0.0030s ]
SQL: SELECT `id`,`username`,`useremail`,`regtime` FROM `think_user` LIMIT 2,2   [ RunTime:0.0010s ]
SQL: SELECT COUNT(*) AS tp_count FROM `think_user` LIMIT 1   [ RunTime:0.0000s ]

[ 2016-12-21T21:23:13+08:00 ] ::1 /thinkcms/admin.php/Index/getUserList
INFO: [ app_begin ] --START--
INFO: Run Behavior\ReadHtmlCacheBehavior [ RunTime:0.000000s ]
INFO: [ app_begin ] --END-- [ RunTime:0.001000s ]
SQL: SHOW COLUMNS FROM `think_user` [ RunTime:0.0030s ]
SQL: SELECT `id`,`username`,`useremail`,`regtime` FROM `think_user` LIMIT 4,2   [ RunTime:0.0010s ]
SQL: SELECT COUNT(*) AS tp_count FROM `think_user` LIMIT 1   [ RunTime:0.0000s ]

[ 2016-12-21T21:23:14+08:00 ] ::1 /thinkcms/admin.php/Index/getUserList
INFO: [ app_begin ] --START--
INFO: Run Behavior\ReadHtmlCacheBehavior [ RunTime:0.001000s ]
INFO: [ app_begin ] --END-- [ RunTime:0.001000s ]
SQL: SHOW COLUMNS FROM `think_user` [ RunTime:0.0020s ]
SQL: SELECT `id`,`username`,`useremail`,`regtime` FROM `think_user` LIMIT 6,2   [ RunTime:0.0000s ]
SQL: SELECT COUNT(*) AS tp_count FROM `think_user` LIMIT 1   [ RunTime:0.0000s ]

[ 2016-12-21T21:23:15+08:00 ] ::1 /thinkcms/admin.php/Index/getUserList
INFO: [ app_begin ] --START--
INFO: Run Behavior\ReadHtmlCacheBehavior [ RunTime:0.001000s ]
INFO: [ app_begin ] --END-- [ RunTime:0.001000s ]
SQL: SHOW COLUMNS FROM `think_user` [ RunTime:0.0020s ]
SQL: SELECT `id`,`username`,`useremail`,`regtime` FROM `think_user` LIMIT 8,2   [ RunTime:0.0010s ]
SQL: SELECT COUNT(*) AS tp_count FROM `think_user` LIMIT 1   [ RunTime:0.0000s ]

[ 2016-12-21T21:23:16+08:00 ] ::1 /thinkcms/admin.php/Index/getUserList
INFO: [ app_begin ] --START--
INFO: Run Behavior\ReadHtmlCacheBehavior [ RunTime:0.000000s ]
INFO: [ app_begin ] --END-- [ RunTime:0.001000s ]
SQL: SHOW COLUMNS FROM `think_user` [ RunTime:0.0030s ]
SQL: SELECT `id`,`username`,`useremail`,`regtime` FROM `think_user` LIMIT 10,2   [ RunTime:0.0000s ]
SQL: SELECT COUNT(*) AS tp_count FROM `think_user` LIMIT 1   [ RunTime:0.0000s ]

[ 2016-12-21T21:23:16+08:00 ] ::1 /thinkcms/admin.php/Index/getUserList
INFO: [ app_begin ] --START--
INFO: Run Behavior\ReadHtmlCacheBehavior [ RunTime:0.001000s ]
INFO: [ app_begin ] --END-- [ RunTime:0.003000s ]
SQL: SHOW COLUMNS FROM `think_user` [ RunTime:0.0030s ]
SQL: SELECT `id`,`username`,`useremail`,`regtime` FROM `think_user` LIMIT 12,2   [ RunTime:0.0010s ]
SQL: SELECT COUNT(*) AS tp_count FROM `think_user` LIMIT 1   [ RunTime:0.0000s ]

[ 2016-12-21T21:23:17+08:00 ] ::1 /thinkcms/admin.php/Index/getUserList
INFO: [ app_begin ] --START--
INFO: Run Behavior\ReadHtmlCacheBehavior [ RunTime:0.001000s ]
INFO: [ app_begin ] --END-- [ RunTime:0.002000s ]
SQL: SHOW COLUMNS FROM `think_user` [ RunTime:0.0030s ]
SQL: SELECT `id`,`username`,`useremail`,`regtime` FROM `think_user` LIMIT 14,2   [ RunTime:0.0000s ]
SQL: SELECT COUNT(*) AS tp_count FROM `think_user` LIMIT 1   [ RunTime:0.0000s ]

[ 2016-12-21T21:23:18+08:00 ] ::1 /thinkcms/admin.php/Index/getUserList
INFO: [ app_begin ] --START--
INFO: Run Behavior\ReadHtmlCacheBehavior [ RunTime:0.000000s ]
INFO: [ app_begin ] --END-- [ RunTime:0.001000s ]
SQL: SHOW COLUMNS FROM `think_user` [ RunTime:0.0030s ]
SQL: SELECT `id`,`username`,`useremail`,`regtime` FROM `think_user` LIMIT 0,2   [ RunTime:0.0000s ]
SQL: SELECT COUNT(*) AS tp_count FROM `think_user` LIMIT 1   [ RunTime:0.0000s ]

[ 2016-12-21T21:23:19+08:00 ] ::1 /thinkcms/admin.php/Index/getUserList
INFO: [ app_begin ] --START--
INFO: Run Behavior\ReadHtmlCacheBehavior [ RunTime:0.001000s ]
INFO: [ app_begin ] --END-- [ RunTime:0.002000s ]
SQL: SHOW COLUMNS FROM `think_user` [ RunTime:0.0020s ]
SQL: SELECT `id`,`username`,`useremail`,`regtime` FROM `think_user` LIMIT 2,2   [ RunTime:0.0000s ]
SQL: SELECT COUNT(*) AS tp_count FROM `think_user` LIMIT 1   [ RunTime:0.0010s ]

[ 2016-12-21T21:23:20+08:00 ] ::1 /thinkcms/admin.php/Index/getUserList
INFO: [ app_begin ] --START--
INFO: Run Behavior\ReadHtmlCacheBehavior [ RunTime:0.001000s ]
INFO: [ app_begin ] --END-- [ RunTime:0.001000s ]
SQL: SHOW COLUMNS FROM `think_user` [ RunTime:0.0040s ]
SQL: SELECT `id`,`username`,`useremail`,`regtime` FROM `think_user` LIMIT 4,2   [ RunTime:0.0010s ]
SQL: SELECT COUNT(*) AS tp_count FROM `think_user` LIMIT 1   [ RunTime:0.0000s ]

[ 2016-12-21T21:23:20+08:00 ] ::1 /thinkcms/admin.php/Index/getUserList
INFO: [ app_begin ] --START--
INFO: Run Behavior\ReadHtmlCacheBehavior [ RunTime:0.001000s ]
INFO: [ app_begin ] --END-- [ RunTime:0.002001s ]
SQL: SHOW COLUMNS FROM `think_user` [ RunTime:0.0030s ]
SQL: SELECT `id`,`username`,`useremail`,`regtime` FROM `think_user` LIMIT 6,2   [ RunTime:0.0000s ]
SQL: SELECT COUNT(*) AS tp_count FROM `think_user` LIMIT 1   [ RunTime:0.0000s ]

[ 2016-12-21T21:23:20+08:00 ] ::1 /thinkcms/admin.php/Index/getUserList
INFO: [ app_begin ] --START--
INFO: Run Behavior\ReadHtmlCacheBehavior [ RunTime:0.001000s ]
INFO: [ app_begin ] --END-- [ RunTime:0.001000s ]
SQL: SHOW COLUMNS FROM `think_user` [ RunTime:0.0030s ]
SQL: SELECT `id`,`username`,`useremail`,`regtime` FROM `think_user` LIMIT 8,2   [ RunTime:0.0000s ]
SQL: SELECT COUNT(*) AS tp_count FROM `think_user` LIMIT 1   [ RunTime:0.0000s ]

[ 2016-12-21T21:23:21+08:00 ] ::1 /thinkcms/admin.php/Index/getUserList
INFO: [ app_begin ] --START--
INFO: Run Behavior\ReadHtmlCacheBehavior [ RunTime:0.001000s ]
INFO: [ app_begin ] --END-- [ RunTime:0.001000s ]
SQL: SHOW COLUMNS FROM `think_user` [ RunTime:0.0020s ]
SQL: SELECT `id`,`username`,`useremail`,`regtime` FROM `think_user` LIMIT 10,2   [ RunTime:0.0000s ]
SQL: SELECT COUNT(*) AS tp_count FROM `think_user` LIMIT 1   [ RunTime:0.0010s ]

[ 2016-12-21T21:23:21+08:00 ] ::1 /thinkcms/admin.php/Index/getUserList
INFO: [ app_begin ] --START--
INFO: Run Behavior\ReadHtmlCacheBehavior [ RunTime:0.001000s ]
INFO: [ app_begin ] --END-- [ RunTime:0.001000s ]
SQL: SHOW COLUMNS FROM `think_user` [ RunTime:0.0030s ]
SQL: SELECT `id`,`username`,`useremail`,`regtime` FROM `think_user` LIMIT 12,2   [ RunTime:0.0000s ]
SQL: SELECT COUNT(*) AS tp_count FROM `think_user` LIMIT 1   [ RunTime:0.0000s ]

[ 2016-12-21T21:23:22+08:00 ] ::1 /thinkcms/admin.php/Index/getUserList
INFO: [ app_begin ] --START--
INFO: Run Behavior\ReadHtmlCacheBehavior [ RunTime:0.001000s ]
INFO: [ app_begin ] --END-- [ RunTime:0.001000s ]
SQL: SHOW COLUMNS FROM `think_user` [ RunTime:0.0020s ]
SQL: SELECT `id`,`username`,`useremail`,`regtime` FROM `think_user` LIMIT 14,2   [ RunTime:0.0010s ]
SQL: SELECT COUNT(*) AS tp_count FROM `think_user` LIMIT 1   [ RunTime:0.0000s ]

[ 2016-12-21T21:23:22+08:00 ] ::1 /thinkcms/admin.php/Index/getUserList
INFO: [ app_begin ] --START--
INFO: Run Behavior\ReadHtmlCacheBehavior [ RunTime:0.001000s ]
INFO: [ app_begin ] --END-- [ RunTime:0.002000s ]
SQL: SHOW COLUMNS FROM `think_user` [ RunTime:0.0030s ]
SQL: SELECT `id`,`username`,`useremail`,`regtime` FROM `think_user` LIMIT 16,2   [ RunTime:0.0010s ]
SQL: SELECT COUNT(*) AS tp_count FROM `think_user` LIMIT 1   [ RunTime:0.0000s ]

[ 2016-12-21T21:23:22+08:00 ] ::1 /thinkcms/admin.php/Index/getUserList
INFO: [ app_begin ] --START--
INFO: Run Behavior\ReadHtmlCacheBehavior [ RunTime:0.000000s ]
INFO: [ app_begin ] --END-- [ RunTime:0.002000s ]
SQL: SHOW COLUMNS FROM `think_user` [ RunTime:0.0020s ]
SQL: SELECT `id`,`username`,`useremail`,`regtime` FROM `think_user` LIMIT 18,2   [ RunTime:0.0000s ]
SQL: SELECT COUNT(*) AS tp_count FROM `think_user` LIMIT 1   [ RunTime:0.0010s ]

[ 2016-12-21T21:23:22+08:00 ] ::1 /thinkcms/admin.php/Index/getUserList
INFO: [ app_begin ] --START--
INFO: Run Behavior\ReadHtmlCacheBehavior [ RunTime:0.001000s ]
INFO: [ app_begin ] --END-- [ RunTime:0.001000s ]
SQL: SHOW COLUMNS FROM `think_user` [ RunTime:0.0030s ]
SQL: SELECT `id`,`username`,`useremail`,`regtime` FROM `think_user` LIMIT 20,2   [ RunTime:0.0000s ]
SQL: SELECT COUNT(*) AS tp_count FROM `think_user` LIMIT 1   [ RunTime:0.0000s ]

[ 2016-12-21T21:23:22+08:00 ] ::1 /thinkcms/admin.php/Index/getUserList
INFO: [ app_begin ] --START--
INFO: Run Behavior\ReadHtmlCacheBehavior [ RunTime:0.001000s ]
INFO: [ app_begin ] --END-- [ RunTime:0.001000s ]
SQL: SHOW COLUMNS FROM `think_user` [ RunTime:0.0020s ]
SQL: SELECT `id`,`username`,`useremail`,`regtime` FROM `think_user` LIMIT 22,2   [ RunTime:0.0010s ]
SQL: SELECT COUNT(*) AS tp_count FROM `think_user` LIMIT 1   [ RunTime:0.0000s ]

[ 2016-12-21T21:23:23+08:00 ] ::1 /thinkcms/admin.php/Index/getUserList
INFO: [ app_begin ] --START--
INFO: Run Behavior\ReadHtmlCacheBehavior [ RunTime:0.001000s ]
INFO: [ app_begin ] --END-- [ RunTime:0.002000s ]
SQL: SHOW COLUMNS FROM `think_user` [ RunTime:0.0030s ]
SQL: SELECT `id`,`username`,`useremail`,`regtime` FROM `think_user` LIMIT 24,2   [ RunTime:0.0000s ]
SQL: SELECT COUNT(*) AS tp_count FROM `think_user` LIMIT 1   [ RunTime:0.0000s ]

[ 2016-12-21T21:23:23+08:00 ] ::1 /thinkcms/admin.php/Index/getUserList
INFO: [ app_begin ] --START--
INFO: Run Behavior\ReadHtmlCacheBehavior [ RunTime:0.001000s ]
INFO: [ app_begin ] --END-- [ RunTime:0.001000s ]
SQL: SHOW COLUMNS FROM `think_user` [ RunTime:0.0030s ]
SQL: SELECT `id`,`username`,`useremail`,`regtime` FROM `think_user` LIMIT 26,2   [ RunTime:0.0000s ]
SQL: SELECT COUNT(*) AS tp_count FROM `think_user` LIMIT 1   [ RunTime:0.0000s ]

[ 2016-12-21T21:23:24+08:00 ] ::1 /thinkcms/admin.php/Index/getUserList
INFO: [ app_begin ] --START--
INFO: Run Behavior\ReadHtmlCacheBehavior [ RunTime:0.000000s ]
INFO: [ app_begin ] --END-- [ RunTime:0.001000s ]
SQL: SHOW COLUMNS FROM `think_user` [ RunTime:0.0020s ]
SQL: SELECT `id`,`username`,`useremail`,`regtime` FROM `think_user` LIMIT 28,2   [ RunTime:0.0000s ]
SQL: SELECT COUNT(*) AS tp_count FROM `think_user` LIMIT 1   [ RunTime:0.0010s ]

[ 2016-12-21T21:23:25+08:00 ] ::1 /thinkcms/admin.php/Index/getUserList
INFO: [ app_begin ] --START--
INFO: Run Behavior\ReadHtmlCacheBehavior [ RunTime:0.001001s ]
INFO: [ app_begin ] --END-- [ RunTime:0.001001s ]
SQL: SHOW COLUMNS FROM `think_user` [ RunTime:0.0790s ]
SQL: SELECT `id`,`username`,`useremail`,`regtime` FROM `think_user` LIMIT 26,2   [ RunTime:0.0010s ]
SQL: SELECT COUNT(*) AS tp_count FROM `think_user` LIMIT 1   [ RunTime:0.0010s ]

[ 2016-12-21T21:23:26+08:00 ] ::1 /thinkcms/admin.php/Index/getUserList
INFO: [ app_begin ] --START--
INFO: Run Behavior\ReadHtmlCacheBehavior [ RunTime:0.000000s ]
INFO: [ app_begin ] --END-- [ RunTime:0.002000s ]
SQL: SHOW COLUMNS FROM `think_user` [ RunTime:0.0030s ]
SQL: SELECT `id`,`username`,`useremail`,`regtime` FROM `think_user` LIMIT 24,2   [ RunTime:0.0000s ]
SQL: SELECT COUNT(*) AS tp_count FROM `think_user` LIMIT 1   [ RunTime:0.0000s ]

[ 2016-12-21T21:23:27+08:00 ] ::1 /thinkcms/admin.php/Index/getUserList
INFO: [ app_begin ] --START--
INFO: Run Behavior\ReadHtmlCacheBehavior [ RunTime:0.000000s ]
INFO: [ app_begin ] --END-- [ RunTime:0.001000s ]
SQL: SHOW COLUMNS FROM `think_user` [ RunTime:0.0020s ]
SQL: SELECT `id`,`username`,`useremail`,`regtime` FROM `think_user` LIMIT 22,2   [ RunTime:0.0000s ]
SQL: SELECT COUNT(*) AS tp_count FROM `think_user` LIMIT 1   [ RunTime:0.0010s ]

[ 2016-12-21T21:23:27+08:00 ] ::1 /thinkcms/admin.php/Index/getUserList
INFO: [ app_begin ] --START--
INFO: Run Behavior\ReadHtmlCacheBehavior [ RunTime:0.001000s ]
INFO: [ app_begin ] --END-- [ RunTime:0.002000s ]
SQL: SHOW COLUMNS FROM `think_user` [ RunTime:0.0020s ]
SQL: SELECT `id`,`username`,`useremail`,`regtime` FROM `think_user` LIMIT 0,2   [ RunTime:0.0000s ]
SQL: SELECT COUNT(*) AS tp_count FROM `think_user` LIMIT 1   [ RunTime:0.0000s ]

[ 2016-12-21T21:23:29+08:00 ] ::1 /thinkcms/admin.php/Index/getUserList
INFO: [ app_begin ] --START--
INFO: Run Behavior\ReadHtmlCacheBehavior [ RunTime:0.001000s ]
INFO: [ app_begin ] --END-- [ RunTime:0.002000s ]
SQL: SHOW COLUMNS FROM `think_user` [ RunTime:0.0020s ]
SQL: SELECT `id`,`username`,`useremail`,`regtime` FROM `think_user` LIMIT 2,2   [ RunTime:0.0000s ]
SQL: SELECT COUNT(*) AS tp_count FROM `think_user` LIMIT 1   [ RunTime:0.0000s ]

[ 2016-12-21T21:23:30+08:00 ] ::1 /thinkcms/admin.php/Index/getUserList
INFO: [ app_begin ] --START--
INFO: Run Behavior\ReadHtmlCacheBehavior [ RunTime:0.001000s ]
INFO: [ app_begin ] --END-- [ RunTime:0.001000s ]
SQL: SHOW COLUMNS FROM `think_user` [ RunTime:0.0030s ]
SQL: SELECT `id`,`username`,`useremail`,`regtime` FROM `think_user` LIMIT 6,2   [ RunTime:0.0010s ]
SQL: SELECT COUNT(*) AS tp_count FROM `think_user` LIMIT 1   [ RunTime:0.0000s ]

