[ 2017-01-01T13:34:33+08:00 ] ::1 /thinkcms/admin.php/Login/checkVerfy
INFO: [ app_begin ] --START--
INFO: Run Behavior\ReadHtmlCacheBehavior [ RunTime:0.001000s ]
INFO: [ app_begin ] --END-- [ RunTime:0.001000s ]
SQL: SHOW COLUMNS FROM `think_user` [ RunTime:0.1070s ]

[ 2017-01-01T13:34:33+08:00 ] ::1 /thinkcms/admin.php/Login/checkVerfy
INFO: [ app_begin ] --START--
INFO: Run Behavior\ReadHtmlCacheBehavior [ RunTime:0.001000s ]
INFO: [ app_begin ] --END-- [ RunTime:0.002001s ]
SQL: SHOW COLUMNS FROM `think_user` [ RunTime:0.1350s ]

[ 2017-01-01T13:34:33+08:00 ] ::1 /thinkcms/admin.php/Login/checkVerfy
INFO: [ app_begin ] --START--
INFO: Run Behavior\ReadHtmlCacheBehavior [ RunTime:0.001000s ]
INFO: [ app_begin ] --END-- [ RunTime:0.002000s ]
SQL: SHOW COLUMNS FROM `think_user` [ RunTime:0.0040s ]

[ 2017-01-01T13:34:33+08:00 ] ::1 /thinkcms/admin.php/Login/checkVerfy
INFO: [ app_begin ] --START--
INFO: Run Behavior\ReadHtmlCacheBehavior [ RunTime:0.001000s ]
INFO: [ app_begin ] --END-- [ RunTime:0.001000s ]
SQL: SHOW COLUMNS FROM `think_user` [ RunTime:0.0040s ]

[ 2017-01-01T13:34:33+08:00 ] ::1 /thinkcms/admin.php/Login/checkVerfy
INFO: [ app_begin ] --START--
INFO: Run Behavior\ReadHtmlCacheBehavior [ RunTime:0.001000s ]
INFO: [ app_begin ] --END-- [ RunTime:0.002000s ]
SQL: SHOW COLUMNS FROM `think_user` [ RunTime:0.0030s ]

[ 2017-01-01T13:34:36+08:00 ] ::1 /thinkcms/admin.php/Login/checkVerfy
INFO: [ app_begin ] --START--
INFO: Run Behavior\ReadHtmlCacheBehavior [ RunTime:0.001000s ]
INFO: [ app_begin ] --END-- [ RunTime:0.002000s ]
SQL: SHOW COLUMNS FROM `think_user` [ RunTime:0.0030s ]

[ 2017-01-01T13:34:38+08:00 ] ::1 /thinkcms/admin.php/Login/checkVerfy
INFO: [ app_begin ] --START--
INFO: Run Behavior\ReadHtmlCacheBehavior [ RunTime:0.000000s ]
INFO: [ app_begin ] --END-- [ RunTime:0.001000s ]
SQL: SHOW COLUMNS FROM `think_user` [ RunTime:0.1890s ]

[ 2017-01-01T13:34:38+08:00 ] ::1 /thinkcms/admin.php/Login/checkVerfy
INFO: [ app_begin ] --START--
INFO: Run Behavior\ReadHtmlCacheBehavior [ RunTime:0.001000s ]
INFO: [ app_begin ] --END-- [ RunTime:0.002000s ]
SQL: SHOW COLUMNS FROM `think_user` [ RunTime:0.0030s ]

[ 2017-01-01T13:34:40+08:00 ] ::1 /thinkcms/admin.php/Login/checkVerfy
INFO: [ app_begin ] --START--
INFO: Run Behavior\ReadHtmlCacheBehavior [ RunTime:0.001000s ]
INFO: [ app_begin ] --END-- [ RunTime:0.001000s ]
SQL: SHOW COLUMNS FROM `think_user` [ RunTime:0.0020s ]

[ 2017-01-01T13:34:40+08:00 ] ::1 /thinkcms/admin.php/Login/checkVerfy
INFO: [ app_begin ] --START--
INFO: Run Behavior\ReadHtmlCacheBehavior [ RunTime:0.001000s ]
INFO: [ app_begin ] --END-- [ RunTime:0.001000s ]
SQL: SHOW COLUMNS FROM `think_user` [ RunTime:0.0170s ]

[ 2017-01-01T13:34:43+08:00 ] ::1 /thinkcms/admin.php/Login/userLogin
INFO: [ app_begin ] --START--
INFO: Run Behavior\ReadHtmlCacheBehavior [ RunTime:0.001000s ]
INFO: [ app_begin ] --END-- [ RunTime:0.001000s ]
SQL: SHOW COLUMNS FROM `think_user` [ RunTime:0.0030s ]
SQL: SELECT * FROM `think_user` WHERE `username` = 'admin'  [ RunTime:0.3450s ]

[ 2017-01-01T13:34:53+08:00 ] ::1 /thinkcms/admin.php/Index/getUserList
INFO: [ app_begin ] --START--
INFO: Run Behavior\ReadHtmlCacheBehavior [ RunTime:0.000000s ]
INFO: [ app_begin ] --END-- [ RunTime:0.001000s ]
SQL: SHOW COLUMNS FROM `think_user` [ RunTime:0.0030s ]
SQL: SELECT `id`,`username`,`useremail`,`regtime` FROM `think_user` LIMIT 0,10   [ RunTime:0.0000s ]
SQL: SELECT COUNT(*) AS tp_count FROM `think_user` LIMIT 1   [ RunTime:0.0000s ]

[ 2017-01-01T13:35:23+08:00 ] ::1 /thinkcms/admin.php/Login/checkVerfy
INFO: [ app_begin ] --START--
INFO: Run Behavior\ReadHtmlCacheBehavior [ RunTime:0.001000s ]
INFO: [ app_begin ] --END-- [ RunTime:0.001000s ]
SQL: SHOW COLUMNS FROM `think_user` [ RunTime:0.0030s ]

[ 2017-01-01T13:35:24+08:00 ] ::1 /thinkcms/admin.php/Login/checkVerfy
INFO: [ app_begin ] --START--
INFO: Run Behavior\ReadHtmlCacheBehavior [ RunTime:0.001000s ]
INFO: [ app_begin ] --END-- [ RunTime:0.002000s ]
SQL: SHOW COLUMNS FROM `think_user` [ RunTime:0.0030s ]

[ 2017-01-01T13:35:26+08:00 ] ::1 /thinkcms/admin.php/Login/checkVerfy
INFO: [ app_begin ] --START--
INFO: Run Behavior\ReadHtmlCacheBehavior [ RunTime:0.001000s ]
INFO: [ app_begin ] --END-- [ RunTime:0.002000s ]
SQL: SHOW COLUMNS FROM `think_user` [ RunTime:0.0020s ]

[ 2017-01-01T13:35:26+08:00 ] ::1 /thinkcms/admin.php/Login/checkVerfy
INFO: [ app_begin ] --START--
INFO: Run Behavior\ReadHtmlCacheBehavior [ RunTime:0.001000s ]
INFO: [ app_begin ] --END-- [ RunTime:0.001000s ]
SQL: SHOW COLUMNS FROM `think_user` [ RunTime:0.0030s ]

[ 2017-01-01T13:35:32+08:00 ] ::1 /thinkcms/admin.php/Login/userLogin
INFO: [ app_begin ] --START--
INFO: Run Behavior\ReadHtmlCacheBehavior [ RunTime:0.001000s ]
INFO: [ app_begin ] --END-- [ RunTime:0.002000s ]
SQL: SHOW COLUMNS FROM `think_user` [ RunTime:0.0030s ]
SQL: SELECT * FROM `think_user` WHERE `username` = 'zhangjiadi'  [ RunTime:0.0010s ]

[ 2017-01-01T13:35:38+08:00 ] ::1 /thinkcms/admin.php/Index/getUserList
INFO: [ app_begin ] --START--
INFO: Run Behavior\ReadHtmlCacheBehavior [ RunTime:0.001000s ]
INFO: [ app_begin ] --END-- [ RunTime:0.001000s ]
SQL: SHOW COLUMNS FROM `think_user` [ RunTime:0.0030s ]
SQL: SELECT `id`,`username`,`useremail`,`regtime` FROM `think_user` LIMIT 0,10   [ RunTime:0.0010s ]
SQL: SELECT COUNT(*) AS tp_count FROM `think_user` LIMIT 1   [ RunTime:0.0000s ]

[ 2017-01-01T13:39:31+08:00 ] ::1 /thinkcms/admin.php/Index/getUserList
INFO: [ app_begin ] --START--
INFO: Run Behavior\ReadHtmlCacheBehavior [ RunTime:0.001000s ]
INFO: [ app_begin ] --END-- [ RunTime:0.001000s ]
SQL: SHOW COLUMNS FROM `think_user` [ RunTime:0.0030s ]
SQL: SELECT `id`,`username`,`useremail`,`regtime` FROM `think_user` LIMIT 0,10   [ RunTime:0.0000s ]
SQL: SELECT COUNT(*) AS tp_count FROM `think_user` LIMIT 1   [ RunTime:0.0010s ]

[ 2017-01-01T13:39:51+08:00 ] ::1 /thinkcms/admin.php/Register/registerUser
INFO: [ app_begin ] --START--
INFO: Run Behavior\ReadHtmlCacheBehavior [ RunTime:0.001000s ]
INFO: [ app_begin ] --END-- [ RunTime:0.001000s ]
SQL: SHOW COLUMNS FROM `think_user` [ RunTime:0.0030s ]
NOTIC: [8] Undefined index: validate F:\workspace\thinkcms\ThinkPHP\Library\Think\Model.class.php 第 1185 行.
SQL: SELECT * FROM `think_user` WHERE `username` = 'liang' LIMIT 1   [ RunTime:0.0010s ]
SQL: SELECT * FROM `think_user` WHERE `useremail` = 'afde@dsf.com' LIMIT 1   [ RunTime:0.0000s ]
NOTIC: [8] Undefined index: auto F:\workspace\thinkcms\ThinkPHP\Library\Think\Model.class.php 第 1128 行.
NOTIC: [2] md5() expects at least 1 parameter, 0 given F:\workspace\thinkcms\ThinkPHP\Library\Think\Model.class.php 第 1154 行.
SQL: INSERT INTO `think_user` (`username`,`userpwd`,`useremail`,`regtime`) VALUES ('liang','e10adc3949ba59abbe56e057f20f883e','afde@dsf.com','2017-01-01 01:39:51') [ RunTime:0.1370s ]

[ 2017-01-01T13:42:01+08:00 ] ::1 /thinkcms/admin.php/Index/getUserList
INFO: [ app_begin ] --START--
INFO: Run Behavior\ReadHtmlCacheBehavior [ RunTime:0.001000s ]
INFO: [ app_begin ] --END-- [ RunTime:0.002000s ]
SQL: SHOW COLUMNS FROM `think_user` [ RunTime:0.0030s ]
SQL: SELECT `id`,`username`,`useremail`,`regtime` FROM `think_user` LIMIT 0,10   [ RunTime:0.0010s ]
SQL: SELECT COUNT(*) AS tp_count FROM `think_user` LIMIT 1   [ RunTime:0.0000s ]

[ 2017-01-01T13:50:35+08:00 ] ::1 /thinkcms/admin.php/Index/getSystemInfo
INFO: [ app_begin ] --START--
INFO: Run Behavior\ReadHtmlCacheBehavior [ RunTime:0.000000s ]
INFO: [ app_begin ] --END-- [ RunTime:0.001000s ]
NOTIC: [8192] mysql_get_server_info(): The mysql extension is deprecated and will be removed in the future: use mysqli or PDO instead F:\workspace\thinkcms\Application\Admin\Controller\IndexController.class.php 第 30 行.

[ 2017-01-01T13:59:07+08:00 ] ::1 /thinkcms/admin.php/Index/getUserList
INFO: [ app_begin ] --START--
INFO: Run Behavior\ReadHtmlCacheBehavior [ RunTime:0.002000s ]
INFO: [ app_begin ] --END-- [ RunTime:0.005001s ]
SQL: SHOW COLUMNS FROM `think_user` [ RunTime:0.0040s ]
SQL: SELECT `id`,`username`,`useremail`,`regtime` FROM `think_user` LIMIT 0,10   [ RunTime:0.0010s ]
SQL: SELECT COUNT(*) AS tp_count FROM `think_user` LIMIT 1   [ RunTime:0.0000s ]

[ 2017-01-01T14:56:56+08:00 ] ::1 /thinkcms/admin.php/Index/getUserList
INFO: [ app_begin ] --START--
INFO: Run Behavior\ReadHtmlCacheBehavior [ RunTime:0.001000s ]
INFO: [ app_begin ] --END-- [ RunTime:0.002000s ]
SQL: SHOW COLUMNS FROM `think_user` [ RunTime:0.0020s ]
SQL: SELECT `id`,`username`,`useremail`,`regtime` FROM `think_user` LIMIT 0,10   [ RunTime:0.0000s ]
SQL: SELECT COUNT(*) AS tp_count FROM `think_user` LIMIT 1   [ RunTime:0.0010s ]

[ 2017-01-01T14:57:04+08:00 ] ::1 /thinkcms/admin.php/Index/getUserList
INFO: [ app_begin ] --START--
INFO: Run Behavior\ReadHtmlCacheBehavior [ RunTime:0.001000s ]
INFO: [ app_begin ] --END-- [ RunTime:0.002000s ]
SQL: SHOW COLUMNS FROM `think_user` [ RunTime:0.0020s ]
SQL: SELECT `id`,`username`,`useremail`,`regtime` FROM `think_user` LIMIT 0,10   [ RunTime:0.0000s ]
SQL: SELECT COUNT(*) AS tp_count FROM `think_user` LIMIT 1   [ RunTime:0.0000s ]

[ 2017-01-01T14:57:43+08:00 ] ::1 /thinkcms/admin.php/Index/getUserList
INFO: [ app_begin ] --START--
INFO: Run Behavior\ReadHtmlCacheBehavior [ RunTime:0.002000s ]
INFO: [ app_begin ] --END-- [ RunTime:0.003000s ]
SQL: SHOW COLUMNS FROM `think_user` [ RunTime:0.0030s ]
SQL: SELECT `id`,`username`,`useremail`,`regtime` FROM `think_user` LIMIT 0,10   [ RunTime:0.0000s ]
SQL: SELECT COUNT(*) AS tp_count FROM `think_user` LIMIT 1   [ RunTime:0.0010s ]

[ 2017-01-01T14:58:33+08:00 ] ::1 /thinkcms/admin.php/Index/getUserList
INFO: [ app_begin ] --START--
INFO: Run Behavior\ReadHtmlCacheBehavior [ RunTime:0.000000s ]
INFO: [ app_begin ] --END-- [ RunTime:0.002001s ]
SQL: SHOW COLUMNS FROM `think_user` [ RunTime:0.0030s ]
SQL: SELECT `id`,`username`,`useremail`,`regtime` FROM `think_user` LIMIT 0,10   [ RunTime:0.0010s ]
SQL: SELECT COUNT(*) AS tp_count FROM `think_user` LIMIT 1   [ RunTime:0.0000s ]

[ 2017-01-01T14:59:09+08:00 ] ::1 /thinkcms/admin.php/Index/getUserList
INFO: [ app_begin ] --START--
INFO: Run Behavior\ReadHtmlCacheBehavior [ RunTime:0.001000s ]
INFO: [ app_begin ] --END-- [ RunTime:0.002000s ]
SQL: SHOW COLUMNS FROM `think_user` [ RunTime:0.0030s ]
SQL: SELECT `id`,`username`,`useremail`,`regtime` FROM `think_user` LIMIT 0,10   [ RunTime:0.0000s ]
SQL: SELECT COUNT(*) AS tp_count FROM `think_user` LIMIT 1   [ RunTime:0.0000s ]

[ 2017-01-01T14:59:18+08:00 ] ::1 /thinkcms/admin.php/Index/deteleOneUser
INFO: [ app_begin ] --START--
INFO: Run Behavior\ReadHtmlCacheBehavior [ RunTime:0.001000s ]
INFO: [ app_begin ] --END-- [ RunTime:0.002000s ]
SQL: SHOW COLUMNS FROM `think_user` [ RunTime:0.0020s ]
SQL: DELETE FROM `think_user` WHERE `id` = 40 [ RunTime:0.1870s ]

[ 2017-01-01T14:59:18+08:00 ] ::1 /thinkcms/admin.php/Index/getUserList
INFO: [ app_begin ] --START--
INFO: Run Behavior\ReadHtmlCacheBehavior [ RunTime:0.001000s ]
INFO: [ app_begin ] --END-- [ RunTime:0.002000s ]
SQL: SHOW COLUMNS FROM `think_user` [ RunTime:0.0030s ]
SQL: SELECT `id`,`username`,`useremail`,`regtime` FROM `think_user` LIMIT 0,10   [ RunTime:0.0010s ]
SQL: SELECT COUNT(*) AS tp_count FROM `think_user` LIMIT 1   [ RunTime:0.0000s ]

[ 2017-01-01T15:16:15+08:00 ] ::1 /thinkcms/admin.php/Index/getUserList
INFO: [ app_begin ] --START--
INFO: Run Behavior\ReadHtmlCacheBehavior [ RunTime:0.001000s ]
INFO: [ app_begin ] --END-- [ RunTime:0.001000s ]
SQL: SHOW COLUMNS FROM `think_user` [ RunTime:0.0840s ]
SQL: SELECT `id`,`username`,`useremail`,`regtime` FROM `think_user` LIMIT 0,10   [ RunTime:0.0020s ]
SQL: SELECT COUNT(*) AS tp_count FROM `think_user` LIMIT 1   [ RunTime:0.0010s ]

[ 2017-01-01T15:16:17+08:00 ] ::1 /thinkcms/admin.php/Index/getUserList
INFO: [ app_begin ] --START--
INFO: Run Behavior\ReadHtmlCacheBehavior [ RunTime:0.001000s ]
INFO: [ app_begin ] --END-- [ RunTime:0.002000s ]
SQL: SHOW COLUMNS FROM `think_user` [ RunTime:0.0030s ]
SQL: SELECT `id`,`username`,`useremail`,`regtime` FROM `think_user` LIMIT 0,10   [ RunTime:0.0010s ]
SQL: SELECT COUNT(*) AS tp_count FROM `think_user` LIMIT 1   [ RunTime:0.0000s ]

[ 2017-01-01T15:17:01+08:00 ] ::1 /thinkcms/admin.php/Index/getUserList
INFO: [ app_begin ] --START--
INFO: Run Behavior\ReadHtmlCacheBehavior [ RunTime:0.001000s ]
INFO: [ app_begin ] --END-- [ RunTime:0.002000s ]
SQL: SHOW COLUMNS FROM `think_user` [ RunTime:0.0030s ]
SQL: SELECT `id`,`username`,`useremail`,`regtime` FROM `think_user` LIMIT 0,10   [ RunTime:0.0010s ]
SQL: SELECT COUNT(*) AS tp_count FROM `think_user` LIMIT 1   [ RunTime:0.0000s ]

[ 2017-01-01T15:17:03+08:00 ] ::1 /thinkcms/admin.php/Index/getUserList
INFO: [ app_begin ] --START--
INFO: Run Behavior\ReadHtmlCacheBehavior [ RunTime:0.001000s ]
INFO: [ app_begin ] --END-- [ RunTime:0.001000s ]
SQL: SHOW COLUMNS FROM `think_user` [ RunTime:0.0030s ]
SQL: SELECT `id`,`username`,`useremail`,`regtime` FROM `think_user` LIMIT 0,10   [ RunTime:0.0010s ]
SQL: SELECT COUNT(*) AS tp_count FROM `think_user` LIMIT 1   [ RunTime:0.0000s ]

[ 2017-01-01T15:18:48+08:00 ] ::1 /thinkcms/admin.php/Index/getUserList
INFO: [ app_begin ] --START--
INFO: Run Behavior\ReadHtmlCacheBehavior [ RunTime:0.001000s ]
INFO: [ app_begin ] --END-- [ RunTime:0.001000s ]
SQL: SHOW COLUMNS FROM `think_user` [ RunTime:0.0030s ]
SQL: SELECT `id`,`username`,`useremail`,`regtime` FROM `think_user` LIMIT 0,10   [ RunTime:0.0010s ]
SQL: SELECT COUNT(*) AS tp_count FROM `think_user` LIMIT 1   [ RunTime:0.0000s ]

[ 2017-01-01T15:18:49+08:00 ] ::1 /thinkcms/admin.php/Index/getUserList
INFO: [ app_begin ] --START--
INFO: Run Behavior\ReadHtmlCacheBehavior [ RunTime:0.001000s ]
INFO: [ app_begin ] --END-- [ RunTime:0.001000s ]
SQL: SHOW COLUMNS FROM `think_user` [ RunTime:0.0030s ]
SQL: SELECT `id`,`username`,`useremail`,`regtime` FROM `think_user` LIMIT 0,10   [ RunTime:0.0010s ]
SQL: SELECT COUNT(*) AS tp_count FROM `think_user` LIMIT 1   [ RunTime:0.0000s ]

[ 2017-01-01T15:19:29+08:00 ] ::1 /thinkcms/admin.php/Index/getUserList
INFO: [ app_begin ] --START--
INFO: Run Behavior\ReadHtmlCacheBehavior [ RunTime:0.001000s ]
INFO: [ app_begin ] --END-- [ RunTime:0.002000s ]
SQL: SHOW COLUMNS FROM `think_user` [ RunTime:0.0030s ]
SQL: SELECT `id`,`username`,`useremail`,`regtime` FROM `think_user` LIMIT 0,10   [ RunTime:0.0010s ]
SQL: SELECT COUNT(*) AS tp_count FROM `think_user` LIMIT 1   [ RunTime:0.0000s ]

[ 2017-01-01T15:19:58+08:00 ] ::1 /thinkcms/admin.php/Index/getUserList
INFO: [ app_begin ] --START--
INFO: Run Behavior\ReadHtmlCacheBehavior [ RunTime:0.001000s ]
INFO: [ app_begin ] --END-- [ RunTime:0.002000s ]
SQL: SHOW COLUMNS FROM `think_user` [ RunTime:0.0020s ]
SQL: SELECT `id`,`username`,`useremail`,`regtime` FROM `think_user` LIMIT 0,10   [ RunTime:0.0000s ]
SQL: SELECT COUNT(*) AS tp_count FROM `think_user` LIMIT 1   [ RunTime:0.0000s ]

[ 2017-01-01T15:20:23+08:00 ] ::1 /thinkcms/admin.php/Register/registerUser
INFO: [ app_begin ] --START--
INFO: Run Behavior\ReadHtmlCacheBehavior [ RunTime:0.001000s ]
INFO: [ app_begin ] --END-- [ RunTime:0.001000s ]
SQL: SHOW COLUMNS FROM `think_user` [ RunTime:0.0030s ]
NOTIC: [8] Undefined index: validate F:\workspace\thinkcms\ThinkPHP\Library\Think\Model.class.php 第 1185 行.
SQL: SELECT * FROM `think_user` WHERE `username` = 'zhang' LIMIT 1   [ RunTime:0.0010s ]
SQL: SELECT * FROM `think_user` WHERE `useremail` = 'wqe@dfg.com' LIMIT 1   [ RunTime:0.0000s ]
NOTIC: [8] Undefined index: auto F:\workspace\thinkcms\ThinkPHP\Library\Think\Model.class.php 第 1128 行.
NOTIC: [2] md5() expects at least 1 parameter, 0 given F:\workspace\thinkcms\ThinkPHP\Library\Think\Model.class.php 第 1154 行.
SQL: INSERT INTO `think_user` (`username`,`userpwd`,`useremail`,`regtime`) VALUES ('zhang','e10adc3949ba59abbe56e057f20f883e','wqe@dfg.com','2017-01-01 03:20:22') [ RunTime:0.1410s ]

[ 2017-01-01T15:20:26+08:00 ] ::1 /thinkcms/admin.php/Index/getUserList
INFO: [ app_begin ] --START--
INFO: Run Behavior\ReadHtmlCacheBehavior [ RunTime:0.001000s ]
INFO: [ app_begin ] --END-- [ RunTime:0.001000s ]
SQL: SHOW COLUMNS FROM `think_user` [ RunTime:0.0020s ]
SQL: SELECT `id`,`username`,`useremail`,`regtime` FROM `think_user` LIMIT 0,10   [ RunTime:0.0000s ]
SQL: SELECT COUNT(*) AS tp_count FROM `think_user` LIMIT 1   [ RunTime:0.0010s ]

[ 2017-01-01T15:20:44+08:00 ] ::1 /thinkcms/admin.php/Register/registerUser
INFO: [ app_begin ] --START--
INFO: Run Behavior\ReadHtmlCacheBehavior [ RunTime:0.001000s ]
INFO: [ app_begin ] --END-- [ RunTime:0.002000s ]
SQL: SHOW COLUMNS FROM `think_user` [ RunTime:0.0030s ]
NOTIC: [8] Undefined index: validate F:\workspace\thinkcms\ThinkPHP\Library\Think\Model.class.php 第 1185 行.
SQL: SELECT * FROM `think_user` WHERE `username` = 'asfdsgvcxv' LIMIT 1   [ RunTime:0.0010s ]
SQL: SELECT * FROM `think_user` WHERE `useremail` = 'sdwef@dsf.com' LIMIT 1   [ RunTime:0.0000s ]
NOTIC: [8] Undefined index: auto F:\workspace\thinkcms\ThinkPHP\Library\Think\Model.class.php 第 1128 行.
NOTIC: [2] md5() expects at least 1 parameter, 0 given F:\workspace\thinkcms\ThinkPHP\Library\Think\Model.class.php 第 1154 行.
SQL: INSERT INTO `think_user` (`username`,`userpwd`,`useremail`,`regtime`) VALUES ('asfdsgvcxv','e10adc3949ba59abbe56e057f20f883e','sdwef@dsf.com','2017-01-01 03:20:44') [ RunTime:0.0470s ]

[ 2017-01-01T15:20:48+08:00 ] ::1 /thinkcms/admin.php/Index/getUserList
INFO: [ app_begin ] --START--
INFO: Run Behavior\ReadHtmlCacheBehavior [ RunTime:0.001000s ]
INFO: [ app_begin ] --END-- [ RunTime:0.002000s ]
SQL: SHOW COLUMNS FROM `think_user` [ RunTime:0.0040s ]
SQL: SELECT `id`,`username`,`useremail`,`regtime` FROM `think_user` LIMIT 0,10   [ RunTime:0.0010s ]
SQL: SELECT COUNT(*) AS tp_count FROM `think_user` LIMIT 1   [ RunTime:0.0000s ]

[ 2017-01-01T15:21:05+08:00 ] ::1 /thinkcms/admin.php/Register/registerUser
INFO: [ app_begin ] --START--
INFO: Run Behavior\ReadHtmlCacheBehavior [ RunTime:0.000000s ]
INFO: [ app_begin ] --END-- [ RunTime:0.001001s ]
SQL: SHOW COLUMNS FROM `think_user` [ RunTime:0.0030s ]
NOTIC: [8] Undefined index: validate F:\workspace\thinkcms\ThinkPHP\Library\Think\Model.class.php 第 1185 行.
SQL: SELECT * FROM `think_user` WHERE `username` = 'awrewfrs' LIMIT 1   [ RunTime:0.0010s ]
SQL: SELECT * FROM `think_user` WHERE `useremail` = 'arfws@dsfdv.fgv' LIMIT 1   [ RunTime:0.0000s ]
NOTIC: [8] Undefined index: auto F:\workspace\thinkcms\ThinkPHP\Library\Think\Model.class.php 第 1128 行.
NOTIC: [2] md5() expects at least 1 parameter, 0 given F:\workspace\thinkcms\ThinkPHP\Library\Think\Model.class.php 第 1154 行.
SQL: INSERT INTO `think_user` (`username`,`userpwd`,`useremail`,`regtime`) VALUES ('awrewfrs','e10adc3949ba59abbe56e057f20f883e','arfws@dsfdv.fgv','2017-01-01 03:21:05') [ RunTime:0.1260s ]

[ 2017-01-01T15:21:10+08:00 ] ::1 /thinkcms/admin.php/Index/getUserList
INFO: [ app_begin ] --START--
INFO: Run Behavior\ReadHtmlCacheBehavior [ RunTime:0.001000s ]
INFO: [ app_begin ] --END-- [ RunTime:0.002000s ]
SQL: SHOW COLUMNS FROM `think_user` [ RunTime:0.0030s ]
SQL: SELECT `id`,`username`,`useremail`,`regtime` FROM `think_user` LIMIT 0,10   [ RunTime:0.0010s ]
SQL: SELECT COUNT(*) AS tp_count FROM `think_user` LIMIT 1   [ RunTime:0.0000s ]

[ 2017-01-01T15:21:13+08:00 ] ::1 /thinkcms/admin.php/Index/getUserList
INFO: [ app_begin ] --START--
INFO: Run Behavior\ReadHtmlCacheBehavior [ RunTime:0.001000s ]
INFO: [ app_begin ] --END-- [ RunTime:0.002000s ]
SQL: SHOW COLUMNS FROM `think_user` [ RunTime:0.0030s ]
SQL: SELECT `id`,`username`,`useremail`,`regtime` FROM `think_user` LIMIT 10,10   [ RunTime:0.0010s ]
SQL: SELECT COUNT(*) AS tp_count FROM `think_user` LIMIT 1   [ RunTime:0.0000s ]

[ 2017-01-01T15:21:15+08:00 ] ::1 /thinkcms/admin.php/Index/getUserList
INFO: [ app_begin ] --START--
INFO: Run Behavior\ReadHtmlCacheBehavior [ RunTime:0.001000s ]
INFO: [ app_begin ] --END-- [ RunTime:0.001000s ]
SQL: SHOW COLUMNS FROM `think_user` [ RunTime:0.0030s ]
SQL: SELECT `id`,`username`,`useremail`,`regtime` FROM `think_user` LIMIT 0,10   [ RunTime:0.0010s ]
SQL: SELECT COUNT(*) AS tp_count FROM `think_user` LIMIT 1   [ RunTime:0.0000s ]

[ 2017-01-01T15:21:17+08:00 ] ::1 /thinkcms/admin.php/Index/getUserList
INFO: [ app_begin ] --START--
INFO: Run Behavior\ReadHtmlCacheBehavior [ RunTime:0.001000s ]
INFO: [ app_begin ] --END-- [ RunTime:0.002000s ]
SQL: SHOW COLUMNS FROM `think_user` [ RunTime:0.0030s ]
SQL: SELECT `id`,`username`,`useremail`,`regtime` FROM `think_user` LIMIT 10,10   [ RunTime:0.0010s ]
SQL: SELECT COUNT(*) AS tp_count FROM `think_user` LIMIT 1   [ RunTime:0.0000s ]

[ 2017-01-01T15:21:39+08:00 ] ::1 /thinkcms/admin.php/Index/getUserList
INFO: [ app_begin ] --START--
INFO: Run Behavior\ReadHtmlCacheBehavior [ RunTime:0.002000s ]
INFO: [ app_begin ] --END-- [ RunTime:0.003000s ]
SQL: SHOW COLUMNS FROM `think_user` [ RunTime:0.0040s ]
SQL: SELECT `id`,`username`,`useremail`,`regtime` FROM `think_user` LIMIT 0,10   [ RunTime:0.0010s ]
SQL: SELECT COUNT(*) AS tp_count FROM `think_user` LIMIT 1   [ RunTime:0.0010s ]

[ 2017-01-01T15:21:41+08:00 ] ::1 /thinkcms/admin.php/Index/getUserList
INFO: [ app_begin ] --START--
INFO: Run Behavior\ReadHtmlCacheBehavior [ RunTime:0.001000s ]
INFO: [ app_begin ] --END-- [ RunTime:0.002000s ]
SQL: SHOW COLUMNS FROM `think_user` [ RunTime:0.0030s ]
SQL: SELECT `id`,`username`,`useremail`,`regtime` FROM `think_user` LIMIT 10,10   [ RunTime:0.0000s ]
SQL: SELECT COUNT(*) AS tp_count FROM `think_user` LIMIT 1   [ RunTime:0.0000s ]

[ 2017-01-01T15:21:42+08:00 ] ::1 /thinkcms/admin.php/Index/getUserList
INFO: [ app_begin ] --START--
INFO: Run Behavior\ReadHtmlCacheBehavior [ RunTime:0.001000s ]
INFO: [ app_begin ] --END-- [ RunTime:0.001000s ]
SQL: SHOW COLUMNS FROM `think_user` [ RunTime:0.0020s ]
SQL: SELECT `id`,`username`,`useremail`,`regtime` FROM `think_user` LIMIT 0,10   [ RunTime:0.0000s ]
SQL: SELECT COUNT(*) AS tp_count FROM `think_user` LIMIT 1   [ RunTime:0.0010s ]

[ 2017-01-01T15:21:47+08:00 ] ::1 /thinkcms/admin.php/Index/getUserList
INFO: [ app_begin ] --START--
INFO: Run Behavior\ReadHtmlCacheBehavior [ RunTime:0.001000s ]
INFO: [ app_begin ] --END-- [ RunTime:0.002000s ]
SQL: SHOW COLUMNS FROM `think_user` [ RunTime:0.0020s ]
SQL: SELECT `id`,`username`,`useremail`,`regtime` FROM `think_user` LIMIT 0,10   [ RunTime:0.0000s ]
SQL: SELECT COUNT(*) AS tp_count FROM `think_user` LIMIT 1   [ RunTime:0.0000s ]

[ 2017-01-01T15:21:50+08:00 ] ::1 /thinkcms/admin.php/Index/getUserList
INFO: [ app_begin ] --START--
INFO: Run Behavior\ReadHtmlCacheBehavior [ RunTime:0.001000s ]
INFO: [ app_begin ] --END-- [ RunTime:0.002000s ]
SQL: SHOW COLUMNS FROM `think_user` [ RunTime:0.0040s ]
SQL: SELECT `id`,`username`,`useremail`,`regtime` FROM `think_user` LIMIT 0,10   [ RunTime:0.0010s ]
SQL: SELECT COUNT(*) AS tp_count FROM `think_user` LIMIT 1   [ RunTime:0.0000s ]

[ 2017-01-01T15:21:51+08:00 ] ::1 /thinkcms/admin.php/Index/getUserList
INFO: [ app_begin ] --START--
INFO: Run Behavior\ReadHtmlCacheBehavior [ RunTime:0.000000s ]
INFO: [ app_begin ] --END-- [ RunTime:0.001000s ]
SQL: SHOW COLUMNS FROM `think_user` [ RunTime:0.0030s ]
SQL: SELECT `id`,`username`,`useremail`,`regtime` FROM `think_user` LIMIT 10,10   [ RunTime:0.0000s ]
SQL: SELECT COUNT(*) AS tp_count FROM `think_user` LIMIT 1   [ RunTime:0.0010s ]

[ 2017-01-01T15:21:53+08:00 ] ::1 /thinkcms/admin.php/Index/getUserList
INFO: [ app_begin ] --START--
INFO: Run Behavior\ReadHtmlCacheBehavior [ RunTime:0.001000s ]
INFO: [ app_begin ] --END-- [ RunTime:0.002000s ]
SQL: SHOW COLUMNS FROM `think_user` [ RunTime:0.0020s ]
SQL: SELECT `id`,`username`,`useremail`,`regtime` FROM `think_user` LIMIT 0,10   [ RunTime:0.0000s ]
SQL: SELECT COUNT(*) AS tp_count FROM `think_user` LIMIT 1   [ RunTime:0.0010s ]

[ 2017-01-01T15:22:15+08:00 ] ::1 /thinkcms/admin.php/Index/getUserList
INFO: [ app_begin ] --START--
INFO: Run Behavior\ReadHtmlCacheBehavior [ RunTime:0.001000s ]
INFO: [ app_begin ] --END-- [ RunTime:0.002000s ]
SQL: SHOW COLUMNS FROM `think_user` [ RunTime:0.0030s ]
SQL: SELECT `id`,`username`,`useremail`,`regtime` FROM `think_user` LIMIT 0,3   [ RunTime:0.0010s ]
SQL: SELECT COUNT(*) AS tp_count FROM `think_user` LIMIT 1   [ RunTime:0.0000s ]

[ 2017-01-01T15:22:16+08:00 ] ::1 /thinkcms/admin.php/Index/getUserList
INFO: [ app_begin ] --START--
INFO: Run Behavior\ReadHtmlCacheBehavior [ RunTime:0.001000s ]
INFO: [ app_begin ] --END-- [ RunTime:0.002000s ]
SQL: SHOW COLUMNS FROM `think_user` [ RunTime:0.0040s ]
SQL: SELECT `id`,`username`,`useremail`,`regtime` FROM `think_user` LIMIT 3,3   [ RunTime:0.0010s ]
SQL: SELECT COUNT(*) AS tp_count FROM `think_user` LIMIT 1   [ RunTime:0.0010s ]

[ 2017-01-01T15:22:17+08:00 ] ::1 /thinkcms/admin.php/Index/getUserList
INFO: [ app_begin ] --START--
INFO: Run Behavior\ReadHtmlCacheBehavior [ RunTime:0.001000s ]
INFO: [ app_begin ] --END-- [ RunTime:0.002000s ]
SQL: SHOW COLUMNS FROM `think_user` [ RunTime:0.0030s ]
SQL: SELECT `id`,`username`,`useremail`,`regtime` FROM `think_user` LIMIT 6,3   [ RunTime:0.0010s ]
SQL: SELECT COUNT(*) AS tp_count FROM `think_user` LIMIT 1   [ RunTime:0.0000s ]

[ 2017-01-01T15:22:18+08:00 ] ::1 /thinkcms/admin.php/Index/getUserList
INFO: [ app_begin ] --START--
INFO: Run Behavior\ReadHtmlCacheBehavior [ RunTime:0.001000s ]
INFO: [ app_begin ] --END-- [ RunTime:0.002000s ]
SQL: SHOW COLUMNS FROM `think_user` [ RunTime:0.0030s ]
SQL: SELECT `id`,`username`,`useremail`,`regtime` FROM `think_user` LIMIT 9,3   [ RunTime:0.0000s ]
SQL: SELECT COUNT(*) AS tp_count FROM `think_user` LIMIT 1   [ RunTime:0.0010s ]

[ 2017-01-01T15:22:35+08:00 ] ::1 /thinkcms/admin.php/Register/registerUser
INFO: [ app_begin ] --START--
INFO: Run Behavior\ReadHtmlCacheBehavior [ RunTime:0.001001s ]
INFO: [ app_begin ] --END-- [ RunTime:0.002001s ]
SQL: SHOW COLUMNS FROM `think_user` [ RunTime:0.0020s ]
NOTIC: [8] Undefined index: validate F:\workspace\thinkcms\ThinkPHP\Library\Think\Model.class.php 第 1185 行.
SQL: SELECT * FROM `think_user` WHERE `username` = '45e45ret' LIMIT 1   [ RunTime:0.0000s ]
SQL: SELECT * FROM `think_user` WHERE `useremail` = 'sr@ds.gfh' LIMIT 1   [ RunTime:0.0010s ]
NOTIC: [8] Undefined index: auto F:\workspace\thinkcms\ThinkPHP\Library\Think\Model.class.php 第 1128 行.
NOTIC: [2] md5() expects at least 1 parameter, 0 given F:\workspace\thinkcms\ThinkPHP\Library\Think\Model.class.php 第 1154 行.
SQL: INSERT INTO `think_user` (`username`,`userpwd`,`useremail`,`regtime`) VALUES ('45e45ret','e10adc3949ba59abbe56e057f20f883e','sr@ds.gfh','2017-01-01 03:22:35') [ RunTime:0.0530s ]

[ 2017-01-01T15:31:28+08:00 ] ::1 /thinkcms/admin.php/Index/getUserList
INFO: [ app_begin ] --START--
INFO: Run Behavior\ReadHtmlCacheBehavior [ RunTime:0.001000s ]
INFO: [ app_begin ] --END-- [ RunTime:0.002000s ]
SQL: SHOW COLUMNS FROM `think_user` [ RunTime:0.0030s ]
SQL: SELECT `id`,`username`,`useremail`,`regtime` FROM `think_user` LIMIT 0,3   [ RunTime:0.0000s ]
SQL: SELECT COUNT(*) AS tp_count FROM `think_user` LIMIT 1   [ RunTime:0.0010s ]

[ 2017-01-01T15:31:29+08:00 ] ::1 /thinkcms/admin.php/Index/getUserList
INFO: [ app_begin ] --START--
INFO: Run Behavior\ReadHtmlCacheBehavior [ RunTime:0.001000s ]
INFO: [ app_begin ] --END-- [ RunTime:0.002000s ]
SQL: SHOW COLUMNS FROM `think_user` [ RunTime:0.0030s ]
SQL: SELECT `id`,`username`,`useremail`,`regtime` FROM `think_user` LIMIT 3,3   [ RunTime:0.0010s ]
SQL: SELECT COUNT(*) AS tp_count FROM `think_user` LIMIT 1   [ RunTime:0.0010s ]

[ 2017-01-01T15:31:30+08:00 ] ::1 /thinkcms/admin.php/Index/getUserList
INFO: [ app_begin ] --START--
INFO: Run Behavior\ReadHtmlCacheBehavior [ RunTime:0.001000s ]
INFO: [ app_begin ] --END-- [ RunTime:0.004000s ]
SQL: SHOW COLUMNS FROM `think_user` [ RunTime:0.0030s ]
SQL: SELECT `id`,`username`,`useremail`,`regtime` FROM `think_user` LIMIT 6,3   [ RunTime:0.0010s ]
SQL: SELECT COUNT(*) AS tp_count FROM `think_user` LIMIT 1   [ RunTime:0.0000s ]

[ 2017-01-01T15:31:30+08:00 ] ::1 /thinkcms/admin.php/Index/getUserList
INFO: [ app_begin ] --START--
INFO: Run Behavior\ReadHtmlCacheBehavior [ RunTime:0.000000s ]
INFO: [ app_begin ] --END-- [ RunTime:0.001000s ]
SQL: SHOW COLUMNS FROM `think_user` [ RunTime:0.0020s ]
SQL: SELECT `id`,`username`,`useremail`,`regtime` FROM `think_user` LIMIT 9,3   [ RunTime:0.0000s ]
SQL: SELECT COUNT(*) AS tp_count FROM `think_user` LIMIT 1   [ RunTime:0.0010s ]

[ 2017-01-01T15:31:35+08:00 ] ::1 /thinkcms/admin.php/Index/getUserList
INFO: [ app_begin ] --START--
INFO: Run Behavior\ReadHtmlCacheBehavior [ RunTime:0.002000s ]
INFO: [ app_begin ] --END-- [ RunTime:0.003001s ]
SQL: SHOW COLUMNS FROM `think_user` [ RunTime:0.0030s ]
SQL: SELECT `id`,`username`,`useremail`,`regtime` FROM `think_user` LIMIT 0,3   [ RunTime:0.0010s ]
SQL: SELECT COUNT(*) AS tp_count FROM `think_user` LIMIT 1   [ RunTime:0.0000s ]

[ 2017-01-01T15:31:37+08:00 ] ::1 /thinkcms/admin.php/Index/getUserList
INFO: [ app_begin ] --START--
INFO: Run Behavior\ReadHtmlCacheBehavior [ RunTime:0.001000s ]
INFO: [ app_begin ] --END-- [ RunTime:0.002000s ]
SQL: SHOW COLUMNS FROM `think_user` [ RunTime:0.0880s ]
SQL: SELECT `id`,`username`,`useremail`,`regtime` FROM `think_user` LIMIT 3,3   [ RunTime:0.0010s ]
SQL: SELECT COUNT(*) AS tp_count FROM `think_user` LIMIT 1   [ RunTime:0.0010s ]

[ 2017-01-01T15:31:37+08:00 ] ::1 /thinkcms/admin.php/Index/getUserList
INFO: [ app_begin ] --START--
INFO: Run Behavior\ReadHtmlCacheBehavior [ RunTime:0.001000s ]
INFO: [ app_begin ] --END-- [ RunTime:0.001000s ]
SQL: SHOW COLUMNS FROM `think_user` [ RunTime:0.0040s ]
SQL: SELECT `id`,`username`,`useremail`,`regtime` FROM `think_user` LIMIT 6,3   [ RunTime:0.0000s ]
SQL: SELECT COUNT(*) AS tp_count FROM `think_user` LIMIT 1   [ RunTime:0.0000s ]

[ 2017-01-01T15:31:38+08:00 ] ::1 /thinkcms/admin.php/Index/getUserList
INFO: [ app_begin ] --START--
INFO: Run Behavior\ReadHtmlCacheBehavior [ RunTime:0.001000s ]
INFO: [ app_begin ] --END-- [ RunTime:0.002000s ]
SQL: SHOW COLUMNS FROM `think_user` [ RunTime:0.0030s ]
SQL: SELECT `id`,`username`,`useremail`,`regtime` FROM `think_user` LIMIT 9,3   [ RunTime:0.0010s ]
SQL: SELECT COUNT(*) AS tp_count FROM `think_user` LIMIT 1   [ RunTime:0.0000s ]

[ 2017-01-01T15:31:40+08:00 ] ::1 /thinkcms/admin.php/Index/getUserList
INFO: [ app_begin ] --START--
INFO: Run Behavior\ReadHtmlCacheBehavior [ RunTime:0.000000s ]
INFO: [ app_begin ] --END-- [ RunTime:0.001000s ]
SQL: SHOW COLUMNS FROM `think_user` [ RunTime:0.0030s ]
SQL: SELECT `id`,`username`,`useremail`,`regtime` FROM `think_user` LIMIT 6,3   [ RunTime:0.0000s ]
SQL: SELECT COUNT(*) AS tp_count FROM `think_user` LIMIT 1   [ RunTime:0.0000s ]

[ 2017-01-01T15:31:42+08:00 ] ::1 /thinkcms/admin.php/Index/getUserList
INFO: [ app_begin ] --START--
INFO: Run Behavior\ReadHtmlCacheBehavior [ RunTime:0.001000s ]
INFO: [ app_begin ] --END-- [ RunTime:0.002000s ]
SQL: SHOW COLUMNS FROM `think_user` [ RunTime:0.0030s ]
SQL: SELECT `id`,`username`,`useremail`,`regtime` FROM `think_user` LIMIT 9,3   [ RunTime:0.0010s ]
SQL: SELECT COUNT(*) AS tp_count FROM `think_user` LIMIT 1   [ RunTime:0.0000s ]

[ 2017-01-01T15:31:43+08:00 ] ::1 /thinkcms/admin.php/Index/getUserList
INFO: [ app_begin ] --START--
INFO: Run Behavior\ReadHtmlCacheBehavior [ RunTime:0.001000s ]
INFO: [ app_begin ] --END-- [ RunTime:0.001000s ]
SQL: SHOW COLUMNS FROM `think_user` [ RunTime:0.0040s ]
SQL: SELECT `id`,`username`,`useremail`,`regtime` FROM `think_user` LIMIT 6,3   [ RunTime:0.0010s ]
SQL: SELECT COUNT(*) AS tp_count FROM `think_user` LIMIT 1   [ RunTime:0.0010s ]

[ 2017-01-01T15:31:43+08:00 ] ::1 /thinkcms/admin.php/Index/getUserList
INFO: [ app_begin ] --START--
INFO: Run Behavior\ReadHtmlCacheBehavior [ RunTime:0.001000s ]
INFO: [ app_begin ] --END-- [ RunTime:0.002000s ]
SQL: SHOW COLUMNS FROM `think_user` [ RunTime:0.0030s ]
SQL: SELECT `id`,`username`,`useremail`,`regtime` FROM `think_user` LIMIT 3,3   [ RunTime:0.0010s ]
SQL: SELECT COUNT(*) AS tp_count FROM `think_user` LIMIT 1   [ RunTime:0.0000s ]

[ 2017-01-01T15:31:44+08:00 ] ::1 /thinkcms/admin.php/Index/getUserList
INFO: [ app_begin ] --START--
INFO: Run Behavior\ReadHtmlCacheBehavior [ RunTime:0.001000s ]
INFO: [ app_begin ] --END-- [ RunTime:0.002000s ]
SQL: SHOW COLUMNS FROM `think_user` [ RunTime:0.0040s ]
SQL: SELECT `id`,`username`,`useremail`,`regtime` FROM `think_user` LIMIT 0,3   [ RunTime:0.0010s ]
SQL: SELECT COUNT(*) AS tp_count FROM `think_user` LIMIT 1   [ RunTime:0.0000s ]

[ 2017-01-01T15:31:45+08:00 ] ::1 /thinkcms/admin.php/Index/getUserList
INFO: [ app_begin ] --START--
INFO: Run Behavior\ReadHtmlCacheBehavior [ RunTime:0.001000s ]
INFO: [ app_begin ] --END-- [ RunTime:0.002000s ]
SQL: SHOW COLUMNS FROM `think_user` [ RunTime:0.0020s ]
SQL: SELECT `id`,`username`,`useremail`,`regtime` FROM `think_user` LIMIT 6,3   [ RunTime:0.0000s ]
SQL: SELECT COUNT(*) AS tp_count FROM `think_user` LIMIT 1   [ RunTime:0.0010s ]

[ 2017-01-01T15:31:46+08:00 ] ::1 /thinkcms/admin.php/Index/getUserList
INFO: [ app_begin ] --START--
INFO: Run Behavior\ReadHtmlCacheBehavior [ RunTime:0.000000s ]
INFO: [ app_begin ] --END-- [ RunTime:0.002000s ]
SQL: SHOW COLUMNS FROM `think_user` [ RunTime:0.0030s ]
SQL: SELECT `id`,`username`,`useremail`,`regtime` FROM `think_user` LIMIT 9,3   [ RunTime:0.0000s ]
SQL: SELECT COUNT(*) AS tp_count FROM `think_user` LIMIT 1   [ RunTime:0.0000s ]

